INFO - 2024-06-10 03:54:26 --> Session: Class initialized using 'CodeIgniter\Session\Handlers\FileHandler' driver.
INFO - 2024-06-10 03:54:26 --> Session: Class initialized using 'CodeIgniter\Session\Handlers\FileHandler' driver.
INFO - 2024-06-10 08:06:54 --> Session: Class initialized using 'CodeIgniter\Session\Handlers\FileHandler' driver.
INFO - 2024-06-10 08:41:47 --> Session: Class initialized using 'CodeIgniter\Session\Handlers\FileHandler' driver.
INFO - 2024-06-10 10:49:00 --> Session: Class initialized using 'CodeIgniter\Session\Handlers\FileHandler' driver.
INFO - 2024-06-10 10:49:07 --> Session: Class initialized using 'CodeIgniter\Session\Handlers\FileHandler' driver.
INFO - 2024-06-10 10:49:08 --> Session: Class initialized using 'CodeIgniter\Session\Handlers\FileHandler' driver.
WARNING - 2024-06-10 10:49:08 --> [DEPRECATED] number_format(): Passing null to parameter #1 ($num) of type float is deprecated in ROOTPATH/modul/Dashboard/Controllers/Dashboard.php on line 43.
 1 ROOTPATH/modul/Dashboard/Controllers/Dashboard.php(43): number_format(null)
 2 SYSTEMPATH/CodeIgniter.php(919): Modul\Dashboard\Controllers\Dashboard->index()
 3 SYSTEMPATH/CodeIgniter.php(494): CodeIgniter\CodeIgniter->runController(Object(Modul\Dashboard\Controllers\Dashboard))
 4 SYSTEMPATH/CodeIgniter.php(353): CodeIgniter\CodeIgniter->handleRequest(null, Object(Config\Cache), false)
 5 FCPATH/index.php(79): CodeIgniter\CodeIgniter->run()
WARNING - 2024-06-10 10:49:08 --> [DEPRECATED] number_format(): Passing null to parameter #1 ($num) of type float is deprecated in ROOTPATH/modul/Dashboard/Controllers/Dashboard.php on line 48.
 1 ROOTPATH/modul/Dashboard/Controllers/Dashboard.php(48): number_format(null)
 2 SYSTEMPATH/CodeIgniter.php(919): Modul\Dashboard\Controllers\Dashboard->index()
 3 SYSTEMPATH/CodeIgniter.php(494): CodeIgniter\CodeIgniter->runController(Object(Modul\Dashboard\Controllers\Dashboard))
 4 SYSTEMPATH/CodeIgniter.php(353): CodeIgniter\CodeIgniter->handleRequest(null, Object(Config\Cache), false)
 5 FCPATH/index.php(79): CodeIgniter\CodeIgniter->run()
INFO - 2024-06-10 10:49:13 --> Session: Class initialized using 'CodeIgniter\Session\Handlers\FileHandler' driver.
INFO - 2024-06-10 10:50:04 --> Session: Class initialized using 'CodeIgniter\Session\Handlers\FileHandler' driver.
INFO - 2024-06-10 10:50:06 --> Session: Class initialized using 'CodeIgniter\Session\Handlers\FileHandler' driver.
WARNING - 2024-06-10 10:50:06 --> [DEPRECATED] number_format(): Passing null to parameter #1 ($num) of type float is deprecated in ROOTPATH/modul/Kasir/Views/viewStruk.php on line 93.
 1 ROOTPATH/modul/Kasir/Views/viewStruk.php(93): number_format(null)
 2 SYSTEMPATH/View/View.php(226): include('/home/minagroup/food.tukir.biz.id/modul/Kasir/Views/viewStruk.php')
 3 SYSTEMPATH/View/View.php(229): CodeIgniter\View\View->CodeIgniter\View\{closure}()
 4 SYSTEMPATH/Common.php(1188): CodeIgniter\View\View->render('Modul\\Kasir\\Views\\viewStruk', [], true)
 5 ROOTPATH/modul/Kasir/Controllers/Kasir.php(557): view('Modul\\Kasir\\Views\\viewStruk', [...])
 6 SYSTEMPATH/CodeIgniter.php(919): Modul\Kasir\Controllers\Kasir->struk('511')
 7 SYSTEMPATH/CodeIgniter.php(494): CodeIgniter\CodeIgniter->runController(Object(Modul\Kasir\Controllers\Kasir))
 8 SYSTEMPATH/CodeIgniter.php(353): CodeIgniter\CodeIgniter->handleRequest(null, Object(Config\Cache), false)
 9 FCPATH/index.php(79): CodeIgniter\CodeIgniter->run()
INFO - 2024-06-10 11:14:31 --> Session: Class initialized using 'CodeIgniter\Session\Handlers\FileHandler' driver.
INFO - 2024-06-10 11:23:51 --> Session: Class initialized using 'CodeIgniter\Session\Handlers\FileHandler' driver.
INFO - 2024-06-10 11:23:51 --> Session: Class initialized using 'CodeIgniter\Session\Handlers\FileHandler' driver.
INFO - 2024-06-10 11:24:00 --> Session: Class initialized using 'CodeIgniter\Session\Handlers\FileHandler' driver.
INFO - 2024-06-10 11:24:02 --> Session: Class initialized using 'CodeIgniter\Session\Handlers\FileHandler' driver.
INFO - 2024-06-10 11:24:10 --> Session: Class initialized using 'CodeIgniter\Session\Handlers\FileHandler' driver.
INFO - 2024-06-10 11:24:10 --> Session: Class initialized using 'CodeIgniter\Session\Handlers\FileHandler' driver.
WARNING - 2024-06-10 11:24:11 --> [DEPRECATED] number_format(): Passing null to parameter #1 ($num) of type float is deprecated in ROOTPATH/modul/Dashboard/Controllers/Dashboard.php on line 43.
 1 ROOTPATH/modul/Dashboard/Controllers/Dashboard.php(43): number_format(null)
 2 SYSTEMPATH/CodeIgniter.php(919): Modul\Dashboard\Controllers\Dashboard->index()
 3 SYSTEMPATH/CodeIgniter.php(494): CodeIgniter\CodeIgniter->runController(Object(Modul\Dashboard\Controllers\Dashboard))
 4 SYSTEMPATH/CodeIgniter.php(353): CodeIgniter\CodeIgniter->handleRequest(null, Object(Config\Cache), false)
 5 FCPATH/index.php(79): CodeIgniter\CodeIgniter->run()
WARNING - 2024-06-10 11:24:11 --> [DEPRECATED] number_format(): Passing null to parameter #1 ($num) of type float is deprecated in ROOTPATH/modul/Dashboard/Controllers/Dashboard.php on line 48.
 1 ROOTPATH/modul/Dashboard/Controllers/Dashboard.php(48): number_format(null)
 2 SYSTEMPATH/CodeIgniter.php(919): Modul\Dashboard\Controllers\Dashboard->index()
 3 SYSTEMPATH/CodeIgniter.php(494): CodeIgniter\CodeIgniter->runController(Object(Modul\Dashboard\Controllers\Dashboard))
 4 SYSTEMPATH/CodeIgniter.php(353): CodeIgniter\CodeIgniter->handleRequest(null, Object(Config\Cache), false)
 5 FCPATH/index.php(79): CodeIgniter\CodeIgniter->run()
INFO - 2024-06-10 11:30:51 --> Session: Class initialized using 'CodeIgniter\Session\Handlers\FileHandler' driver.
INFO - 2024-06-10 11:30:52 --> Session: Class initialized using 'CodeIgniter\Session\Handlers\FileHandler' driver.
INFO - 2024-06-10 11:30:54 --> Session: Class initialized using 'CodeIgniter\Session\Handlers\FileHandler' driver.
INFO - 2024-06-10 11:30:55 --> Session: Class initialized using 'CodeIgniter\Session\Handlers\FileHandler' driver.
INFO - 2024-06-10 11:30:59 --> Session: Class initialized using 'CodeIgniter\Session\Handlers\FileHandler' driver.
INFO - 2024-06-10 11:31:06 --> Session: Class initialized using 'CodeIgniter\Session\Handlers\FileHandler' driver.
WARNING - 2024-06-10 11:31:06 --> [DEPRECATED] number_format(): Passing null to parameter #1 ($num) of type float is deprecated in ROOTPATH/modul/Dashboard/Controllers/Dashboard.php on line 43.
 1 ROOTPATH/modul/Dashboard/Controllers/Dashboard.php(43): number_format(null)
 2 SYSTEMPATH/CodeIgniter.php(919): Modul\Dashboard\Controllers\Dashboard->index()
 3 SYSTEMPATH/CodeIgniter.php(494): CodeIgniter\CodeIgniter->runController(Object(Modul\Dashboard\Controllers\Dashboard))
 4 SYSTEMPATH/CodeIgniter.php(353): CodeIgniter\CodeIgniter->handleRequest(null, Object(Config\Cache), false)
 5 FCPATH/index.php(79): CodeIgniter\CodeIgniter->run()
WARNING - 2024-06-10 11:31:06 --> [DEPRECATED] number_format(): Passing null to parameter #1 ($num) of type float is deprecated in ROOTPATH/modul/Dashboard/Controllers/Dashboard.php on line 48.
 1 ROOTPATH/modul/Dashboard/Controllers/Dashboard.php(48): number_format(null)
 2 SYSTEMPATH/CodeIgniter.php(919): Modul\Dashboard\Controllers\Dashboard->index()
 3 SYSTEMPATH/CodeIgniter.php(494): CodeIgniter\CodeIgniter->runController(Object(Modul\Dashboard\Controllers\Dashboard))
 4 SYSTEMPATH/CodeIgniter.php(353): CodeIgniter\CodeIgniter->handleRequest(null, Object(Config\Cache), false)
 5 FCPATH/index.php(79): CodeIgniter\CodeIgniter->run()
INFO - 2024-06-10 11:34:42 --> Session: Class initialized using 'CodeIgniter\Session\Handlers\FileHandler' driver.
INFO - 2024-06-10 11:35:40 --> Session: Class initialized using 'CodeIgniter\Session\Handlers\FileHandler' driver.
WARNING - 2024-06-10 11:35:40 --> [DEPRECATED] number_format(): Passing null to parameter #1 ($num) of type float is deprecated in ROOTPATH/modul/Dashboard/Controllers/Dashboard.php on line 43.
 1 ROOTPATH/modul/Dashboard/Controllers/Dashboard.php(43): number_format(null)
 2 SYSTEMPATH/CodeIgniter.php(919): Modul\Dashboard\Controllers\Dashboard->index()
 3 SYSTEMPATH/CodeIgniter.php(494): CodeIgniter\CodeIgniter->runController(Object(Modul\Dashboard\Controllers\Dashboard))
 4 SYSTEMPATH/CodeIgniter.php(353): CodeIgniter\CodeIgniter->handleRequest(null, Object(Config\Cache), false)
 5 FCPATH/index.php(79): CodeIgniter\CodeIgniter->run()
WARNING - 2024-06-10 11:35:40 --> [DEPRECATED] number_format(): Passing null to parameter #1 ($num) of type float is deprecated in ROOTPATH/modul/Dashboard/Controllers/Dashboard.php on line 48.
 1 ROOTPATH/modul/Dashboard/Controllers/Dashboard.php(48): number_format(null)
 2 SYSTEMPATH/CodeIgniter.php(919): Modul\Dashboard\Controllers\Dashboard->index()
 3 SYSTEMPATH/CodeIgniter.php(494): CodeIgniter\CodeIgniter->runController(Object(Modul\Dashboard\Controllers\Dashboard))
 4 SYSTEMPATH/CodeIgniter.php(353): CodeIgniter\CodeIgniter->handleRequest(null, Object(Config\Cache), false)
 5 FCPATH/index.php(79): CodeIgniter\CodeIgniter->run()
INFO - 2024-06-10 13:13:43 --> Session: Class initialized using 'CodeIgniter\Session\Handlers\FileHandler' driver.
INFO - 2024-06-10 13:13:44 --> Session: Class initialized using 'CodeIgniter\Session\Handlers\FileHandler' driver.
INFO - 2024-06-10 13:40:28 --> Session: Class initialized using 'CodeIgniter\Session\Handlers\FileHandler' driver.
INFO - 2024-06-10 13:43:01 --> Session: Class initialized using 'CodeIgniter\Session\Handlers\FileHandler' driver.
INFO - 2024-06-10 13:59:46 --> Session: Class initialized using 'CodeIgniter\Session\Handlers\FileHandler' driver.
INFO - 2024-06-10 14:01:20 --> Session: Class initialized using 'CodeIgniter\Session\Handlers\FileHandler' driver.
CRITICAL - 2024-06-10 14:01:20 --> Attempt to read property "server_key" on null
in ROOTPATH/modul/Kasir/Controllers/Kasir.php on line 36.
 1 ROOTPATH/modul/Kasir/Controllers/Kasir.php(36): CodeIgniter\Debug\Exceptions->errorHandler(2, 'Attempt to read property "server_key" on null', '/home/minagroup/food.tukir.biz.id/modul/Kasir/Controllers/Kasir.php', 36)
 2 SYSTEMPATH/CodeIgniter.php(891): Modul\Kasir\Controllers\Kasir->__construct()
 3 SYSTEMPATH/CodeIgniter.php(485): CodeIgniter\CodeIgniter->createController()
 4 SYSTEMPATH/CodeIgniter.php(353): CodeIgniter\CodeIgniter->handleRequest(null, Object(Config\Cache), false)
 5 FCPATH/index.php(79): CodeIgniter\CodeIgniter->run()
INFO - 2024-06-10 14:08:12 --> Session: Class initialized using 'CodeIgniter\Session\Handlers\FileHandler' driver.
INFO - 2024-06-10 14:08:12 --> Session: Class initialized using 'CodeIgniter\Session\Handlers\FileHandler' driver.
INFO - 2024-06-10 14:10:44 --> Session: Class initialized using 'CodeIgniter\Session\Handlers\FileHandler' driver.
INFO - 2024-06-10 14:14:22 --> Session: Class initialized using 'CodeIgniter\Session\Handlers\FileHandler' driver.
INFO - 2024-06-10 14:14:25 --> Session: Class initialized using 'CodeIgniter\Session\Handlers\FileHandler' driver.
INFO - 2024-06-10 14:18:43 --> Session: Class initialized using 'CodeIgniter\Session\Handlers\FileHandler' driver.
INFO - 2024-06-10 14:18:54 --> Session: Class initialized using 'CodeIgniter\Session\Handlers\FileHandler' driver.
INFO - 2024-06-10 14:18:54 --> Session: Class initialized using 'CodeIgniter\Session\Handlers\FileHandler' driver.
WARNING - 2024-06-10 14:18:54 --> [DEPRECATED] number_format(): Passing null to parameter #1 ($num) of type float is deprecated in ROOTPATH/modul/Dashboard/Controllers/Dashboard.php on line 43.
 1 ROOTPATH/modul/Dashboard/Controllers/Dashboard.php(43): number_format(null)
 2 SYSTEMPATH/CodeIgniter.php(919): Modul\Dashboard\Controllers\Dashboard->index()
 3 SYSTEMPATH/CodeIgniter.php(494): CodeIgniter\CodeIgniter->runController(Object(Modul\Dashboard\Controllers\Dashboard))
 4 SYSTEMPATH/CodeIgniter.php(353): CodeIgniter\CodeIgniter->handleRequest(null, Object(Config\Cache), false)
 5 FCPATH/index.php(79): CodeIgniter\CodeIgniter->run()
WARNING - 2024-06-10 14:18:54 --> [DEPRECATED] number_format(): Passing null to parameter #1 ($num) of type float is deprecated in ROOTPATH/modul/Dashboard/Controllers/Dashboard.php on line 48.
 1 ROOTPATH/modul/Dashboard/Controllers/Dashboard.php(48): number_format(null)
 2 SYSTEMPATH/CodeIgniter.php(919): Modul\Dashboard\Controllers\Dashboard->index()
 3 SYSTEMPATH/CodeIgniter.php(494): CodeIgniter\CodeIgniter->runController(Object(Modul\Dashboard\Controllers\Dashboard))
 4 SYSTEMPATH/CodeIgniter.php(353): CodeIgniter\CodeIgniter->handleRequest(null, Object(Config\Cache), false)
 5 FCPATH/index.php(79): CodeIgniter\CodeIgniter->run()
INFO - 2024-06-10 14:19:12 --> Session: Class initialized using 'CodeIgniter\Session\Handlers\FileHandler' driver.
INFO - 2024-06-10 14:19:14 --> Session: Class initialized using 'CodeIgniter\Session\Handlers\FileHandler' driver.
WARNING - 2024-06-10 14:19:14 --> [DEPRECATED] number_format(): Passing null to parameter #1 ($num) of type float is deprecated in ROOTPATH/modul/Dashboard/Controllers/Dashboard.php on line 43.
 1 ROOTPATH/modul/Dashboard/Controllers/Dashboard.php(43): number_format(null)
 2 SYSTEMPATH/CodeIgniter.php(919): Modul\Dashboard\Controllers\Dashboard->index()
 3 SYSTEMPATH/CodeIgniter.php(494): CodeIgniter\CodeIgniter->runController(Object(Modul\Dashboard\Controllers\Dashboard))
 4 SYSTEMPATH/CodeIgniter.php(353): CodeIgniter\CodeIgniter->handleRequest(null, Object(Config\Cache), false)
 5 FCPATH/index.php(79): CodeIgniter\CodeIgniter->run()
WARNING - 2024-06-10 14:19:14 --> [DEPRECATED] number_format(): Passing null to parameter #1 ($num) of type float is deprecated in ROOTPATH/modul/Dashboard/Controllers/Dashboard.php on line 48.
 1 ROOTPATH/modul/Dashboard/Controllers/Dashboard.php(48): number_format(null)
 2 SYSTEMPATH/CodeIgniter.php(919): Modul\Dashboard\Controllers\Dashboard->index()
 3 SYSTEMPATH/CodeIgniter.php(494): CodeIgniter\CodeIgniter->runController(Object(Modul\Dashboard\Controllers\Dashboard))
 4 SYSTEMPATH/CodeIgniter.php(353): CodeIgniter\CodeIgniter->handleRequest(null, Object(Config\Cache), false)
 5 FCPATH/index.php(79): CodeIgniter\CodeIgniter->run()
INFO - 2024-06-10 14:19:15 --> Session: Class initialized using 'CodeIgniter\Session\Handlers\FileHandler' driver.
INFO - 2024-06-10 14:19:15 --> Session: Class initialized using 'CodeIgniter\Session\Handlers\FileHandler' driver.
WARNING - 2024-06-10 14:19:15 --> [DEPRECATED] number_format(): Passing null to parameter #1 ($num) of type float is deprecated in ROOTPATH/modul/Dashboard/Controllers/Dashboard.php on line 43.
 1 ROOTPATH/modul/Dashboard/Controllers/Dashboard.php(43): number_format(null)
 2 SYSTEMPATH/CodeIgniter.php(919): Modul\Dashboard\Controllers\Dashboard->index()
 3 SYSTEMPATH/CodeIgniter.php(494): CodeIgniter\CodeIgniter->runController(Object(Modul\Dashboard\Controllers\Dashboard))
 4 SYSTEMPATH/CodeIgniter.php(353): CodeIgniter\CodeIgniter->handleRequest(null, Object(Config\Cache), false)
 5 FCPATH/index.php(79): CodeIgniter\CodeIgniter->run()
WARNING - 2024-06-10 14:19:15 --> [DEPRECATED] number_format(): Passing null to parameter #1 ($num) of type float is deprecated in ROOTPATH/modul/Dashboard/Controllers/Dashboard.php on line 48.
 1 ROOTPATH/modul/Dashboard/Controllers/Dashboard.php(48): number_format(null)
 2 SYSTEMPATH/CodeIgniter.php(919): Modul\Dashboard\Controllers\Dashboard->index()
 3 SYSTEMPATH/CodeIgniter.php(494): CodeIgniter\CodeIgniter->runController(Object(Modul\Dashboard\Controllers\Dashboard))
 4 SYSTEMPATH/CodeIgniter.php(353): CodeIgniter\CodeIgniter->handleRequest(null, Object(Config\Cache), false)
 5 FCPATH/index.php(79): CodeIgniter\CodeIgniter->run()
INFO - 2024-06-10 14:41:01 --> Session: Class initialized using 'CodeIgniter\Session\Handlers\FileHandler' driver.
INFO - 2024-06-10 14:41:01 --> Session: Class initialized using 'CodeIgniter\Session\Handlers\FileHandler' driver.
WARNING - 2024-06-10 14:41:01 --> [DEPRECATED] number_format(): Passing null to parameter #1 ($num) of type float is deprecated in ROOTPATH/modul/Dashboard/Controllers/Dashboard.php on line 43.
 1 ROOTPATH/modul/Dashboard/Controllers/Dashboard.php(43): number_format(null)
 2 SYSTEMPATH/CodeIgniter.php(919): Modul\Dashboard\Controllers\Dashboard->index()
 3 SYSTEMPATH/CodeIgniter.php(494): CodeIgniter\CodeIgniter->runController(Object(Modul\Dashboard\Controllers\Dashboard))
 4 SYSTEMPATH/CodeIgniter.php(353): CodeIgniter\CodeIgniter->handleRequest(null, Object(Config\Cache), false)
 5 FCPATH/index.php(79): CodeIgniter\CodeIgniter->run()
WARNING - 2024-06-10 14:41:01 --> [DEPRECATED] number_format(): Passing null to parameter #1 ($num) of type float is deprecated in ROOTPATH/modul/Dashboard/Controllers/Dashboard.php on line 48.
 1 ROOTPATH/modul/Dashboard/Controllers/Dashboard.php(48): number_format(null)
 2 SYSTEMPATH/CodeIgniter.php(919): Modul\Dashboard\Controllers\Dashboard->index()
 3 SYSTEMPATH/CodeIgniter.php(494): CodeIgniter\CodeIgniter->runController(Object(Modul\Dashboard\Controllers\Dashboard))
 4 SYSTEMPATH/CodeIgniter.php(353): CodeIgniter\CodeIgniter->handleRequest(null, Object(Config\Cache), false)
 5 FCPATH/index.php(79): CodeIgniter\CodeIgniter->run()
INFO - 2024-06-10 14:41:48 --> Session: Class initialized using 'CodeIgniter\Session\Handlers\FileHandler' driver.
INFO - 2024-06-10 14:41:49 --> Session: Class initialized using 'CodeIgniter\Session\Handlers\FileHandler' driver.
INFO - 2024-06-10 14:44:05 --> Session: Class initialized using 'CodeIgniter\Session\Handlers\FileHandler' driver.
WARNING - 2024-06-10 14:44:05 --> [DEPRECATED] number_format(): Passing null to parameter #1 ($num) of type float is deprecated in ROOTPATH/modul/Dashboard/Controllers/Dashboard.php on line 43.
 1 ROOTPATH/modul/Dashboard/Controllers/Dashboard.php(43): number_format(null)
 2 SYSTEMPATH/CodeIgniter.php(919): Modul\Dashboard\Controllers\Dashboard->index()
 3 SYSTEMPATH/CodeIgniter.php(494): CodeIgniter\CodeIgniter->runController(Object(Modul\Dashboard\Controllers\Dashboard))
 4 SYSTEMPATH/CodeIgniter.php(353): CodeIgniter\CodeIgniter->handleRequest(null, Object(Config\Cache), false)
 5 FCPATH/index.php(79): CodeIgniter\CodeIgniter->run()
WARNING - 2024-06-10 14:44:05 --> [DEPRECATED] number_format(): Passing null to parameter #1 ($num) of type float is deprecated in ROOTPATH/modul/Dashboard/Controllers/Dashboard.php on line 48.
 1 ROOTPATH/modul/Dashboard/Controllers/Dashboard.php(48): number_format(null)
 2 SYSTEMPATH/CodeIgniter.php(919): Modul\Dashboard\Controllers\Dashboard->index()
 3 SYSTEMPATH/CodeIgniter.php(494): CodeIgniter\CodeIgniter->runController(Object(Modul\Dashboard\Controllers\Dashboard))
 4 SYSTEMPATH/CodeIgniter.php(353): CodeIgniter\CodeIgniter->handleRequest(null, Object(Config\Cache), false)
 5 FCPATH/index.php(79): CodeIgniter\CodeIgniter->run()
INFO - 2024-06-10 14:45:44 --> Session: Class initialized using 'CodeIgniter\Session\Handlers\FileHandler' driver.
INFO - 2024-06-10 14:45:44 --> Session: Class initialized using 'CodeIgniter\Session\Handlers\FileHandler' driver.
WARNING - 2024-06-10 14:45:44 --> [DEPRECATED] number_format(): Passing null to parameter #1 ($num) of type float is deprecated in ROOTPATH/modul/Dashboard/Controllers/Dashboard.php on line 43.
 1 ROOTPATH/modul/Dashboard/Controllers/Dashboard.php(43): number_format(null)
 2 SYSTEMPATH/CodeIgniter.php(919): Modul\Dashboard\Controllers\Dashboard->index()
 3 SYSTEMPATH/CodeIgniter.php(494): CodeIgniter\CodeIgniter->runController(Object(Modul\Dashboard\Controllers\Dashboard))
 4 SYSTEMPATH/CodeIgniter.php(353): CodeIgniter\CodeIgniter->handleRequest(null, Object(Config\Cache), false)
 5 FCPATH/index.php(79): CodeIgniter\CodeIgniter->run()
WARNING - 2024-06-10 14:45:44 --> [DEPRECATED] number_format(): Passing null to parameter #1 ($num) of type float is deprecated in ROOTPATH/modul/Dashboard/Controllers/Dashboard.php on line 48.
 1 ROOTPATH/modul/Dashboard/Controllers/Dashboard.php(48): number_format(null)
 2 SYSTEMPATH/CodeIgniter.php(919): Modul\Dashboard\Controllers\Dashboard->index()
 3 SYSTEMPATH/CodeIgniter.php(494): CodeIgniter\CodeIgniter->runController(Object(Modul\Dashboard\Controllers\Dashboard))
 4 SYSTEMPATH/CodeIgniter.php(353): CodeIgniter\CodeIgniter->handleRequest(null, Object(Config\Cache), false)
 5 FCPATH/index.php(79): CodeIgniter\CodeIgniter->run()
INFO - 2024-06-10 14:46:04 --> Session: Class initialized using 'CodeIgniter\Session\Handlers\FileHandler' driver.
INFO - 2024-06-10 14:46:04 --> Session: Class initialized using 'CodeIgniter\Session\Handlers\FileHandler' driver.
INFO - 2024-06-10 14:52:39 --> Session: Class initialized using 'CodeIgniter\Session\Handlers\FileHandler' driver.
INFO - 2024-06-10 15:06:32 --> Session: Class initialized using 'CodeIgniter\Session\Handlers\FileHandler' driver.
INFO - 2024-06-10 15:06:32 --> Session: Class initialized using 'CodeIgniter\Session\Handlers\FileHandler' driver.
WARNING - 2024-06-10 15:06:32 --> [DEPRECATED] number_format(): Passing null to parameter #1 ($num) of type float is deprecated in ROOTPATH/modul/Dashboard/Controllers/Dashboard.php on line 43.
 1 ROOTPATH/modul/Dashboard/Controllers/Dashboard.php(43): number_format(null)
 2 SYSTEMPATH/CodeIgniter.php(919): Modul\Dashboard\Controllers\Dashboard->index()
 3 SYSTEMPATH/CodeIgniter.php(494): CodeIgniter\CodeIgniter->runController(Object(Modul\Dashboard\Controllers\Dashboard))
 4 SYSTEMPATH/CodeIgniter.php(353): CodeIgniter\CodeIgniter->handleRequest(null, Object(Config\Cache), false)
 5 FCPATH/index.php(79): CodeIgniter\CodeIgniter->run()
WARNING - 2024-06-10 15:06:32 --> [DEPRECATED] number_format(): Passing null to parameter #1 ($num) of type float is deprecated in ROOTPATH/modul/Dashboard/Controllers/Dashboard.php on line 48.
 1 ROOTPATH/modul/Dashboard/Controllers/Dashboard.php(48): number_format(null)
 2 SYSTEMPATH/CodeIgniter.php(919): Modul\Dashboard\Controllers\Dashboard->index()
 3 SYSTEMPATH/CodeIgniter.php(494): CodeIgniter\CodeIgniter->runController(Object(Modul\Dashboard\Controllers\Dashboard))
 4 SYSTEMPATH/CodeIgniter.php(353): CodeIgniter\CodeIgniter->handleRequest(null, Object(Config\Cache), false)
 5 FCPATH/index.php(79): CodeIgniter\CodeIgniter->run()
INFO - 2024-06-10 15:59:36 --> Session: Class initialized using 'CodeIgniter\Session\Handlers\FileHandler' driver.
INFO - 2024-06-10 22:07:53 --> Session: Class initialized using 'CodeIgniter\Session\Handlers\FileHandler' driver.
INFO - 2024-06-10 22:07:55 --> Session: Class initialized using 'CodeIgniter\Session\Handlers\FileHandler' driver.
INFO - 2024-06-10 22:08:31 --> Session: Class initialized using 'CodeIgniter\Session\Handlers\FileHandler' driver.
INFO - 2024-06-10 22:08:31 --> Session: Class initialized using 'CodeIgniter\Session\Handlers\FileHandler' driver.
WARNING - 2024-06-10 22:08:31 --> [DEPRECATED] number_format(): Passing null to parameter #1 ($num) of type float is deprecated in ROOTPATH/modul/Dashboard/Controllers/Dashboard.php on line 43.
 1 ROOTPATH/modul/Dashboard/Controllers/Dashboard.php(43): number_format(null)
 2 SYSTEMPATH/CodeIgniter.php(919): Modul\Dashboard\Controllers\Dashboard->index()
 3 SYSTEMPATH/CodeIgniter.php(494): CodeIgniter\CodeIgniter->runController(Object(Modul\Dashboard\Controllers\Dashboard))
 4 SYSTEMPATH/CodeIgniter.php(353): CodeIgniter\CodeIgniter->handleRequest(null, Object(Config\Cache), false)
 5 FCPATH/index.php(79): CodeIgniter\CodeIgniter->run()
WARNING - 2024-06-10 22:08:31 --> [DEPRECATED] number_format(): Passing null to parameter #1 ($num) of type float is deprecated in ROOTPATH/modul/Dashboard/Controllers/Dashboard.php on line 48.
 1 ROOTPATH/modul/Dashboard/Controllers/Dashboard.php(48): number_format(null)
 2 SYSTEMPATH/CodeIgniter.php(919): Modul\Dashboard\Controllers\Dashboard->index()
 3 SYSTEMPATH/CodeIgniter.php(494): CodeIgniter\CodeIgniter->runController(Object(Modul\Dashboard\Controllers\Dashboard))
 4 SYSTEMPATH/CodeIgniter.php(353): CodeIgniter\CodeIgniter->handleRequest(null, Object(Config\Cache), false)
 5 FCPATH/index.php(79): CodeIgniter\CodeIgniter->run()
INFO - 2024-06-10 22:08:49 --> Session: Class initialized using 'CodeIgniter\Session\Handlers\FileHandler' driver.
INFO - 2024-06-10 22:09:30 --> Session: Class initialized using 'CodeIgniter\Session\Handlers\FileHandler' driver.
WARNING - 2024-06-10 22:09:30 --> [DEPRECATED] number_format(): Passing null to parameter #1 ($num) of type float is deprecated in ROOTPATH/modul/Dashboard/Controllers/Dashboard.php on line 43.
 1 ROOTPATH/modul/Dashboard/Controllers/Dashboard.php(43): number_format(null)
 2 SYSTEMPATH/CodeIgniter.php(919): Modul\Dashboard\Controllers\Dashboard->index()
 3 SYSTEMPATH/CodeIgniter.php(494): CodeIgniter\CodeIgniter->runController(Object(Modul\Dashboard\Controllers\Dashboard))
 4 SYSTEMPATH/CodeIgniter.php(353): CodeIgniter\CodeIgniter->handleRequest(null, Object(Config\Cache), false)
 5 FCPATH/index.php(79): CodeIgniter\CodeIgniter->run()
WARNING - 2024-06-10 22:09:30 --> [DEPRECATED] number_format(): Passing null to parameter #1 ($num) of type float is deprecated in ROOTPATH/modul/Dashboard/Controllers/Dashboard.php on line 48.
 1 ROOTPATH/modul/Dashboard/Controllers/Dashboard.php(48): number_format(null)
 2 SYSTEMPATH/CodeIgniter.php(919): Modul\Dashboard\Controllers\Dashboard->index()
 3 SYSTEMPATH/CodeIgniter.php(494): CodeIgniter\CodeIgniter->runController(Object(Modul\Dashboard\Controllers\Dashboard))
 4 SYSTEMPATH/CodeIgniter.php(353): CodeIgniter\CodeIgniter->handleRequest(null, Object(Config\Cache), false)
 5 FCPATH/index.php(79): CodeIgniter\CodeIgniter->run()
INFO - 2024-06-10 22:09:34 --> Session: Class initialized using 'CodeIgniter\Session\Handlers\FileHandler' driver.
INFO - 2024-06-10 22:09:44 --> Session: Class initialized using 'CodeIgniter\Session\Handlers\FileHandler' driver.
INFO - 2024-06-10 22:10:50 --> Session: Class initialized using 'CodeIgniter\Session\Handlers\FileHandler' driver.
INFO - 2024-06-10 22:10:50 --> Session: Class initialized using 'CodeIgniter\Session\Handlers\FileHandler' driver.
WARNING - 2024-06-10 22:10:50 --> [DEPRECATED] number_format(): Passing null to parameter #1 ($num) of type float is deprecated in ROOTPATH/modul/Dashboard/Controllers/Dashboard.php on line 43.
 1 ROOTPATH/modul/Dashboard/Controllers/Dashboard.php(43): number_format(null)
 2 SYSTEMPATH/CodeIgniter.php(919): Modul\Dashboard\Controllers\Dashboard->index()
 3 SYSTEMPATH/CodeIgniter.php(494): CodeIgniter\CodeIgniter->runController(Object(Modul\Dashboard\Controllers\Dashboard))
 4 SYSTEMPATH/CodeIgniter.php(353): CodeIgniter\CodeIgniter->handleRequest(null, Object(Config\Cache), false)
 5 FCPATH/index.php(79): CodeIgniter\CodeIgniter->run()
WARNING - 2024-06-10 22:10:50 --> [DEPRECATED] number_format(): Passing null to parameter #1 ($num) of type float is deprecated in ROOTPATH/modul/Dashboard/Controllers/Dashboard.php on line 48.
 1 ROOTPATH/modul/Dashboard/Controllers/Dashboard.php(48): number_format(null)
 2 SYSTEMPATH/CodeIgniter.php(919): Modul\Dashboard\Controllers\Dashboard->index()
 3 SYSTEMPATH/CodeIgniter.php(494): CodeIgniter\CodeIgniter->runController(Object(Modul\Dashboard\Controllers\Dashboard))
 4 SYSTEMPATH/CodeIgniter.php(353): CodeIgniter\CodeIgniter->handleRequest(null, Object(Config\Cache), false)
 5 FCPATH/index.php(79): CodeIgniter\CodeIgniter->run()
INFO - 2024-06-10 22:31:04 --> Session: Class initialized using 'CodeIgniter\Session\Handlers\FileHandler' driver.
INFO - 2024-06-10 22:31:34 --> Session: Class initialized using 'CodeIgniter\Session\Handlers\FileHandler' driver.
INFO - 2024-06-10 22:48:56 --> Session: Class initialized using 'CodeIgniter\Session\Handlers\FileHandler' driver.
INFO - 2024-06-10 22:49:09 --> Session: Class initialized using 'CodeIgniter\Session\Handlers\FileHandler' driver.
INFO - 2024-06-10 22:49:09 --> Session: Class initialized using 'CodeIgniter\Session\Handlers\FileHandler' driver.
WARNING - 2024-06-10 22:49:09 --> [DEPRECATED] number_format(): Passing null to parameter #1 ($num) of type float is deprecated in ROOTPATH/modul/Dashboard/Controllers/Dashboard.php on line 43.
 1 ROOTPATH/modul/Dashboard/Controllers/Dashboard.php(43): number_format(null)
 2 SYSTEMPATH/CodeIgniter.php(919): Modul\Dashboard\Controllers\Dashboard->index()
 3 SYSTEMPATH/CodeIgniter.php(494): CodeIgniter\CodeIgniter->runController(Object(Modul\Dashboard\Controllers\Dashboard))
 4 SYSTEMPATH/CodeIgniter.php(353): CodeIgniter\CodeIgniter->handleRequest(null, Object(Config\Cache), false)
 5 FCPATH/index.php(79): CodeIgniter\CodeIgniter->run()
WARNING - 2024-06-10 22:49:09 --> [DEPRECATED] number_format(): Passing null to parameter #1 ($num) of type float is deprecated in ROOTPATH/modul/Dashboard/Controllers/Dashboard.php on line 48.
 1 ROOTPATH/modul/Dashboard/Controllers/Dashboard.php(48): number_format(null)
 2 SYSTEMPATH/CodeIgniter.php(919): Modul\Dashboard\Controllers\Dashboard->index()
 3 SYSTEMPATH/CodeIgniter.php(494): CodeIgniter\CodeIgniter->runController(Object(Modul\Dashboard\Controllers\Dashboard))
 4 SYSTEMPATH/CodeIgniter.php(353): CodeIgniter\CodeIgniter->handleRequest(null, Object(Config\Cache), false)
 5 FCPATH/index.php(79): CodeIgniter\CodeIgniter->run()
INFO - 2024-06-10 22:49:14 --> Session: Class initialized using 'CodeIgniter\Session\Handlers\FileHandler' driver.
INFO - 2024-06-10 22:49:27 --> Session: Class initialized using 'CodeIgniter\Session\Handlers\FileHandler' driver.
INFO - 2024-06-10 22:49:27 --> Session: Class initialized using 'CodeIgniter\Session\Handlers\FileHandler' driver.
WARNING - 2024-06-10 22:49:27 --> [DEPRECATED] number_format(): Passing null to parameter #1 ($num) of type float is deprecated in ROOTPATH/modul/Dashboard/Controllers/Dashboard.php on line 43.
 1 ROOTPATH/modul/Dashboard/Controllers/Dashboard.php(43): number_format(null)
 2 SYSTEMPATH/CodeIgniter.php(919): Modul\Dashboard\Controllers\Dashboard->index()
 3 SYSTEMPATH/CodeIgniter.php(494): CodeIgniter\CodeIgniter->runController(Object(Modul\Dashboard\Controllers\Dashboard))
 4 SYSTEMPATH/CodeIgniter.php(353): CodeIgniter\CodeIgniter->handleRequest(null, Object(Config\Cache), false)
 5 FCPATH/index.php(79): CodeIgniter\CodeIgniter->run()
WARNING - 2024-06-10 22:49:27 --> [DEPRECATED] number_format(): Passing null to parameter #1 ($num) of type float is deprecated in ROOTPATH/modul/Dashboard/Controllers/Dashboard.php on line 48.
 1 ROOTPATH/modul/Dashboard/Controllers/Dashboard.php(48): number_format(null)
 2 SYSTEMPATH/CodeIgniter.php(919): Modul\Dashboard\Controllers\Dashboard->index()
 3 SYSTEMPATH/CodeIgniter.php(494): CodeIgniter\CodeIgniter->runController(Object(Modul\Dashboard\Controllers\Dashboard))
 4 SYSTEMPATH/CodeIgniter.php(353): CodeIgniter\CodeIgniter->handleRequest(null, Object(Config\Cache), false)
 5 FCPATH/index.php(79): CodeIgniter\CodeIgniter->run()
INFO - 2024-06-10 22:49:34 --> Session: Class initialized using 'CodeIgniter\Session\Handlers\FileHandler' driver.
INFO - 2024-06-10 22:49:48 --> Session: Class initialized using 'CodeIgniter\Session\Handlers\FileHandler' driver.
INFO - 2024-06-10 22:49:52 --> Session: Class initialized using 'CodeIgniter\Session\Handlers\FileHandler' driver.
WARNING - 2024-06-10 22:49:52 --> [DEPRECATED] number_format(): Passing null to parameter #1 ($num) of type float is deprecated in ROOTPATH/modul/Kasir/Views/viewStruk.php on line 93.
 1 ROOTPATH/modul/Kasir/Views/viewStruk.php(93): number_format(null)
 2 SYSTEMPATH/View/View.php(226): include('/home/minagroup/food.tukir.biz.id/modul/Kasir/Views/viewStruk.php')
 3 SYSTEMPATH/View/View.php(229): CodeIgniter\View\View->CodeIgniter\View\{closure}()
 4 SYSTEMPATH/Common.php(1188): CodeIgniter\View\View->render('Modul\\Kasir\\Views\\viewStruk', [], true)
 5 ROOTPATH/modul/Kasir/Controllers/Kasir.php(557): view('Modul\\Kasir\\Views\\viewStruk', [...])
 6 SYSTEMPATH/CodeIgniter.php(919): Modul\Kasir\Controllers\Kasir->struk('512')
 7 SYSTEMPATH/CodeIgniter.php(494): CodeIgniter\CodeIgniter->runController(Object(Modul\Kasir\Controllers\Kasir))
 8 SYSTEMPATH/CodeIgniter.php(353): CodeIgniter\CodeIgniter->handleRequest(null, Object(Config\Cache), false)
 9 FCPATH/index.php(79): CodeIgniter\CodeIgniter->run()
INFO - 2024-06-10 22:50:20 --> Session: Class initialized using 'CodeIgniter\Session\Handlers\FileHandler' driver.
INFO - 2024-06-10 22:50:20 --> Session: Class initialized using 'CodeIgniter\Session\Handlers\FileHandler' driver.
WARNING - 2024-06-10 22:50:20 --> [DEPRECATED] number_format(): Passing null to parameter #1 ($num) of type float is deprecated in ROOTPATH/modul/Dashboard/Controllers/Dashboard.php on line 43.
 1 ROOTPATH/modul/Dashboard/Controllers/Dashboard.php(43): number_format(null)
 2 SYSTEMPATH/CodeIgniter.php(919): Modul\Dashboard\Controllers\Dashboard->index()
 3 SYSTEMPATH/CodeIgniter.php(494): CodeIgniter\CodeIgniter->runController(Object(Modul\Dashboard\Controllers\Dashboard))
 4 SYSTEMPATH/CodeIgniter.php(353): CodeIgniter\CodeIgniter->handleRequest(null, Object(Config\Cache), false)
 5 FCPATH/index.php(79): CodeIgniter\CodeIgniter->run()
WARNING - 2024-06-10 22:50:20 --> [DEPRECATED] number_format(): Passing null to parameter #1 ($num) of type float is deprecated in ROOTPATH/modul/Dashboard/Controllers/Dashboard.php on line 48.
 1 ROOTPATH/modul/Dashboard/Controllers/Dashboard.php(48): number_format(null)
 2 SYSTEMPATH/CodeIgniter.php(919): Modul\Dashboard\Controllers\Dashboard->index()
 3 SYSTEMPATH/CodeIgniter.php(494): CodeIgniter\CodeIgniter->runController(Object(Modul\Dashboard\Controllers\Dashboard))
 4 SYSTEMPATH/CodeIgniter.php(353): CodeIgniter\CodeIgniter->handleRequest(null, Object(Config\Cache), false)
 5 FCPATH/index.php(79): CodeIgniter\CodeIgniter->run()
INFO - 2024-06-10 22:50:26 --> Session: Class initialized using 'CodeIgniter\Session\Handlers\FileHandler' driver.
INFO - 2024-06-10 22:50:32 --> Session: Class initialized using 'CodeIgniter\Session\Handlers\FileHandler' driver.
WARNING - 2024-06-10 22:50:32 --> [DEPRECATED] number_format(): Passing null to parameter #1 ($num) of type float is deprecated in ROOTPATH/modul/Dashboard/Controllers/Dashboard.php on line 43.
 1 ROOTPATH/modul/Dashboard/Controllers/Dashboard.php(43): number_format(null)
 2 SYSTEMPATH/CodeIgniter.php(919): Modul\Dashboard\Controllers\Dashboard->index()
 3 SYSTEMPATH/CodeIgniter.php(494): CodeIgniter\CodeIgniter->runController(Object(Modul\Dashboard\Controllers\Dashboard))
 4 SYSTEMPATH/CodeIgniter.php(353): CodeIgniter\CodeIgniter->handleRequest(null, Object(Config\Cache), false)
 5 FCPATH/index.php(79): CodeIgniter\CodeIgniter->run()
WARNING - 2024-06-10 22:50:32 --> [DEPRECATED] number_format(): Passing null to parameter #1 ($num) of type float is deprecated in ROOTPATH/modul/Dashboard/Controllers/Dashboard.php on line 48.
 1 ROOTPATH/modul/Dashboard/Controllers/Dashboard.php(48): number_format(null)
 2 SYSTEMPATH/CodeIgniter.php(919): Modul\Dashboard\Controllers\Dashboard->index()
 3 SYSTEMPATH/CodeIgniter.php(494): CodeIgniter\CodeIgniter->runController(Object(Modul\Dashboard\Controllers\Dashboard))
 4 SYSTEMPATH/CodeIgniter.php(353): CodeIgniter\CodeIgniter->handleRequest(null, Object(Config\Cache), false)
 5 FCPATH/index.php(79): CodeIgniter\CodeIgniter->run()
INFO - 2024-06-10 22:50:48 --> Session: Class initialized using 'CodeIgniter\Session\Handlers\FileHandler' driver.
INFO - 2024-06-10 22:50:57 --> Session: Class initialized using 'CodeIgniter\Session\Handlers\FileHandler' driver.
INFO - 2024-06-10 22:50:57 --> Session: Class initialized using 'CodeIgniter\Session\Handlers\FileHandler' driver.
WARNING - 2024-06-10 22:50:57 --> [DEPRECATED] number_format(): Passing null to parameter #1 ($num) of type float is deprecated in ROOTPATH/modul/Dashboard/Controllers/Dashboard.php on line 43.
 1 ROOTPATH/modul/Dashboard/Controllers/Dashboard.php(43): number_format(null)
 2 SYSTEMPATH/CodeIgniter.php(919): Modul\Dashboard\Controllers\Dashboard->index()
 3 SYSTEMPATH/CodeIgniter.php(494): CodeIgniter\CodeIgniter->runController(Object(Modul\Dashboard\Controllers\Dashboard))
 4 SYSTEMPATH/CodeIgniter.php(353): CodeIgniter\CodeIgniter->handleRequest(null, Object(Config\Cache), false)
 5 FCPATH/index.php(79): CodeIgniter\CodeIgniter->run()
WARNING - 2024-06-10 22:50:57 --> [DEPRECATED] number_format(): Passing null to parameter #1 ($num) of type float is deprecated in ROOTPATH/modul/Dashboard/Controllers/Dashboard.php on line 48.
 1 ROOTPATH/modul/Dashboard/Controllers/Dashboard.php(48): number_format(null)
 2 SYSTEMPATH/CodeIgniter.php(919): Modul\Dashboard\Controllers\Dashboard->index()
 3 SYSTEMPATH/CodeIgniter.php(494): CodeIgniter\CodeIgniter->runController(Object(Modul\Dashboard\Controllers\Dashboard))
 4 SYSTEMPATH/CodeIgniter.php(353): CodeIgniter\CodeIgniter->handleRequest(null, Object(Config\Cache), false)
 5 FCPATH/index.php(79): CodeIgniter\CodeIgniter->run()
INFO - 2024-06-10 22:51:03 --> Session: Class initialized using 'CodeIgniter\Session\Handlers\FileHandler' driver.
INFO - 2024-06-10 22:51:16 --> Session: Class initialized using 'CodeIgniter\Session\Handlers\FileHandler' driver.
INFO - 2024-06-10 22:51:19 --> Session: Class initialized using 'CodeIgniter\Session\Handlers\FileHandler' driver.
WARNING - 2024-06-10 22:51:19 --> [DEPRECATED] number_format(): Passing null to parameter #1 ($num) of type float is deprecated in ROOTPATH/modul/Kasir/Views/viewStruk.php on line 93.
 1 ROOTPATH/modul/Kasir/Views/viewStruk.php(93): number_format(null)
 2 SYSTEMPATH/View/View.php(226): include('/home/minagroup/food.tukir.biz.id/modul/Kasir/Views/viewStruk.php')
 3 SYSTEMPATH/View/View.php(229): CodeIgniter\View\View->CodeIgniter\View\{closure}()
 4 SYSTEMPATH/Common.php(1188): CodeIgniter\View\View->render('Modul\\Kasir\\Views\\viewStruk', [], true)
 5 ROOTPATH/modul/Kasir/Controllers/Kasir.php(557): view('Modul\\Kasir\\Views\\viewStruk', [...])
 6 SYSTEMPATH/CodeIgniter.php(919): Modul\Kasir\Controllers\Kasir->struk('513')
 7 SYSTEMPATH/CodeIgniter.php(494): CodeIgniter\CodeIgniter->runController(Object(Modul\Kasir\Controllers\Kasir))
 8 SYSTEMPATH/CodeIgniter.php(353): CodeIgniter\CodeIgniter->handleRequest(null, Object(Config\Cache), false)
 9 FCPATH/index.php(79): CodeIgniter\CodeIgniter->run()
INFO - 2024-06-10 23:12:58 --> Session: Class initialized using 'CodeIgniter\Session\Handlers\FileHandler' driver.
INFO - 2024-06-10 23:12:59 --> Session: Class initialized using 'CodeIgniter\Session\Handlers\FileHandler' driver.
WARNING - 2024-06-10 23:12:59 --> [DEPRECATED] number_format(): Passing null to parameter #1 ($num) of type float is deprecated in ROOTPATH/modul/Dashboard/Controllers/Dashboard.php on line 43.
 1 ROOTPATH/modul/Dashboard/Controllers/Dashboard.php(43): number_format(null)
 2 SYSTEMPATH/CodeIgniter.php(919): Modul\Dashboard\Controllers\Dashboard->index()
 3 SYSTEMPATH/CodeIgniter.php(494): CodeIgniter\CodeIgniter->runController(Object(Modul\Dashboard\Controllers\Dashboard))
 4 SYSTEMPATH/CodeIgniter.php(353): CodeIgniter\CodeIgniter->handleRequest(null, Object(Config\Cache), false)
 5 FCPATH/index.php(79): CodeIgniter\CodeIgniter->run()
WARNING - 2024-06-10 23:12:59 --> [DEPRECATED] number_format(): Passing null to parameter #1 ($num) of type float is deprecated in ROOTPATH/modul/Dashboard/Controllers/Dashboard.php on line 48.
 1 ROOTPATH/modul/Dashboard/Controllers/Dashboard.php(48): number_format(null)
 2 SYSTEMPATH/CodeIgniter.php(919): Modul\Dashboard\Controllers\Dashboard->index()
 3 SYSTEMPATH/CodeIgniter.php(494): CodeIgniter\CodeIgniter->runController(Object(Modul\Dashboard\Controllers\Dashboard))
 4 SYSTEMPATH/CodeIgniter.php(353): CodeIgniter\CodeIgniter->handleRequest(null, Object(Config\Cache), false)
 5 FCPATH/index.php(79): CodeIgniter\CodeIgniter->run()
