INFO - 2024-06-14 03:35:51 --> Session: Class initialized using 'CodeIgniter\Session\Handlers\FileHandler' driver.
INFO - 2024-06-14 03:40:15 --> Session: Class initialized using 'CodeIgniter\Session\Handlers\FileHandler' driver.
INFO - 2024-06-14 07:56:59 --> Session: Class initialized using 'CodeIgniter\Session\Handlers\FileHandler' driver.
INFO - 2024-06-14 07:56:59 --> Session: Class initialized using 'CodeIgniter\Session\Handlers\FileHandler' driver.
INFO - 2024-06-14 07:57:33 --> Session: Class initialized using 'CodeIgniter\Session\Handlers\FileHandler' driver.
INFO - 2024-06-14 07:57:33 --> Session: Class initialized using 'CodeIgniter\Session\Handlers\FileHandler' driver.
WARNING - 2024-06-14 07:57:33 --> [DEPRECATED] number_format(): Passing null to parameter #1 ($num) of type float is deprecated in ROOTPATH/modul/Dashboard/Controllers/Dashboard.php on line 43.
 1 ROOTPATH/modul/Dashboard/Controllers/Dashboard.php(43): number_format(null)
 2 SYSTEMPATH/CodeIgniter.php(919): Modul\Dashboard\Controllers\Dashboard->index()
 3 SYSTEMPATH/CodeIgniter.php(494): CodeIgniter\CodeIgniter->runController(Object(Modul\Dashboard\Controllers\Dashboard))
 4 SYSTEMPATH/CodeIgniter.php(353): CodeIgniter\CodeIgniter->handleRequest(null, Object(Config\Cache), false)
 5 FCPATH/index.php(79): CodeIgniter\CodeIgniter->run()
WARNING - 2024-06-14 07:57:33 --> [DEPRECATED] number_format(): Passing null to parameter #1 ($num) of type float is deprecated in ROOTPATH/modul/Dashboard/Controllers/Dashboard.php on line 48.
 1 ROOTPATH/modul/Dashboard/Controllers/Dashboard.php(48): number_format(null)
 2 SYSTEMPATH/CodeIgniter.php(919): Modul\Dashboard\Controllers\Dashboard->index()
 3 SYSTEMPATH/CodeIgniter.php(494): CodeIgniter\CodeIgniter->runController(Object(Modul\Dashboard\Controllers\Dashboard))
 4 SYSTEMPATH/CodeIgniter.php(353): CodeIgniter\CodeIgniter->handleRequest(null, Object(Config\Cache), false)
 5 FCPATH/index.php(79): CodeIgniter\CodeIgniter->run()
INFO - 2024-06-14 07:57:38 --> Session: Class initialized using 'CodeIgniter\Session\Handlers\FileHandler' driver.
INFO - 2024-06-14 07:57:41 --> Session: Class initialized using 'CodeIgniter\Session\Handlers\FileHandler' driver.
INFO - 2024-06-14 07:57:42 --> Session: Class initialized using 'CodeIgniter\Session\Handlers\FileHandler' driver.
INFO - 2024-06-14 07:57:47 --> Session: Class initialized using 'CodeIgniter\Session\Handlers\FileHandler' driver.
INFO - 2024-06-14 07:57:48 --> Session: Class initialized using 'CodeIgniter\Session\Handlers\FileHandler' driver.
INFO - 2024-06-14 07:57:51 --> Session: Class initialized using 'CodeIgniter\Session\Handlers\FileHandler' driver.
WARNING - 2024-06-14 07:57:51 --> [DEPRECATED] number_format(): Passing null to parameter #1 ($num) of type float is deprecated in ROOTPATH/modul/Kasir/Views/viewStruk.php on line 93.
 1 ROOTPATH/modul/Kasir/Views/viewStruk.php(93): number_format(null)
 2 SYSTEMPATH/View/View.php(226): include('/home/minagroup/food.tukir.biz.id/modul/Kasir/Views/viewStruk.php')
 3 SYSTEMPATH/View/View.php(229): CodeIgniter\View\View->CodeIgniter\View\{closure}()
 4 SYSTEMPATH/Common.php(1188): CodeIgniter\View\View->render('Modul\\Kasir\\Views\\viewStruk', [], true)
 5 ROOTPATH/modul/Kasir/Controllers/Kasir.php(557): view('Modul\\Kasir\\Views\\viewStruk', [...])
 6 SYSTEMPATH/CodeIgniter.php(919): Modul\Kasir\Controllers\Kasir->struk('669')
 7 SYSTEMPATH/CodeIgniter.php(494): CodeIgniter\CodeIgniter->runController(Object(Modul\Kasir\Controllers\Kasir))
 8 SYSTEMPATH/CodeIgniter.php(353): CodeIgniter\CodeIgniter->handleRequest(null, Object(Config\Cache), false)
 9 FCPATH/index.php(79): CodeIgniter\CodeIgniter->run()
INFO - 2024-06-14 07:58:28 --> Session: Class initialized using 'CodeIgniter\Session\Handlers\FileHandler' driver.
INFO - 2024-06-14 07:58:29 --> Session: Class initialized using 'CodeIgniter\Session\Handlers\FileHandler' driver.
INFO - 2024-06-14 07:58:32 --> Session: Class initialized using 'CodeIgniter\Session\Handlers\FileHandler' driver.
INFO - 2024-06-14 07:58:38 --> Session: Class initialized using 'CodeIgniter\Session\Handlers\FileHandler' driver.
INFO - 2024-06-14 07:58:43 --> Session: Class initialized using 'CodeIgniter\Session\Handlers\FileHandler' driver.
INFO - 2024-06-14 07:58:53 --> Session: Class initialized using 'CodeIgniter\Session\Handlers\FileHandler' driver.
INFO - 2024-06-14 07:58:55 --> Session: Class initialized using 'CodeIgniter\Session\Handlers\FileHandler' driver.
INFO - 2024-06-14 08:16:07 --> Session: Class initialized using 'CodeIgniter\Session\Handlers\FileHandler' driver.
INFO - 2024-06-14 09:10:19 --> Session: Class initialized using 'CodeIgniter\Session\Handlers\FileHandler' driver.
INFO - 2024-06-14 09:10:19 --> Session: Class initialized using 'CodeIgniter\Session\Handlers\FileHandler' driver.
WARNING - 2024-06-14 09:10:19 --> [DEPRECATED] number_format(): Passing null to parameter #1 ($num) of type float is deprecated in ROOTPATH/modul/Dashboard/Controllers/Dashboard.php on line 43.
 1 ROOTPATH/modul/Dashboard/Controllers/Dashboard.php(43): number_format(null)
 2 SYSTEMPATH/CodeIgniter.php(919): Modul\Dashboard\Controllers\Dashboard->index()
 3 SYSTEMPATH/CodeIgniter.php(494): CodeIgniter\CodeIgniter->runController(Object(Modul\Dashboard\Controllers\Dashboard))
 4 SYSTEMPATH/CodeIgniter.php(353): CodeIgniter\CodeIgniter->handleRequest(null, Object(Config\Cache), false)
 5 FCPATH/index.php(79): CodeIgniter\CodeIgniter->run()
WARNING - 2024-06-14 09:10:19 --> [DEPRECATED] number_format(): Passing null to parameter #1 ($num) of type float is deprecated in ROOTPATH/modul/Dashboard/Controllers/Dashboard.php on line 48.
 1 ROOTPATH/modul/Dashboard/Controllers/Dashboard.php(48): number_format(null)
 2 SYSTEMPATH/CodeIgniter.php(919): Modul\Dashboard\Controllers\Dashboard->index()
 3 SYSTEMPATH/CodeIgniter.php(494): CodeIgniter\CodeIgniter->runController(Object(Modul\Dashboard\Controllers\Dashboard))
 4 SYSTEMPATH/CodeIgniter.php(353): CodeIgniter\CodeIgniter->handleRequest(null, Object(Config\Cache), false)
 5 FCPATH/index.php(79): CodeIgniter\CodeIgniter->run()
INFO - 2024-06-14 10:17:34 --> Session: Class initialized using 'CodeIgniter\Session\Handlers\FileHandler' driver.
INFO - 2024-06-14 10:17:43 --> Session: Class initialized using 'CodeIgniter\Session\Handlers\FileHandler' driver.
INFO - 2024-06-14 10:17:44 --> Session: Class initialized using 'CodeIgniter\Session\Handlers\FileHandler' driver.
WARNING - 2024-06-14 10:17:44 --> [DEPRECATED] number_format(): Passing null to parameter #1 ($num) of type float is deprecated in ROOTPATH\modul\Dashboard\Controllers\Dashboard.php on line 43.
 1 ROOTPATH\modul\Dashboard\Controllers\Dashboard.php(43): number_format(null)
 2 SYSTEMPATH\CodeIgniter.php(919): Modul\Dashboard\Controllers\Dashboard->index()
 3 SYSTEMPATH\CodeIgniter.php(494): CodeIgniter\CodeIgniter->runController(Object(Modul\Dashboard\Controllers\Dashboard))
 4 SYSTEMPATH\CodeIgniter.php(353): CodeIgniter\CodeIgniter->handleRequest(null, Object(Config\Cache), false)
 5 FCPATH\index.php(79): CodeIgniter\CodeIgniter->run()
 6 SYSTEMPATH\Commands\Server\rewrite.php(47): require_once('C:\\laragon\\www\\foodcourt\\public\\index.php')
WARNING - 2024-06-14 10:17:44 --> [DEPRECATED] number_format(): Passing null to parameter #1 ($num) of type float is deprecated in ROOTPATH\modul\Dashboard\Controllers\Dashboard.php on line 48.
 1 ROOTPATH\modul\Dashboard\Controllers\Dashboard.php(48): number_format(null)
 2 SYSTEMPATH\CodeIgniter.php(919): Modul\Dashboard\Controllers\Dashboard->index()
 3 SYSTEMPATH\CodeIgniter.php(494): CodeIgniter\CodeIgniter->runController(Object(Modul\Dashboard\Controllers\Dashboard))
 4 SYSTEMPATH\CodeIgniter.php(353): CodeIgniter\CodeIgniter->handleRequest(null, Object(Config\Cache), false)
 5 FCPATH\index.php(79): CodeIgniter\CodeIgniter->run()
 6 SYSTEMPATH\Commands\Server\rewrite.php(47): require_once('C:\\laragon\\www\\foodcourt\\public\\index.php')
INFO - 2024-06-14 10:18:22 --> Session: Class initialized using 'CodeIgniter\Session\Handlers\FileHandler' driver.
INFO - 2024-06-14 14:35:49 --> Session: Class initialized using 'CodeIgniter\Session\Handlers\FileHandler' driver.
INFO - 2024-06-14 14:37:25 --> Session: Class initialized using 'CodeIgniter\Session\Handlers\FileHandler' driver.
INFO - 2024-06-14 14:37:34 --> Session: Class initialized using 'CodeIgniter\Session\Handlers\FileHandler' driver.
INFO - 2024-06-14 14:37:34 --> Session: Class initialized using 'CodeIgniter\Session\Handlers\FileHandler' driver.
WARNING - 2024-06-14 14:37:34 --> [DEPRECATED] number_format(): Passing null to parameter #1 ($num) of type float is deprecated in ROOTPATH\modul\Dashboard\Controllers\Dashboard.php on line 43.
 1 ROOTPATH\modul\Dashboard\Controllers\Dashboard.php(43): number_format(null)
 2 SYSTEMPATH\CodeIgniter.php(919): Modul\Dashboard\Controllers\Dashboard->index()
 3 SYSTEMPATH\CodeIgniter.php(494): CodeIgniter\CodeIgniter->runController(Object(Modul\Dashboard\Controllers\Dashboard))
 4 SYSTEMPATH\CodeIgniter.php(353): CodeIgniter\CodeIgniter->handleRequest(null, Object(Config\Cache), false)
 5 FCPATH\index.php(79): CodeIgniter\CodeIgniter->run()
 6 SYSTEMPATH\Commands\Server\rewrite.php(47): require_once('C:\\laragon\\www\\foodcourt\\public\\index.php')
WARNING - 2024-06-14 14:37:35 --> [DEPRECATED] number_format(): Passing null to parameter #1 ($num) of type float is deprecated in ROOTPATH\modul\Dashboard\Controllers\Dashboard.php on line 48.
 1 ROOTPATH\modul\Dashboard\Controllers\Dashboard.php(48): number_format(null)
 2 SYSTEMPATH\CodeIgniter.php(919): Modul\Dashboard\Controllers\Dashboard->index()
 3 SYSTEMPATH\CodeIgniter.php(494): CodeIgniter\CodeIgniter->runController(Object(Modul\Dashboard\Controllers\Dashboard))
 4 SYSTEMPATH\CodeIgniter.php(353): CodeIgniter\CodeIgniter->handleRequest(null, Object(Config\Cache), false)
 5 FCPATH\index.php(79): CodeIgniter\CodeIgniter->run()
 6 SYSTEMPATH\Commands\Server\rewrite.php(47): require_once('C:\\laragon\\www\\foodcourt\\public\\index.php')
INFO - 2024-06-14 14:37:43 --> Session: Class initialized using 'CodeIgniter\Session\Handlers\FileHandler' driver.
INFO - 2024-06-14 15:21:02 --> Session: Class initialized using 'CodeIgniter\Session\Handlers\FileHandler' driver.
INFO - 2024-06-14 15:24:18 --> Session: Class initialized using 'CodeIgniter\Session\Handlers\FileHandler' driver.
INFO - 2024-06-14 15:24:42 --> Session: Class initialized using 'CodeIgniter\Session\Handlers\FileHandler' driver.
INFO - 2024-06-14 15:25:01 --> Session: Class initialized using 'CodeIgniter\Session\Handlers\FileHandler' driver.
INFO - 2024-06-14 15:25:46 --> Session: Class initialized using 'CodeIgniter\Session\Handlers\FileHandler' driver.
INFO - 2024-06-14 15:29:16 --> Session: Class initialized using 'CodeIgniter\Session\Handlers\FileHandler' driver.
INFO - 2024-06-14 15:30:54 --> Session: Class initialized using 'CodeIgniter\Session\Handlers\FileHandler' driver.
INFO - 2024-06-14 15:31:03 --> Session: Class initialized using 'CodeIgniter\Session\Handlers\FileHandler' driver.
INFO - 2024-06-14 15:31:43 --> Session: Class initialized using 'CodeIgniter\Session\Handlers\FileHandler' driver.
INFO - 2024-06-14 15:31:54 --> Session: Class initialized using 'CodeIgniter\Session\Handlers\FileHandler' driver.
INFO - 2024-06-14 15:34:15 --> Session: Class initialized using 'CodeIgniter\Session\Handlers\FileHandler' driver.
INFO - 2024-06-14 15:34:51 --> Session: Class initialized using 'CodeIgniter\Session\Handlers\FileHandler' driver.
INFO - 2024-06-14 15:35:38 --> Session: Class initialized using 'CodeIgniter\Session\Handlers\FileHandler' driver.
INFO - 2024-06-14 15:37:25 --> Session: Class initialized using 'CodeIgniter\Session\Handlers\FileHandler' driver.
INFO - 2024-06-14 15:37:31 --> Session: Class initialized using 'CodeIgniter\Session\Handlers\FileHandler' driver.
WARNING - 2024-06-14 15:37:31 --> [DEPRECATED] number_format(): Passing null to parameter #1 ($num) of type float is deprecated in ROOTPATH\modul\Dashboard\Controllers\Dashboard.php on line 43.
 1 ROOTPATH\modul\Dashboard\Controllers\Dashboard.php(43): number_format(null)
 2 SYSTEMPATH\CodeIgniter.php(919): Modul\Dashboard\Controllers\Dashboard->index()
 3 SYSTEMPATH\CodeIgniter.php(494): CodeIgniter\CodeIgniter->runController(Object(Modul\Dashboard\Controllers\Dashboard))
 4 SYSTEMPATH\CodeIgniter.php(353): CodeIgniter\CodeIgniter->handleRequest(null, Object(Config\Cache), false)
 5 FCPATH\index.php(79): CodeIgniter\CodeIgniter->run()
 6 SYSTEMPATH\Commands\Server\rewrite.php(47): require_once('C:\\laragon\\www\\foodcourt\\public\\index.php')
WARNING - 2024-06-14 15:37:31 --> [DEPRECATED] number_format(): Passing null to parameter #1 ($num) of type float is deprecated in ROOTPATH\modul\Dashboard\Controllers\Dashboard.php on line 48.
 1 ROOTPATH\modul\Dashboard\Controllers\Dashboard.php(48): number_format(null)
 2 SYSTEMPATH\CodeIgniter.php(919): Modul\Dashboard\Controllers\Dashboard->index()
 3 SYSTEMPATH\CodeIgniter.php(494): CodeIgniter\CodeIgniter->runController(Object(Modul\Dashboard\Controllers\Dashboard))
 4 SYSTEMPATH\CodeIgniter.php(353): CodeIgniter\CodeIgniter->handleRequest(null, Object(Config\Cache), false)
 5 FCPATH\index.php(79): CodeIgniter\CodeIgniter->run()
 6 SYSTEMPATH\Commands\Server\rewrite.php(47): require_once('C:\\laragon\\www\\foodcourt\\public\\index.php')
INFO - 2024-06-14 15:37:37 --> Session: Class initialized using 'CodeIgniter\Session\Handlers\FileHandler' driver.
INFO - 2024-06-14 15:37:38 --> Session: Class initialized using 'CodeIgniter\Session\Handlers\FileHandler' driver.
INFO - 2024-06-14 15:37:54 --> Session: Class initialized using 'CodeIgniter\Session\Handlers\FileHandler' driver.
INFO - 2024-06-14 15:38:14 --> Session: Class initialized using 'CodeIgniter\Session\Handlers\FileHandler' driver.
INFO - 2024-06-14 15:38:22 --> Session: Class initialized using 'CodeIgniter\Session\Handlers\FileHandler' driver.
INFO - 2024-06-14 15:38:24 --> Session: Class initialized using 'CodeIgniter\Session\Handlers\FileHandler' driver.
WARNING - 2024-06-14 15:38:25 --> [DEPRECATED] number_format(): Passing null to parameter #1 ($num) of type float is deprecated in ROOTPATH\modul\Dashboard\Controllers\Dashboard.php on line 43.
 1 ROOTPATH\modul\Dashboard\Controllers\Dashboard.php(43): number_format(null)
 2 SYSTEMPATH\CodeIgniter.php(919): Modul\Dashboard\Controllers\Dashboard->index()
 3 SYSTEMPATH\CodeIgniter.php(494): CodeIgniter\CodeIgniter->runController(Object(Modul\Dashboard\Controllers\Dashboard))
 4 SYSTEMPATH\CodeIgniter.php(353): CodeIgniter\CodeIgniter->handleRequest(null, Object(Config\Cache), false)
 5 FCPATH\index.php(79): CodeIgniter\CodeIgniter->run()
 6 SYSTEMPATH\Commands\Server\rewrite.php(47): require_once('C:\\laragon\\www\\foodcourt\\public\\index.php')
WARNING - 2024-06-14 15:38:25 --> [DEPRECATED] number_format(): Passing null to parameter #1 ($num) of type float is deprecated in ROOTPATH\modul\Dashboard\Controllers\Dashboard.php on line 48.
 1 ROOTPATH\modul\Dashboard\Controllers\Dashboard.php(48): number_format(null)
 2 SYSTEMPATH\CodeIgniter.php(919): Modul\Dashboard\Controllers\Dashboard->index()
 3 SYSTEMPATH\CodeIgniter.php(494): CodeIgniter\CodeIgniter->runController(Object(Modul\Dashboard\Controllers\Dashboard))
 4 SYSTEMPATH\CodeIgniter.php(353): CodeIgniter\CodeIgniter->handleRequest(null, Object(Config\Cache), false)
 5 FCPATH\index.php(79): CodeIgniter\CodeIgniter->run()
 6 SYSTEMPATH\Commands\Server\rewrite.php(47): require_once('C:\\laragon\\www\\foodcourt\\public\\index.php')
INFO - 2024-06-14 15:38:29 --> Session: Class initialized using 'CodeIgniter\Session\Handlers\FileHandler' driver.
INFO - 2024-06-14 15:38:30 --> Session: Class initialized using 'CodeIgniter\Session\Handlers\FileHandler' driver.
INFO - 2024-06-14 15:38:36 --> Session: Class initialized using 'CodeIgniter\Session\Handlers\FileHandler' driver.
INFO - 2024-06-14 15:38:37 --> Session: Class initialized using 'CodeIgniter\Session\Handlers\FileHandler' driver.
INFO - 2024-06-14 15:44:56 --> Session: Class initialized using 'CodeIgniter\Session\Handlers\FileHandler' driver.
INFO - 2024-06-14 15:44:57 --> Session: Class initialized using 'CodeIgniter\Session\Handlers\FileHandler' driver.
INFO - 2024-06-14 15:45:01 --> Session: Class initialized using 'CodeIgniter\Session\Handlers\FileHandler' driver.
INFO - 2024-06-14 15:54:17 --> Session: Class initialized using 'CodeIgniter\Session\Handlers\FileHandler' driver.
INFO - 2024-06-14 16:17:49 --> Session: Class initialized using 'CodeIgniter\Session\Handlers\FileHandler' driver.
WARNING - 2024-06-14 16:17:49 --> [DEPRECATED] number_format(): Passing null to parameter #1 ($num) of type float is deprecated in ROOTPATH\modul\Dashboard\Controllers\Dashboard.php on line 43.
 1 ROOTPATH\modul\Dashboard\Controllers\Dashboard.php(43): number_format(null)
 2 SYSTEMPATH\CodeIgniter.php(919): Modul\Dashboard\Controllers\Dashboard->index()
 3 SYSTEMPATH\CodeIgniter.php(494): CodeIgniter\CodeIgniter->runController(Object(Modul\Dashboard\Controllers\Dashboard))
 4 SYSTEMPATH\CodeIgniter.php(353): CodeIgniter\CodeIgniter->handleRequest(null, Object(Config\Cache), false)
 5 FCPATH\index.php(79): CodeIgniter\CodeIgniter->run()
 6 SYSTEMPATH\Commands\Server\rewrite.php(47): require_once('C:\\laragon\\www\\foodcourt\\public\\index.php')
WARNING - 2024-06-14 16:17:49 --> [DEPRECATED] number_format(): Passing null to parameter #1 ($num) of type float is deprecated in ROOTPATH\modul\Dashboard\Controllers\Dashboard.php on line 48.
 1 ROOTPATH\modul\Dashboard\Controllers\Dashboard.php(48): number_format(null)
 2 SYSTEMPATH\CodeIgniter.php(919): Modul\Dashboard\Controllers\Dashboard->index()
 3 SYSTEMPATH\CodeIgniter.php(494): CodeIgniter\CodeIgniter->runController(Object(Modul\Dashboard\Controllers\Dashboard))
 4 SYSTEMPATH\CodeIgniter.php(353): CodeIgniter\CodeIgniter->handleRequest(null, Object(Config\Cache), false)
 5 FCPATH\index.php(79): CodeIgniter\CodeIgniter->run()
 6 SYSTEMPATH\Commands\Server\rewrite.php(47): require_once('C:\\laragon\\www\\foodcourt\\public\\index.php')
INFO - 2024-06-14 16:23:37 --> Session: Class initialized using 'CodeIgniter\Session\Handlers\FileHandler' driver.
INFO - 2024-06-14 16:24:10 --> Session: Class initialized using 'CodeIgniter\Session\Handlers\FileHandler' driver.
INFO - 2024-06-14 16:24:30 --> Session: Class initialized using 'CodeIgniter\Session\Handlers\FileHandler' driver.
INFO - 2024-06-14 16:25:02 --> Session: Class initialized using 'CodeIgniter\Session\Handlers\FileHandler' driver.
INFO - 2024-06-14 16:27:12 --> Session: Class initialized using 'CodeIgniter\Session\Handlers\FileHandler' driver.
INFO - 2024-06-14 16:29:08 --> Session: Class initialized using 'CodeIgniter\Session\Handlers\FileHandler' driver.
INFO - 2024-06-14 16:34:54 --> Session: Class initialized using 'CodeIgniter\Session\Handlers\FileHandler' driver.
INFO - 2024-06-14 16:39:38 --> Session: Class initialized using 'CodeIgniter\Session\Handlers\FileHandler' driver.
INFO - 2024-06-14 16:41:39 --> Session: Class initialized using 'CodeIgniter\Session\Handlers\FileHandler' driver.
INFO - 2024-06-14 16:41:58 --> Session: Class initialized using 'CodeIgniter\Session\Handlers\FileHandler' driver.
INFO - 2024-06-14 16:42:43 --> Session: Class initialized using 'CodeIgniter\Session\Handlers\FileHandler' driver.
INFO - 2024-06-14 16:43:50 --> Session: Class initialized using 'CodeIgniter\Session\Handlers\FileHandler' driver.
INFO - 2024-06-14 16:44:03 --> Session: Class initialized using 'CodeIgniter\Session\Handlers\FileHandler' driver.
INFO - 2024-06-14 16:44:10 --> Session: Class initialized using 'CodeIgniter\Session\Handlers\FileHandler' driver.
INFO - 2024-06-14 16:46:48 --> Session: Class initialized using 'CodeIgniter\Session\Handlers\FileHandler' driver.
INFO - 2024-06-14 16:48:07 --> Session: Class initialized using 'CodeIgniter\Session\Handlers\FileHandler' driver.
INFO - 2024-06-14 16:52:09 --> Session: Class initialized using 'CodeIgniter\Session\Handlers\FileHandler' driver.
INFO - 2024-06-14 16:52:20 --> Session: Class initialized using 'CodeIgniter\Session\Handlers\FileHandler' driver.
INFO - 2024-06-14 16:52:33 --> Session: Class initialized using 'CodeIgniter\Session\Handlers\FileHandler' driver.
INFO - 2024-06-14 16:52:44 --> Session: Class initialized using 'CodeIgniter\Session\Handlers\FileHandler' driver.
INFO - 2024-06-14 16:53:45 --> Session: Class initialized using 'CodeIgniter\Session\Handlers\FileHandler' driver.
INFO - 2024-06-14 16:54:09 --> Session: Class initialized using 'CodeIgniter\Session\Handlers\FileHandler' driver.
