WARNING - 2025-02-21 07:15:47 --> [DEPRECATED] Creation of dynamic property Modul\Kasir\Controllers\Kasir::$penjualan is deprecated in ROOTPATH/modul/Kasir/Controllers/Kasir.php on line 25.
 1 SYSTEMPATH/CodeIgniter.php(891): Modul\Kasir\Controllers\Kasir->__construct()
 2 SYSTEMPATH/CodeIgniter.php(485): CodeIgniter\CodeIgniter->createController()
 3 SYSTEMPATH/CodeIgniter.php(353): CodeIgniter\CodeIgniter->handleRequest(null, Object(Config\Cache), false)
 4 FCPATH/index.php(79): CodeIgniter\CodeIgniter->run()
 5 /Applications/Herd.app/Contents/Resources/valet/server.php(167): require('/Users/mac/Herd/cilspace/public/index.php')
WARNING - 2025-02-21 07:15:47 --> [DEPRECATED] Creation of dynamic property Modul\Kasir\Controllers\Kasir::$user is deprecated in ROOTPATH/modul/Kasir/Controllers/Kasir.php on line 26.
 1 SYSTEMPATH/CodeIgniter.php(891): Modul\Kasir\Controllers\Kasir->__construct()
 2 SYSTEMPATH/CodeIgniter.php(485): CodeIgniter\CodeIgniter->createController()
 3 SYSTEMPATH/CodeIgniter.php(353): CodeIgniter\CodeIgniter->handleRequest(null, Object(Config\Cache), false)
 4 FCPATH/index.php(79): CodeIgniter\CodeIgniter->run()
 5 /Applications/Herd.app/Contents/Resources/valet/server.php(167): require('/Users/mac/Herd/cilspace/public/index.php')
WARNING - 2025-02-21 07:15:47 --> [DEPRECATED] Creation of dynamic property Modul\Kasir\Controllers\Kasir::$detail is deprecated in ROOTPATH/modul/Kasir/Controllers/Kasir.php on line 27.
 1 SYSTEMPATH/CodeIgniter.php(891): Modul\Kasir\Controllers\Kasir->__construct()
 2 SYSTEMPATH/CodeIgniter.php(485): CodeIgniter\CodeIgniter->createController()
 3 SYSTEMPATH/CodeIgniter.php(353): CodeIgniter\CodeIgniter->handleRequest(null, Object(Config\Cache), false)
 4 FCPATH/index.php(79): CodeIgniter\CodeIgniter->run()
 5 /Applications/Herd.app/Contents/Resources/valet/server.php(167): require('/Users/mac/Herd/cilspace/public/index.php')
INFO - 2025-02-21 07:15:47 --> Session: Class initialized using 'CodeIgniter\Session\Handlers\FileHandler' driver.
WARNING - 2025-02-21 07:15:47 --> [DEPRECATED] Creation of dynamic property Modul\Kasir\Controllers\Kasir::$session is deprecated in ROOTPATH/modul/Kasir/Controllers/Kasir.php on line 30.
 1 SYSTEMPATH/CodeIgniter.php(891): Modul\Kasir\Controllers\Kasir->__construct()
 2 SYSTEMPATH/CodeIgniter.php(485): CodeIgniter\CodeIgniter->createController()
 3 SYSTEMPATH/CodeIgniter.php(353): CodeIgniter\CodeIgniter->handleRequest(null, Object(Config\Cache), false)
 4 FCPATH/index.php(79): CodeIgniter\CodeIgniter->run()
 5 /Applications/Herd.app/Contents/Resources/valet/server.php(167): require('/Users/mac/Herd/cilspace/public/index.php')
WARNING - 2025-02-21 07:15:47 --> [DEPRECATED] Creation of dynamic property Modul\Kasir\Controllers\Kasir::$db is deprecated in ROOTPATH/modul/Kasir/Controllers/Kasir.php on line 31.
 1 SYSTEMPATH/CodeIgniter.php(891): Modul\Kasir\Controllers\Kasir->__construct()
 2 SYSTEMPATH/CodeIgniter.php(485): CodeIgniter\CodeIgniter->createController()
 3 SYSTEMPATH/CodeIgniter.php(353): CodeIgniter\CodeIgniter->handleRequest(null, Object(Config\Cache), false)
 4 FCPATH/index.php(79): CodeIgniter\CodeIgniter->run()
 5 /Applications/Herd.app/Contents/Resources/valet/server.php(167): require('/Users/mac/Herd/cilspace/public/index.php')
WARNING - 2025-02-21 07:15:47 --> [DEPRECATED] Creation of dynamic property Modul\Kasir\Controllers\Kasir::$validation is deprecated in APPPATH/Controllers/BaseController.php on line 60.
 1 SYSTEMPATH/CodeIgniter.php(892): App\Controllers\BaseController->initController(Object(CodeIgniter\HTTP\IncomingRequest), Object(CodeIgniter\HTTP\Response), Object(CodeIgniter\Log\Logger))
 2 SYSTEMPATH/CodeIgniter.php(485): CodeIgniter\CodeIgniter->createController()
 3 SYSTEMPATH/CodeIgniter.php(353): CodeIgniter\CodeIgniter->handleRequest(null, Object(Config\Cache), false)
 4 FCPATH/index.php(79): CodeIgniter\CodeIgniter->run()
 5 /Applications/Herd.app/Contents/Resources/valet/server.php(167): require('/Users/mac/Herd/cilspace/public/index.php')
WARNING - 2025-02-21 07:15:47 --> [DEPRECATED] Creation of dynamic property Modul\Kasir\Controllers\Kasir::$uri is deprecated in APPPATH/Controllers/BaseController.php on line 63.
 1 SYSTEMPATH/CodeIgniter.php(892): App\Controllers\BaseController->initController(Object(CodeIgniter\HTTP\IncomingRequest), Object(CodeIgniter\HTTP\Response), Object(CodeIgniter\Log\Logger))
 2 SYSTEMPATH/CodeIgniter.php(485): CodeIgniter\CodeIgniter->createController()
 3 SYSTEMPATH/CodeIgniter.php(353): CodeIgniter\CodeIgniter->handleRequest(null, Object(Config\Cache), false)
 4 FCPATH/index.php(79): CodeIgniter\CodeIgniter->run()
 5 /Applications/Herd.app/Contents/Resources/valet/server.php(167): require('/Users/mac/Herd/cilspace/public/index.php')
WARNING - 2025-02-21 07:15:47 --> [DEPRECATED] Creation of dynamic property Modul\Kasir\Controllers\Kasir::$pager is deprecated in APPPATH/Controllers/BaseController.php on line 64.
 1 SYSTEMPATH/CodeIgniter.php(892): App\Controllers\BaseController->initController(Object(CodeIgniter\HTTP\IncomingRequest), Object(CodeIgniter\HTTP\Response), Object(CodeIgniter\Log\Logger))
 2 SYSTEMPATH/CodeIgniter.php(485): CodeIgniter\CodeIgniter->createController()
 3 SYSTEMPATH/CodeIgniter.php(353): CodeIgniter\CodeIgniter->handleRequest(null, Object(Config\Cache), false)
 4 FCPATH/index.php(79): CodeIgniter\CodeIgniter->run()
 5 /Applications/Herd.app/Contents/Resources/valet/server.php(167): require('/Users/mac/Herd/cilspace/public/index.php')
WARNING - 2025-02-21 07:15:47 --> [DEPRECATED] Creation of dynamic property CodeIgniter\View\View::$session is deprecated in ROOTPATH/modul/Kasir/Views/viewStruk.php on line 7.
 1 SYSTEMPATH/View/View.php(226): include('/Users/mac/Herd/cilspace/modul/Kasir/Views/viewStruk.php')
 2 SYSTEMPATH/View/View.php(229): CodeIgniter\View\View->CodeIgniter\View\{closure}()
 3 SYSTEMPATH/Common.php(1188): CodeIgniter\View\View->render('Modul\\Kasir\\Views\\viewStruk', [], true)
 4 ROOTPATH/modul/Kasir/Controllers/Kasir.php(568): view('Modul\\Kasir\\Views\\viewStruk', [...])
 5 SYSTEMPATH/CodeIgniter.php(919): Modul\Kasir\Controllers\Kasir->struk('7')
 6 SYSTEMPATH/CodeIgniter.php(494): CodeIgniter\CodeIgniter->runController(Object(Modul\Kasir\Controllers\Kasir))
 7 SYSTEMPATH/CodeIgniter.php(353): CodeIgniter\CodeIgniter->handleRequest(null, Object(Config\Cache), false)
 8 FCPATH/index.php(79): CodeIgniter\CodeIgniter->run()
 9 /Applications/Herd.app/Contents/Resources/valet/server.php(167): require('/Users/mac/Herd/cilspace/public/index.php')
WARNING - 2025-02-21 07:15:47 --> [DEPRECATED] number_format(): Passing null to parameter #1 ($num) of type float is deprecated in ROOTPATH/modul/Kasir/Views/viewStruk.php on line 93.
 1 ROOTPATH/modul/Kasir/Views/viewStruk.php(93): number_format(null)
 2 SYSTEMPATH/View/View.php(226): include('/Users/mac/Herd/cilspace/modul/Kasir/Views/viewStruk.php')
 3 SYSTEMPATH/View/View.php(229): CodeIgniter\View\View->CodeIgniter\View\{closure}()
 4 SYSTEMPATH/Common.php(1188): CodeIgniter\View\View->render('Modul\\Kasir\\Views\\viewStruk', [], true)
 5 ROOTPATH/modul/Kasir/Controllers/Kasir.php(568): view('Modul\\Kasir\\Views\\viewStruk', [...])
 6 SYSTEMPATH/CodeIgniter.php(919): Modul\Kasir\Controllers\Kasir->struk('7')
 7 SYSTEMPATH/CodeIgniter.php(494): CodeIgniter\CodeIgniter->runController(Object(Modul\Kasir\Controllers\Kasir))
 8 SYSTEMPATH/CodeIgniter.php(353): CodeIgniter\CodeIgniter->handleRequest(null, Object(Config\Cache), false)
 9 FCPATH/index.php(79): CodeIgniter\CodeIgniter->run()
10 /Applications/Herd.app/Contents/Resources/valet/server.php(167): require('/Users/mac/Herd/cilspace/public/index.php')
WARNING - 2025-02-21 07:15:57 --> [DEPRECATED] Creation of dynamic property Modul\Kasir\Controllers\Kasir::$penjualan is deprecated in ROOTPATH/modul/Kasir/Controllers/Kasir.php on line 25.
 1 SYSTEMPATH/CodeIgniter.php(891): Modul\Kasir\Controllers\Kasir->__construct()
 2 SYSTEMPATH/CodeIgniter.php(485): CodeIgniter\CodeIgniter->createController()
 3 SYSTEMPATH/CodeIgniter.php(353): CodeIgniter\CodeIgniter->handleRequest(null, Object(Config\Cache), false)
 4 FCPATH/index.php(79): CodeIgniter\CodeIgniter->run()
 5 /Applications/Herd.app/Contents/Resources/valet/server.php(167): require('/Users/mac/Herd/cilspace/public/index.php')
WARNING - 2025-02-21 07:15:57 --> [DEPRECATED] Creation of dynamic property Modul\Kasir\Controllers\Kasir::$user is deprecated in ROOTPATH/modul/Kasir/Controllers/Kasir.php on line 26.
 1 SYSTEMPATH/CodeIgniter.php(891): Modul\Kasir\Controllers\Kasir->__construct()
 2 SYSTEMPATH/CodeIgniter.php(485): CodeIgniter\CodeIgniter->createController()
 3 SYSTEMPATH/CodeIgniter.php(353): CodeIgniter\CodeIgniter->handleRequest(null, Object(Config\Cache), false)
 4 FCPATH/index.php(79): CodeIgniter\CodeIgniter->run()
 5 /Applications/Herd.app/Contents/Resources/valet/server.php(167): require('/Users/mac/Herd/cilspace/public/index.php')
WARNING - 2025-02-21 07:15:57 --> [DEPRECATED] Creation of dynamic property Modul\Kasir\Controllers\Kasir::$detail is deprecated in ROOTPATH/modul/Kasir/Controllers/Kasir.php on line 27.
 1 SYSTEMPATH/CodeIgniter.php(891): Modul\Kasir\Controllers\Kasir->__construct()
 2 SYSTEMPATH/CodeIgniter.php(485): CodeIgniter\CodeIgniter->createController()
 3 SYSTEMPATH/CodeIgniter.php(353): CodeIgniter\CodeIgniter->handleRequest(null, Object(Config\Cache), false)
 4 FCPATH/index.php(79): CodeIgniter\CodeIgniter->run()
 5 /Applications/Herd.app/Contents/Resources/valet/server.php(167): require('/Users/mac/Herd/cilspace/public/index.php')
INFO - 2025-02-21 07:15:57 --> Session: Class initialized using 'CodeIgniter\Session\Handlers\FileHandler' driver.
WARNING - 2025-02-21 07:15:57 --> [DEPRECATED] Creation of dynamic property Modul\Kasir\Controllers\Kasir::$session is deprecated in ROOTPATH/modul/Kasir/Controllers/Kasir.php on line 30.
 1 SYSTEMPATH/CodeIgniter.php(891): Modul\Kasir\Controllers\Kasir->__construct()
 2 SYSTEMPATH/CodeIgniter.php(485): CodeIgniter\CodeIgniter->createController()
 3 SYSTEMPATH/CodeIgniter.php(353): CodeIgniter\CodeIgniter->handleRequest(null, Object(Config\Cache), false)
 4 FCPATH/index.php(79): CodeIgniter\CodeIgniter->run()
 5 /Applications/Herd.app/Contents/Resources/valet/server.php(167): require('/Users/mac/Herd/cilspace/public/index.php')
WARNING - 2025-02-21 07:15:57 --> [DEPRECATED] Creation of dynamic property Modul\Kasir\Controllers\Kasir::$db is deprecated in ROOTPATH/modul/Kasir/Controllers/Kasir.php on line 31.
 1 SYSTEMPATH/CodeIgniter.php(891): Modul\Kasir\Controllers\Kasir->__construct()
 2 SYSTEMPATH/CodeIgniter.php(485): CodeIgniter\CodeIgniter->createController()
 3 SYSTEMPATH/CodeIgniter.php(353): CodeIgniter\CodeIgniter->handleRequest(null, Object(Config\Cache), false)
 4 FCPATH/index.php(79): CodeIgniter\CodeIgniter->run()
 5 /Applications/Herd.app/Contents/Resources/valet/server.php(167): require('/Users/mac/Herd/cilspace/public/index.php')
WARNING - 2025-02-21 07:15:57 --> [DEPRECATED] Creation of dynamic property Modul\Kasir\Controllers\Kasir::$validation is deprecated in APPPATH/Controllers/BaseController.php on line 60.
 1 SYSTEMPATH/CodeIgniter.php(892): App\Controllers\BaseController->initController(Object(CodeIgniter\HTTP\IncomingRequest), Object(CodeIgniter\HTTP\Response), Object(CodeIgniter\Log\Logger))
 2 SYSTEMPATH/CodeIgniter.php(485): CodeIgniter\CodeIgniter->createController()
 3 SYSTEMPATH/CodeIgniter.php(353): CodeIgniter\CodeIgniter->handleRequest(null, Object(Config\Cache), false)
 4 FCPATH/index.php(79): CodeIgniter\CodeIgniter->run()
 5 /Applications/Herd.app/Contents/Resources/valet/server.php(167): require('/Users/mac/Herd/cilspace/public/index.php')
WARNING - 2025-02-21 07:15:57 --> [DEPRECATED] Creation of dynamic property Modul\Kasir\Controllers\Kasir::$uri is deprecated in APPPATH/Controllers/BaseController.php on line 63.
 1 SYSTEMPATH/CodeIgniter.php(892): App\Controllers\BaseController->initController(Object(CodeIgniter\HTTP\IncomingRequest), Object(CodeIgniter\HTTP\Response), Object(CodeIgniter\Log\Logger))
 2 SYSTEMPATH/CodeIgniter.php(485): CodeIgniter\CodeIgniter->createController()
 3 SYSTEMPATH/CodeIgniter.php(353): CodeIgniter\CodeIgniter->handleRequest(null, Object(Config\Cache), false)
 4 FCPATH/index.php(79): CodeIgniter\CodeIgniter->run()
 5 /Applications/Herd.app/Contents/Resources/valet/server.php(167): require('/Users/mac/Herd/cilspace/public/index.php')
WARNING - 2025-02-21 07:15:57 --> [DEPRECATED] Creation of dynamic property Modul\Kasir\Controllers\Kasir::$pager is deprecated in APPPATH/Controllers/BaseController.php on line 64.
 1 SYSTEMPATH/CodeIgniter.php(892): App\Controllers\BaseController->initController(Object(CodeIgniter\HTTP\IncomingRequest), Object(CodeIgniter\HTTP\Response), Object(CodeIgniter\Log\Logger))
 2 SYSTEMPATH/CodeIgniter.php(485): CodeIgniter\CodeIgniter->createController()
 3 SYSTEMPATH/CodeIgniter.php(353): CodeIgniter\CodeIgniter->handleRequest(null, Object(Config\Cache), false)
 4 FCPATH/index.php(79): CodeIgniter\CodeIgniter->run()
 5 /Applications/Herd.app/Contents/Resources/valet/server.php(167): require('/Users/mac/Herd/cilspace/public/index.php')
WARNING - 2025-02-21 18:21:52 --> [DEPRECATED] Creation of dynamic property Modul\Kasir\Controllers\Kasir::$penjualan is deprecated in ROOTPATH/modul/Kasir/Controllers/Kasir.php on line 25.
 1 SYSTEMPATH/CodeIgniter.php(891): Modul\Kasir\Controllers\Kasir->__construct()
 2 SYSTEMPATH/CodeIgniter.php(485): CodeIgniter\CodeIgniter->createController()
 3 SYSTEMPATH/CodeIgniter.php(353): CodeIgniter\CodeIgniter->handleRequest(null, Object(Config\Cache), false)
 4 FCPATH/index.php(79): CodeIgniter\CodeIgniter->run()
 5 /Applications/Herd.app/Contents/Resources/valet/server.php(167): require('/Users/mac/Herd/cilspace/public/index.php')
WARNING - 2025-02-21 18:21:52 --> [DEPRECATED] Creation of dynamic property Modul\Kasir\Controllers\Kasir::$user is deprecated in ROOTPATH/modul/Kasir/Controllers/Kasir.php on line 26.
 1 SYSTEMPATH/CodeIgniter.php(891): Modul\Kasir\Controllers\Kasir->__construct()
 2 SYSTEMPATH/CodeIgniter.php(485): CodeIgniter\CodeIgniter->createController()
 3 SYSTEMPATH/CodeIgniter.php(353): CodeIgniter\CodeIgniter->handleRequest(null, Object(Config\Cache), false)
 4 FCPATH/index.php(79): CodeIgniter\CodeIgniter->run()
 5 /Applications/Herd.app/Contents/Resources/valet/server.php(167): require('/Users/mac/Herd/cilspace/public/index.php')
WARNING - 2025-02-21 18:21:52 --> [DEPRECATED] Creation of dynamic property Modul\Kasir\Controllers\Kasir::$detail is deprecated in ROOTPATH/modul/Kasir/Controllers/Kasir.php on line 27.
 1 SYSTEMPATH/CodeIgniter.php(891): Modul\Kasir\Controllers\Kasir->__construct()
 2 SYSTEMPATH/CodeIgniter.php(485): CodeIgniter\CodeIgniter->createController()
 3 SYSTEMPATH/CodeIgniter.php(353): CodeIgniter\CodeIgniter->handleRequest(null, Object(Config\Cache), false)
 4 FCPATH/index.php(79): CodeIgniter\CodeIgniter->run()
 5 /Applications/Herd.app/Contents/Resources/valet/server.php(167): require('/Users/mac/Herd/cilspace/public/index.php')
INFO - 2025-02-21 18:21:52 --> Session: Class initialized using 'CodeIgniter\Session\Handlers\FileHandler' driver.
WARNING - 2025-02-21 18:21:52 --> [DEPRECATED] Creation of dynamic property Modul\Kasir\Controllers\Kasir::$session is deprecated in ROOTPATH/modul/Kasir/Controllers/Kasir.php on line 30.
 1 SYSTEMPATH/CodeIgniter.php(891): Modul\Kasir\Controllers\Kasir->__construct()
 2 SYSTEMPATH/CodeIgniter.php(485): CodeIgniter\CodeIgniter->createController()
 3 SYSTEMPATH/CodeIgniter.php(353): CodeIgniter\CodeIgniter->handleRequest(null, Object(Config\Cache), false)
 4 FCPATH/index.php(79): CodeIgniter\CodeIgniter->run()
 5 /Applications/Herd.app/Contents/Resources/valet/server.php(167): require('/Users/mac/Herd/cilspace/public/index.php')
WARNING - 2025-02-21 18:21:52 --> [DEPRECATED] Creation of dynamic property Modul\Kasir\Controllers\Kasir::$db is deprecated in ROOTPATH/modul/Kasir/Controllers/Kasir.php on line 31.
 1 SYSTEMPATH/CodeIgniter.php(891): Modul\Kasir\Controllers\Kasir->__construct()
 2 SYSTEMPATH/CodeIgniter.php(485): CodeIgniter\CodeIgniter->createController()
 3 SYSTEMPATH/CodeIgniter.php(353): CodeIgniter\CodeIgniter->handleRequest(null, Object(Config\Cache), false)
 4 FCPATH/index.php(79): CodeIgniter\CodeIgniter->run()
 5 /Applications/Herd.app/Contents/Resources/valet/server.php(167): require('/Users/mac/Herd/cilspace/public/index.php')
WARNING - 2025-02-21 18:21:52 --> [DEPRECATED] Creation of dynamic property Modul\Kasir\Controllers\Kasir::$validation is deprecated in APPPATH/Controllers/BaseController.php on line 60.
 1 SYSTEMPATH/CodeIgniter.php(892): App\Controllers\BaseController->initController(Object(CodeIgniter\HTTP\IncomingRequest), Object(CodeIgniter\HTTP\Response), Object(CodeIgniter\Log\Logger))
 2 SYSTEMPATH/CodeIgniter.php(485): CodeIgniter\CodeIgniter->createController()
 3 SYSTEMPATH/CodeIgniter.php(353): CodeIgniter\CodeIgniter->handleRequest(null, Object(Config\Cache), false)
 4 FCPATH/index.php(79): CodeIgniter\CodeIgniter->run()
 5 /Applications/Herd.app/Contents/Resources/valet/server.php(167): require('/Users/mac/Herd/cilspace/public/index.php')
WARNING - 2025-02-21 18:21:52 --> [DEPRECATED] Creation of dynamic property Modul\Kasir\Controllers\Kasir::$uri is deprecated in APPPATH/Controllers/BaseController.php on line 63.
 1 SYSTEMPATH/CodeIgniter.php(892): App\Controllers\BaseController->initController(Object(CodeIgniter\HTTP\IncomingRequest), Object(CodeIgniter\HTTP\Response), Object(CodeIgniter\Log\Logger))
 2 SYSTEMPATH/CodeIgniter.php(485): CodeIgniter\CodeIgniter->createController()
 3 SYSTEMPATH/CodeIgniter.php(353): CodeIgniter\CodeIgniter->handleRequest(null, Object(Config\Cache), false)
 4 FCPATH/index.php(79): CodeIgniter\CodeIgniter->run()
 5 /Applications/Herd.app/Contents/Resources/valet/server.php(167): require('/Users/mac/Herd/cilspace/public/index.php')
WARNING - 2025-02-21 18:21:52 --> [DEPRECATED] Creation of dynamic property Modul\Kasir\Controllers\Kasir::$pager is deprecated in APPPATH/Controllers/BaseController.php on line 64.
 1 SYSTEMPATH/CodeIgniter.php(892): App\Controllers\BaseController->initController(Object(CodeIgniter\HTTP\IncomingRequest), Object(CodeIgniter\HTTP\Response), Object(CodeIgniter\Log\Logger))
 2 SYSTEMPATH/CodeIgniter.php(485): CodeIgniter\CodeIgniter->createController()
 3 SYSTEMPATH/CodeIgniter.php(353): CodeIgniter\CodeIgniter->handleRequest(null, Object(Config\Cache), false)
 4 FCPATH/index.php(79): CodeIgniter\CodeIgniter->run()
 5 /Applications/Herd.app/Contents/Resources/valet/server.php(167): require('/Users/mac/Herd/cilspace/public/index.php')
WARNING - 2025-02-21 18:21:52 --> [DEPRECATED] Creation of dynamic property CodeIgniter\View\View::$session is deprecated in ROOTPATH/modul/Kasir/Views/viewStruk.php on line 7.
 1 SYSTEMPATH/View/View.php(226): include('/Users/mac/Herd/cilspace/modul/Kasir/Views/viewStruk.php')
 2 SYSTEMPATH/View/View.php(229): CodeIgniter\View\View->CodeIgniter\View\{closure}()
 3 SYSTEMPATH/Common.php(1188): CodeIgniter\View\View->render('Modul\\Kasir\\Views\\viewStruk', [], true)
 4 ROOTPATH/modul/Kasir/Controllers/Kasir.php(568): view('Modul\\Kasir\\Views\\viewStruk', [...])
 5 SYSTEMPATH/CodeIgniter.php(919): Modul\Kasir\Controllers\Kasir->struk('7')
 6 SYSTEMPATH/CodeIgniter.php(494): CodeIgniter\CodeIgniter->runController(Object(Modul\Kasir\Controllers\Kasir))
 7 SYSTEMPATH/CodeIgniter.php(353): CodeIgniter\CodeIgniter->handleRequest(null, Object(Config\Cache), false)
 8 FCPATH/index.php(79): CodeIgniter\CodeIgniter->run()
 9 /Applications/Herd.app/Contents/Resources/valet/server.php(167): require('/Users/mac/Herd/cilspace/public/index.php')
WARNING - 2025-02-21 18:21:52 --> [DEPRECATED] number_format(): Passing null to parameter #1 ($num) of type float is deprecated in ROOTPATH/modul/Kasir/Views/viewStruk.php on line 93.
 1 ROOTPATH/modul/Kasir/Views/viewStruk.php(93): number_format(null)
 2 SYSTEMPATH/View/View.php(226): include('/Users/mac/Herd/cilspace/modul/Kasir/Views/viewStruk.php')
 3 SYSTEMPATH/View/View.php(229): CodeIgniter\View\View->CodeIgniter\View\{closure}()
 4 SYSTEMPATH/Common.php(1188): CodeIgniter\View\View->render('Modul\\Kasir\\Views\\viewStruk', [], true)
 5 ROOTPATH/modul/Kasir/Controllers/Kasir.php(568): view('Modul\\Kasir\\Views\\viewStruk', [...])
 6 SYSTEMPATH/CodeIgniter.php(919): Modul\Kasir\Controllers\Kasir->struk('7')
 7 SYSTEMPATH/CodeIgniter.php(494): CodeIgniter\CodeIgniter->runController(Object(Modul\Kasir\Controllers\Kasir))
 8 SYSTEMPATH/CodeIgniter.php(353): CodeIgniter\CodeIgniter->handleRequest(null, Object(Config\Cache), false)
 9 FCPATH/index.php(79): CodeIgniter\CodeIgniter->run()
10 /Applications/Herd.app/Contents/Resources/valet/server.php(167): require('/Users/mac/Herd/cilspace/public/index.php')
WARNING - 2025-02-21 18:47:18 --> [DEPRECATED] Creation of dynamic property App\Filters\Auth::$db is deprecated in APPPATH/Filters/Auth.php on line 15.
 1 SYSTEMPATH/Filters/Filters.php(180): App\Filters\Auth->before(Object(CodeIgniter\HTTP\IncomingRequest), null)
 2 SYSTEMPATH/CodeIgniter.php(466): CodeIgniter\Filters\Filters->run('penjualan', 'before')
 3 SYSTEMPATH/CodeIgniter.php(353): CodeIgniter\CodeIgniter->handleRequest(null, Object(Config\Cache), false)
 4 FCPATH/index.php(79): CodeIgniter\CodeIgniter->run()
 5 /Applications/Herd.app/Contents/Resources/valet/server.php(167): require('/Users/mac/Herd/cilspace/public/index.php')
INFO - 2025-02-21 18:47:18 --> Session: Class initialized using 'CodeIgniter\Session\Handlers\FileHandler' driver.
INFO - 2025-02-21 18:47:18 --> Session: Class initialized using 'CodeIgniter\Session\Handlers\FileHandler' driver.
WARNING - 2025-02-21 18:47:18 --> [DEPRECATED] Creation of dynamic property Modul\Login\Controllers\Login::$session is deprecated in APPPATH/Controllers/BaseController.php on line 59.
 1 SYSTEMPATH/CodeIgniter.php(892): App\Controllers\BaseController->initController(Object(CodeIgniter\HTTP\IncomingRequest), Object(CodeIgniter\HTTP\Response), Object(CodeIgniter\Log\Logger))
 2 SYSTEMPATH/CodeIgniter.php(485): CodeIgniter\CodeIgniter->createController()
 3 SYSTEMPATH/CodeIgniter.php(353): CodeIgniter\CodeIgniter->handleRequest(null, Object(Config\Cache), false)
 4 FCPATH/index.php(79): CodeIgniter\CodeIgniter->run()
 5 /Applications/Herd.app/Contents/Resources/valet/server.php(167): require('/Users/mac/Herd/cilspace/public/index.php')
WARNING - 2025-02-21 18:47:18 --> [DEPRECATED] Creation of dynamic property Modul\Login\Controllers\Login::$validation is deprecated in APPPATH/Controllers/BaseController.php on line 60.
 1 SYSTEMPATH/CodeIgniter.php(892): App\Controllers\BaseController->initController(Object(CodeIgniter\HTTP\IncomingRequest), Object(CodeIgniter\HTTP\Response), Object(CodeIgniter\Log\Logger))
 2 SYSTEMPATH/CodeIgniter.php(485): CodeIgniter\CodeIgniter->createController()
 3 SYSTEMPATH/CodeIgniter.php(353): CodeIgniter\CodeIgniter->handleRequest(null, Object(Config\Cache), false)
 4 FCPATH/index.php(79): CodeIgniter\CodeIgniter->run()
 5 /Applications/Herd.app/Contents/Resources/valet/server.php(167): require('/Users/mac/Herd/cilspace/public/index.php')
WARNING - 2025-02-21 18:47:18 --> [DEPRECATED] Creation of dynamic property Modul\Login\Controllers\Login::$db is deprecated in APPPATH/Controllers/BaseController.php on line 62.
 1 SYSTEMPATH/CodeIgniter.php(892): App\Controllers\BaseController->initController(Object(CodeIgniter\HTTP\IncomingRequest), Object(CodeIgniter\HTTP\Response), Object(CodeIgniter\Log\Logger))
 2 SYSTEMPATH/CodeIgniter.php(485): CodeIgniter\CodeIgniter->createController()
 3 SYSTEMPATH/CodeIgniter.php(353): CodeIgniter\CodeIgniter->handleRequest(null, Object(Config\Cache), false)
 4 FCPATH/index.php(79): CodeIgniter\CodeIgniter->run()
 5 /Applications/Herd.app/Contents/Resources/valet/server.php(167): require('/Users/mac/Herd/cilspace/public/index.php')
WARNING - 2025-02-21 18:47:18 --> [DEPRECATED] Creation of dynamic property Modul\Login\Controllers\Login::$uri is deprecated in APPPATH/Controllers/BaseController.php on line 63.
 1 SYSTEMPATH/CodeIgniter.php(892): App\Controllers\BaseController->initController(Object(CodeIgniter\HTTP\IncomingRequest), Object(CodeIgniter\HTTP\Response), Object(CodeIgniter\Log\Logger))
 2 SYSTEMPATH/CodeIgniter.php(485): CodeIgniter\CodeIgniter->createController()
 3 SYSTEMPATH/CodeIgniter.php(353): CodeIgniter\CodeIgniter->handleRequest(null, Object(Config\Cache), false)
 4 FCPATH/index.php(79): CodeIgniter\CodeIgniter->run()
 5 /Applications/Herd.app/Contents/Resources/valet/server.php(167): require('/Users/mac/Herd/cilspace/public/index.php')
WARNING - 2025-02-21 18:47:18 --> [DEPRECATED] Creation of dynamic property Modul\Login\Controllers\Login::$pager is deprecated in APPPATH/Controllers/BaseController.php on line 64.
 1 SYSTEMPATH/CodeIgniter.php(892): App\Controllers\BaseController->initController(Object(CodeIgniter\HTTP\IncomingRequest), Object(CodeIgniter\HTTP\Response), Object(CodeIgniter\Log\Logger))
 2 SYSTEMPATH/CodeIgniter.php(485): CodeIgniter\CodeIgniter->createController()
 3 SYSTEMPATH/CodeIgniter.php(353): CodeIgniter\CodeIgniter->handleRequest(null, Object(Config\Cache), false)
 4 FCPATH/index.php(79): CodeIgniter\CodeIgniter->run()
 5 /Applications/Herd.app/Contents/Resources/valet/server.php(167): require('/Users/mac/Herd/cilspace/public/index.php')
WARNING - 2025-02-21 18:47:18 --> [DEPRECATED] Creation of dynamic property App\Filters\Auth::$db is deprecated in APPPATH/Filters/Auth.php on line 15.
 1 SYSTEMPATH/Filters/Filters.php(180): App\Filters\Auth->before(Object(CodeIgniter\HTTP\IncomingRequest), null)
 2 SYSTEMPATH/CodeIgniter.php(466): CodeIgniter\Filters\Filters->run('kasir', 'before')
 3 SYSTEMPATH/CodeIgniter.php(353): CodeIgniter\CodeIgniter->handleRequest(null, Object(Config\Cache), false)
 4 FCPATH/index.php(79): CodeIgniter\CodeIgniter->run()
 5 /Applications/Herd.app/Contents/Resources/valet/server.php(167): require('/Users/mac/Herd/cilspace/public/index.php')
INFO - 2025-02-21 18:47:18 --> Session: Class initialized using 'CodeIgniter\Session\Handlers\FileHandler' driver.
INFO - 2025-02-21 18:47:18 --> Session: Class initialized using 'CodeIgniter\Session\Handlers\FileHandler' driver.
WARNING - 2025-02-21 18:47:18 --> [DEPRECATED] Creation of dynamic property Modul\Login\Controllers\Login::$session is deprecated in APPPATH/Controllers/BaseController.php on line 59.
 1 SYSTEMPATH/CodeIgniter.php(892): App\Controllers\BaseController->initController(Object(CodeIgniter\HTTP\IncomingRequest), Object(CodeIgniter\HTTP\Response), Object(CodeIgniter\Log\Logger))
 2 SYSTEMPATH/CodeIgniter.php(485): CodeIgniter\CodeIgniter->createController()
 3 SYSTEMPATH/CodeIgniter.php(353): CodeIgniter\CodeIgniter->handleRequest(null, Object(Config\Cache), false)
 4 FCPATH/index.php(79): CodeIgniter\CodeIgniter->run()
 5 /Applications/Herd.app/Contents/Resources/valet/server.php(167): require('/Users/mac/Herd/cilspace/public/index.php')
WARNING - 2025-02-21 18:47:18 --> [DEPRECATED] Creation of dynamic property Modul\Login\Controllers\Login::$validation is deprecated in APPPATH/Controllers/BaseController.php on line 60.
 1 SYSTEMPATH/CodeIgniter.php(892): App\Controllers\BaseController->initController(Object(CodeIgniter\HTTP\IncomingRequest), Object(CodeIgniter\HTTP\Response), Object(CodeIgniter\Log\Logger))
 2 SYSTEMPATH/CodeIgniter.php(485): CodeIgniter\CodeIgniter->createController()
 3 SYSTEMPATH/CodeIgniter.php(353): CodeIgniter\CodeIgniter->handleRequest(null, Object(Config\Cache), false)
 4 FCPATH/index.php(79): CodeIgniter\CodeIgniter->run()
 5 /Applications/Herd.app/Contents/Resources/valet/server.php(167): require('/Users/mac/Herd/cilspace/public/index.php')
WARNING - 2025-02-21 18:47:18 --> [DEPRECATED] Creation of dynamic property Modul\Login\Controllers\Login::$db is deprecated in APPPATH/Controllers/BaseController.php on line 62.
 1 SYSTEMPATH/CodeIgniter.php(892): App\Controllers\BaseController->initController(Object(CodeIgniter\HTTP\IncomingRequest), Object(CodeIgniter\HTTP\Response), Object(CodeIgniter\Log\Logger))
 2 SYSTEMPATH/CodeIgniter.php(485): CodeIgniter\CodeIgniter->createController()
 3 SYSTEMPATH/CodeIgniter.php(353): CodeIgniter\CodeIgniter->handleRequest(null, Object(Config\Cache), false)
 4 FCPATH/index.php(79): CodeIgniter\CodeIgniter->run()
 5 /Applications/Herd.app/Contents/Resources/valet/server.php(167): require('/Users/mac/Herd/cilspace/public/index.php')
WARNING - 2025-02-21 18:47:18 --> [DEPRECATED] Creation of dynamic property Modul\Login\Controllers\Login::$uri is deprecated in APPPATH/Controllers/BaseController.php on line 63.
 1 SYSTEMPATH/CodeIgniter.php(892): App\Controllers\BaseController->initController(Object(CodeIgniter\HTTP\IncomingRequest), Object(CodeIgniter\HTTP\Response), Object(CodeIgniter\Log\Logger))
 2 SYSTEMPATH/CodeIgniter.php(485): CodeIgniter\CodeIgniter->createController()
 3 SYSTEMPATH/CodeIgniter.php(353): CodeIgniter\CodeIgniter->handleRequest(null, Object(Config\Cache), false)
 4 FCPATH/index.php(79): CodeIgniter\CodeIgniter->run()
 5 /Applications/Herd.app/Contents/Resources/valet/server.php(167): require('/Users/mac/Herd/cilspace/public/index.php')
WARNING - 2025-02-21 18:47:18 --> [DEPRECATED] Creation of dynamic property Modul\Login\Controllers\Login::$pager is deprecated in APPPATH/Controllers/BaseController.php on line 64.
 1 SYSTEMPATH/CodeIgniter.php(892): App\Controllers\BaseController->initController(Object(CodeIgniter\HTTP\IncomingRequest), Object(CodeIgniter\HTTP\Response), Object(CodeIgniter\Log\Logger))
 2 SYSTEMPATH/CodeIgniter.php(485): CodeIgniter\CodeIgniter->createController()
 3 SYSTEMPATH/CodeIgniter.php(353): CodeIgniter\CodeIgniter->handleRequest(null, Object(Config\Cache), false)
 4 FCPATH/index.php(79): CodeIgniter\CodeIgniter->run()
 5 /Applications/Herd.app/Contents/Resources/valet/server.php(167): require('/Users/mac/Herd/cilspace/public/index.php')
