INFO - 2024-07-03 09:15:31 --> Session: Class initialized using 'CodeIgniter\Session\Handlers\FileHandler' driver.
INFO - 2024-07-03 09:15:39 --> Session: Class initialized using 'CodeIgniter\Session\Handlers\FileHandler' driver.
INFO - 2024-07-03 09:15:39 --> Session: Class initialized using 'CodeIgniter\Session\Handlers\FileHandler' driver.
WARNING - 2024-07-03 09:15:40 --> [DEPRECATED] number_format(): Passing null to parameter #1 ($num) of type float is deprecated in ROOTPATH\modul\Dashboard\Controllers\Dashboard.php on line 48.
 1 ROOTPATH\modul\Dashboard\Controllers\Dashboard.php(48): number_format(null)
 2 SYSTEMPATH\CodeIgniter.php(919): Modul\Dashboard\Controllers\Dashboard->index()
 3 SYSTEMPATH\CodeIgniter.php(494): CodeIgniter\CodeIgniter->runController(Object(Modul\Dashboard\Controllers\Dashboard))
 4 SYSTEMPATH\CodeIgniter.php(353): CodeIgniter\CodeIgniter->handleRequest(null, Object(Config\Cache), false)
 5 FCPATH\index.php(79): CodeIgniter\CodeIgniter->run()
 6 SYSTEMPATH\Commands\Server\rewrite.php(47): require_once('C:\\laragon\\www\\foodcourt\\public\\index.php')
WARNING - 2024-07-03 09:15:40 --> [DEPRECATED] number_format(): Passing null to parameter #1 ($num) of type float is deprecated in ROOTPATH\modul\Dashboard\Controllers\Dashboard.php on line 53.
 1 ROOTPATH\modul\Dashboard\Controllers\Dashboard.php(53): number_format(null)
 2 SYSTEMPATH\CodeIgniter.php(919): Modul\Dashboard\Controllers\Dashboard->index()
 3 SYSTEMPATH\CodeIgniter.php(494): CodeIgniter\CodeIgniter->runController(Object(Modul\Dashboard\Controllers\Dashboard))
 4 SYSTEMPATH\CodeIgniter.php(353): CodeIgniter\CodeIgniter->handleRequest(null, Object(Config\Cache), false)
 5 FCPATH\index.php(79): CodeIgniter\CodeIgniter->run()
 6 SYSTEMPATH\Commands\Server\rewrite.php(47): require_once('C:\\laragon\\www\\foodcourt\\public\\index.php')
INFO - 2024-07-03 09:15:57 --> Session: Class initialized using 'CodeIgniter\Session\Handlers\FileHandler' driver.
INFO - 2024-07-03 09:15:58 --> Session: Class initialized using 'CodeIgniter\Session\Handlers\FileHandler' driver.
INFO - 2024-07-03 09:16:03 --> Session: Class initialized using 'CodeIgniter\Session\Handlers\FileHandler' driver.
INFO - 2024-07-03 09:16:12 --> Session: Class initialized using 'CodeIgniter\Session\Handlers\FileHandler' driver.
INFO - 2024-07-03 09:16:22 --> Session: Class initialized using 'CodeIgniter\Session\Handlers\FileHandler' driver.
INFO - 2024-07-03 09:16:24 --> Session: Class initialized using 'CodeIgniter\Session\Handlers\FileHandler' driver.
INFO - 2024-07-03 09:16:26 --> Session: Class initialized using 'CodeIgniter\Session\Handlers\FileHandler' driver.
INFO - 2024-07-03 09:16:28 --> Session: Class initialized using 'CodeIgniter\Session\Handlers\FileHandler' driver.
INFO - 2024-07-03 09:16:32 --> Session: Class initialized using 'CodeIgniter\Session\Handlers\FileHandler' driver.
INFO - 2024-07-03 09:16:36 --> Session: Class initialized using 'CodeIgniter\Session\Handlers\FileHandler' driver.
INFO - 2024-07-03 09:16:38 --> Session: Class initialized using 'CodeIgniter\Session\Handlers\FileHandler' driver.
INFO - 2024-07-03 09:16:41 --> Session: Class initialized using 'CodeIgniter\Session\Handlers\FileHandler' driver.
INFO - 2024-07-03 09:16:42 --> Session: Class initialized using 'CodeIgniter\Session\Handlers\FileHandler' driver.
INFO - 2024-07-03 09:16:43 --> Session: Class initialized using 'CodeIgniter\Session\Handlers\FileHandler' driver.
INFO - 2024-07-03 09:17:54 --> Session: Class initialized using 'CodeIgniter\Session\Handlers\FileHandler' driver.
INFO - 2024-07-03 09:17:55 --> Session: Class initialized using 'CodeIgniter\Session\Handlers\FileHandler' driver.
INFO - 2024-07-03 09:18:11 --> Session: Class initialized using 'CodeIgniter\Session\Handlers\FileHandler' driver.
INFO - 2024-07-03 09:18:22 --> Session: Class initialized using 'CodeIgniter\Session\Handlers\FileHandler' driver.
INFO - 2024-07-03 09:18:26 --> Session: Class initialized using 'CodeIgniter\Session\Handlers\FileHandler' driver.
INFO - 2024-07-03 09:19:53 --> Session: Class initialized using 'CodeIgniter\Session\Handlers\FileHandler' driver.
INFO - 2024-07-03 09:19:54 --> Session: Class initialized using 'CodeIgniter\Session\Handlers\FileHandler' driver.
INFO - 2024-07-03 09:19:58 --> Session: Class initialized using 'CodeIgniter\Session\Handlers\FileHandler' driver.
INFO - 2024-07-03 09:20:02 --> Session: Class initialized using 'CodeIgniter\Session\Handlers\FileHandler' driver.
INFO - 2024-07-03 09:21:31 --> Session: Class initialized using 'CodeIgniter\Session\Handlers\FileHandler' driver.
INFO - 2024-07-03 09:21:31 --> Session: Class initialized using 'CodeIgniter\Session\Handlers\FileHandler' driver.
INFO - 2024-07-03 09:21:34 --> Session: Class initialized using 'CodeIgniter\Session\Handlers\FileHandler' driver.
INFO - 2024-07-03 09:21:39 --> Session: Class initialized using 'CodeIgniter\Session\Handlers\FileHandler' driver.
INFO - 2024-07-03 09:21:40 --> Session: Class initialized using 'CodeIgniter\Session\Handlers\FileHandler' driver.
INFO - 2024-07-03 09:22:52 --> Session: Class initialized using 'CodeIgniter\Session\Handlers\FileHandler' driver.
INFO - 2024-07-03 11:03:18 --> Session: Class initialized using 'CodeIgniter\Session\Handlers\FileHandler' driver.
INFO - 2024-07-03 11:03:33 --> Session: Class initialized using 'CodeIgniter\Session\Handlers\FileHandler' driver.
INFO - 2024-07-03 11:03:33 --> Session: Class initialized using 'CodeIgniter\Session\Handlers\FileHandler' driver.
WARNING - 2024-07-03 11:03:33 --> [DEPRECATED] number_format(): Passing null to parameter #1 ($num) of type float is deprecated in ROOTPATH\modul\Dashboard\Controllers\Dashboard.php on line 48.
 1 ROOTPATH\modul\Dashboard\Controllers\Dashboard.php(48): number_format(null)
 2 SYSTEMPATH\CodeIgniter.php(919): Modul\Dashboard\Controllers\Dashboard->index()
 3 SYSTEMPATH\CodeIgniter.php(494): CodeIgniter\CodeIgniter->runController(Object(Modul\Dashboard\Controllers\Dashboard))
 4 SYSTEMPATH\CodeIgniter.php(353): CodeIgniter\CodeIgniter->handleRequest(null, Object(Config\Cache), false)
 5 FCPATH\index.php(79): CodeIgniter\CodeIgniter->run()
 6 SYSTEMPATH\Commands\Server\rewrite.php(47): require_once('C:\\laragon\\www\\foodcourt\\public\\index.php')
WARNING - 2024-07-03 11:03:33 --> [DEPRECATED] number_format(): Passing null to parameter #1 ($num) of type float is deprecated in ROOTPATH\modul\Dashboard\Controllers\Dashboard.php on line 53.
 1 ROOTPATH\modul\Dashboard\Controllers\Dashboard.php(53): number_format(null)
 2 SYSTEMPATH\CodeIgniter.php(919): Modul\Dashboard\Controllers\Dashboard->index()
 3 SYSTEMPATH\CodeIgniter.php(494): CodeIgniter\CodeIgniter->runController(Object(Modul\Dashboard\Controllers\Dashboard))
 4 SYSTEMPATH\CodeIgniter.php(353): CodeIgniter\CodeIgniter->handleRequest(null, Object(Config\Cache), false)
 5 FCPATH\index.php(79): CodeIgniter\CodeIgniter->run()
 6 SYSTEMPATH\Commands\Server\rewrite.php(47): require_once('C:\\laragon\\www\\foodcourt\\public\\index.php')
INFO - 2024-07-03 11:26:25 --> Session: Class initialized using 'CodeIgniter\Session\Handlers\FileHandler' driver.
WARNING - 2024-07-03 11:26:25 --> [DEPRECATED] number_format(): Passing null to parameter #1 ($num) of type float is deprecated in ROOTPATH\modul\Dashboard\Controllers\Dashboard.php on line 48.
 1 ROOTPATH\modul\Dashboard\Controllers\Dashboard.php(48): number_format(null)
 2 SYSTEMPATH\CodeIgniter.php(919): Modul\Dashboard\Controllers\Dashboard->index()
 3 SYSTEMPATH\CodeIgniter.php(494): CodeIgniter\CodeIgniter->runController(Object(Modul\Dashboard\Controllers\Dashboard))
 4 SYSTEMPATH\CodeIgniter.php(353): CodeIgniter\CodeIgniter->handleRequest(null, Object(Config\Cache), false)
 5 FCPATH\index.php(79): CodeIgniter\CodeIgniter->run()
 6 SYSTEMPATH\Commands\Server\rewrite.php(47): require_once('C:\\laragon\\www\\foodcourt\\public\\index.php')
WARNING - 2024-07-03 11:26:25 --> [DEPRECATED] number_format(): Passing null to parameter #1 ($num) of type float is deprecated in ROOTPATH\modul\Dashboard\Controllers\Dashboard.php on line 53.
 1 ROOTPATH\modul\Dashboard\Controllers\Dashboard.php(53): number_format(null)
 2 SYSTEMPATH\CodeIgniter.php(919): Modul\Dashboard\Controllers\Dashboard->index()
 3 SYSTEMPATH\CodeIgniter.php(494): CodeIgniter\CodeIgniter->runController(Object(Modul\Dashboard\Controllers\Dashboard))
 4 SYSTEMPATH\CodeIgniter.php(353): CodeIgniter\CodeIgniter->handleRequest(null, Object(Config\Cache), false)
 5 FCPATH\index.php(79): CodeIgniter\CodeIgniter->run()
 6 SYSTEMPATH\Commands\Server\rewrite.php(47): require_once('C:\\laragon\\www\\foodcourt\\public\\index.php')
INFO - 2024-07-03 11:29:11 --> Session: Class initialized using 'CodeIgniter\Session\Handlers\FileHandler' driver.
INFO - 2024-07-03 11:29:16 --> Session: Class initialized using 'CodeIgniter\Session\Handlers\FileHandler' driver.
WARNING - 2024-07-03 11:29:16 --> [DEPRECATED] number_format(): Passing null to parameter #1 ($num) of type float is deprecated in ROOTPATH\modul\Dashboard\Controllers\Dashboard.php on line 48.
 1 ROOTPATH\modul\Dashboard\Controllers\Dashboard.php(48): number_format(null)
 2 SYSTEMPATH\CodeIgniter.php(919): Modul\Dashboard\Controllers\Dashboard->index()
 3 SYSTEMPATH\CodeIgniter.php(494): CodeIgniter\CodeIgniter->runController(Object(Modul\Dashboard\Controllers\Dashboard))
 4 SYSTEMPATH\CodeIgniter.php(353): CodeIgniter\CodeIgniter->handleRequest(null, Object(Config\Cache), false)
 5 FCPATH\index.php(79): CodeIgniter\CodeIgniter->run()
 6 SYSTEMPATH\Commands\Server\rewrite.php(47): require_once('C:\\laragon\\www\\foodcourt\\public\\index.php')
WARNING - 2024-07-03 11:29:16 --> [DEPRECATED] number_format(): Passing null to parameter #1 ($num) of type float is deprecated in ROOTPATH\modul\Dashboard\Controllers\Dashboard.php on line 53.
 1 ROOTPATH\modul\Dashboard\Controllers\Dashboard.php(53): number_format(null)
 2 SYSTEMPATH\CodeIgniter.php(919): Modul\Dashboard\Controllers\Dashboard->index()
 3 SYSTEMPATH\CodeIgniter.php(494): CodeIgniter\CodeIgniter->runController(Object(Modul\Dashboard\Controllers\Dashboard))
 4 SYSTEMPATH\CodeIgniter.php(353): CodeIgniter\CodeIgniter->handleRequest(null, Object(Config\Cache), false)
 5 FCPATH\index.php(79): CodeIgniter\CodeIgniter->run()
 6 SYSTEMPATH\Commands\Server\rewrite.php(47): require_once('C:\\laragon\\www\\foodcourt\\public\\index.php')
INFO - 2024-07-03 11:29:40 --> Session: Class initialized using 'CodeIgniter\Session\Handlers\FileHandler' driver.
INFO - 2024-07-03 11:29:53 --> Session: Class initialized using 'CodeIgniter\Session\Handlers\FileHandler' driver.
WARNING - 2024-07-03 11:29:53 --> [DEPRECATED] number_format(): Passing null to parameter #1 ($num) of type float is deprecated in ROOTPATH\modul\Dashboard\Controllers\Dashboard.php on line 48.
 1 ROOTPATH\modul\Dashboard\Controllers\Dashboard.php(48): number_format(null)
 2 SYSTEMPATH\CodeIgniter.php(919): Modul\Dashboard\Controllers\Dashboard->index()
 3 SYSTEMPATH\CodeIgniter.php(494): CodeIgniter\CodeIgniter->runController(Object(Modul\Dashboard\Controllers\Dashboard))
 4 SYSTEMPATH\CodeIgniter.php(353): CodeIgniter\CodeIgniter->handleRequest(null, Object(Config\Cache), false)
 5 FCPATH\index.php(79): CodeIgniter\CodeIgniter->run()
 6 SYSTEMPATH\Commands\Server\rewrite.php(47): require_once('C:\\laragon\\www\\foodcourt\\public\\index.php')
WARNING - 2024-07-03 11:29:53 --> [DEPRECATED] number_format(): Passing null to parameter #1 ($num) of type float is deprecated in ROOTPATH\modul\Dashboard\Controllers\Dashboard.php on line 53.
 1 ROOTPATH\modul\Dashboard\Controllers\Dashboard.php(53): number_format(null)
 2 SYSTEMPATH\CodeIgniter.php(919): Modul\Dashboard\Controllers\Dashboard->index()
 3 SYSTEMPATH\CodeIgniter.php(494): CodeIgniter\CodeIgniter->runController(Object(Modul\Dashboard\Controllers\Dashboard))
 4 SYSTEMPATH\CodeIgniter.php(353): CodeIgniter\CodeIgniter->handleRequest(null, Object(Config\Cache), false)
 5 FCPATH\index.php(79): CodeIgniter\CodeIgniter->run()
 6 SYSTEMPATH\Commands\Server\rewrite.php(47): require_once('C:\\laragon\\www\\foodcourt\\public\\index.php')
INFO - 2024-07-03 11:29:58 --> Session: Class initialized using 'CodeIgniter\Session\Handlers\FileHandler' driver.
INFO - 2024-07-03 11:30:04 --> Session: Class initialized using 'CodeIgniter\Session\Handlers\FileHandler' driver.
WARNING - 2024-07-03 11:30:04 --> [DEPRECATED] number_format(): Passing null to parameter #1 ($num) of type float is deprecated in ROOTPATH\modul\Dashboard\Controllers\Dashboard.php on line 48.
 1 ROOTPATH\modul\Dashboard\Controllers\Dashboard.php(48): number_format(null)
 2 SYSTEMPATH\CodeIgniter.php(919): Modul\Dashboard\Controllers\Dashboard->index()
 3 SYSTEMPATH\CodeIgniter.php(494): CodeIgniter\CodeIgniter->runController(Object(Modul\Dashboard\Controllers\Dashboard))
 4 SYSTEMPATH\CodeIgniter.php(353): CodeIgniter\CodeIgniter->handleRequest(null, Object(Config\Cache), false)
 5 FCPATH\index.php(79): CodeIgniter\CodeIgniter->run()
 6 SYSTEMPATH\Commands\Server\rewrite.php(47): require_once('C:\\laragon\\www\\foodcourt\\public\\index.php')
WARNING - 2024-07-03 11:30:04 --> [DEPRECATED] number_format(): Passing null to parameter #1 ($num) of type float is deprecated in ROOTPATH\modul\Dashboard\Controllers\Dashboard.php on line 53.
 1 ROOTPATH\modul\Dashboard\Controllers\Dashboard.php(53): number_format(null)
 2 SYSTEMPATH\CodeIgniter.php(919): Modul\Dashboard\Controllers\Dashboard->index()
 3 SYSTEMPATH\CodeIgniter.php(494): CodeIgniter\CodeIgniter->runController(Object(Modul\Dashboard\Controllers\Dashboard))
 4 SYSTEMPATH\CodeIgniter.php(353): CodeIgniter\CodeIgniter->handleRequest(null, Object(Config\Cache), false)
 5 FCPATH\index.php(79): CodeIgniter\CodeIgniter->run()
 6 SYSTEMPATH\Commands\Server\rewrite.php(47): require_once('C:\\laragon\\www\\foodcourt\\public\\index.php')
INFO - 2024-07-03 11:30:06 --> Session: Class initialized using 'CodeIgniter\Session\Handlers\FileHandler' driver.
WARNING - 2024-07-03 11:30:06 --> [DEPRECATED] number_format(): Passing null to parameter #1 ($num) of type float is deprecated in ROOTPATH\modul\Dashboard\Controllers\Dashboard.php on line 48.
 1 ROOTPATH\modul\Dashboard\Controllers\Dashboard.php(48): number_format(null)
 2 SYSTEMPATH\CodeIgniter.php(919): Modul\Dashboard\Controllers\Dashboard->index()
 3 SYSTEMPATH\CodeIgniter.php(494): CodeIgniter\CodeIgniter->runController(Object(Modul\Dashboard\Controllers\Dashboard))
 4 SYSTEMPATH\CodeIgniter.php(353): CodeIgniter\CodeIgniter->handleRequest(null, Object(Config\Cache), false)
 5 FCPATH\index.php(79): CodeIgniter\CodeIgniter->run()
 6 SYSTEMPATH\Commands\Server\rewrite.php(47): require_once('C:\\laragon\\www\\foodcourt\\public\\index.php')
WARNING - 2024-07-03 11:30:06 --> [DEPRECATED] number_format(): Passing null to parameter #1 ($num) of type float is deprecated in ROOTPATH\modul\Dashboard\Controllers\Dashboard.php on line 53.
 1 ROOTPATH\modul\Dashboard\Controllers\Dashboard.php(53): number_format(null)
 2 SYSTEMPATH\CodeIgniter.php(919): Modul\Dashboard\Controllers\Dashboard->index()
 3 SYSTEMPATH\CodeIgniter.php(494): CodeIgniter\CodeIgniter->runController(Object(Modul\Dashboard\Controllers\Dashboard))
 4 SYSTEMPATH\CodeIgniter.php(353): CodeIgniter\CodeIgniter->handleRequest(null, Object(Config\Cache), false)
 5 FCPATH\index.php(79): CodeIgniter\CodeIgniter->run()
 6 SYSTEMPATH\Commands\Server\rewrite.php(47): require_once('C:\\laragon\\www\\foodcourt\\public\\index.php')
INFO - 2024-07-03 11:30:15 --> Session: Class initialized using 'CodeIgniter\Session\Handlers\FileHandler' driver.
INFO - 2024-07-03 11:31:42 --> Session: Class initialized using 'CodeIgniter\Session\Handlers\FileHandler' driver.
WARNING - 2024-07-03 11:31:42 --> [DEPRECATED] number_format(): Passing null to parameter #1 ($num) of type float is deprecated in ROOTPATH\modul\Dashboard\Controllers\Dashboard.php on line 48.
 1 ROOTPATH\modul\Dashboard\Controllers\Dashboard.php(48): number_format(null)
 2 SYSTEMPATH\CodeIgniter.php(919): Modul\Dashboard\Controllers\Dashboard->index()
 3 SYSTEMPATH\CodeIgniter.php(494): CodeIgniter\CodeIgniter->runController(Object(Modul\Dashboard\Controllers\Dashboard))
 4 SYSTEMPATH\CodeIgniter.php(353): CodeIgniter\CodeIgniter->handleRequest(null, Object(Config\Cache), false)
 5 FCPATH\index.php(79): CodeIgniter\CodeIgniter->run()
 6 SYSTEMPATH\Commands\Server\rewrite.php(47): require_once('C:\\laragon\\www\\foodcourt\\public\\index.php')
WARNING - 2024-07-03 11:31:42 --> [DEPRECATED] number_format(): Passing null to parameter #1 ($num) of type float is deprecated in ROOTPATH\modul\Dashboard\Controllers\Dashboard.php on line 53.
 1 ROOTPATH\modul\Dashboard\Controllers\Dashboard.php(53): number_format(null)
 2 SYSTEMPATH\CodeIgniter.php(919): Modul\Dashboard\Controllers\Dashboard->index()
 3 SYSTEMPATH\CodeIgniter.php(494): CodeIgniter\CodeIgniter->runController(Object(Modul\Dashboard\Controllers\Dashboard))
 4 SYSTEMPATH\CodeIgniter.php(353): CodeIgniter\CodeIgniter->handleRequest(null, Object(Config\Cache), false)
 5 FCPATH\index.php(79): CodeIgniter\CodeIgniter->run()
 6 SYSTEMPATH\Commands\Server\rewrite.php(47): require_once('C:\\laragon\\www\\foodcourt\\public\\index.php')
INFO - 2024-07-03 11:31:43 --> Session: Class initialized using 'CodeIgniter\Session\Handlers\FileHandler' driver.
WARNING - 2024-07-03 11:31:43 --> [DEPRECATED] number_format(): Passing null to parameter #1 ($num) of type float is deprecated in ROOTPATH\modul\Dashboard\Controllers\Dashboard.php on line 48.
 1 ROOTPATH\modul\Dashboard\Controllers\Dashboard.php(48): number_format(null)
 2 SYSTEMPATH\CodeIgniter.php(919): Modul\Dashboard\Controllers\Dashboard->index()
 3 SYSTEMPATH\CodeIgniter.php(494): CodeIgniter\CodeIgniter->runController(Object(Modul\Dashboard\Controllers\Dashboard))
 4 SYSTEMPATH\CodeIgniter.php(353): CodeIgniter\CodeIgniter->handleRequest(null, Object(Config\Cache), false)
 5 FCPATH\index.php(79): CodeIgniter\CodeIgniter->run()
 6 SYSTEMPATH\Commands\Server\rewrite.php(47): require_once('C:\\laragon\\www\\foodcourt\\public\\index.php')
WARNING - 2024-07-03 11:31:43 --> [DEPRECATED] number_format(): Passing null to parameter #1 ($num) of type float is deprecated in ROOTPATH\modul\Dashboard\Controllers\Dashboard.php on line 53.
 1 ROOTPATH\modul\Dashboard\Controllers\Dashboard.php(53): number_format(null)
 2 SYSTEMPATH\CodeIgniter.php(919): Modul\Dashboard\Controllers\Dashboard->index()
 3 SYSTEMPATH\CodeIgniter.php(494): CodeIgniter\CodeIgniter->runController(Object(Modul\Dashboard\Controllers\Dashboard))
 4 SYSTEMPATH\CodeIgniter.php(353): CodeIgniter\CodeIgniter->handleRequest(null, Object(Config\Cache), false)
 5 FCPATH\index.php(79): CodeIgniter\CodeIgniter->run()
 6 SYSTEMPATH\Commands\Server\rewrite.php(47): require_once('C:\\laragon\\www\\foodcourt\\public\\index.php')
INFO - 2024-07-03 11:31:44 --> Session: Class initialized using 'CodeIgniter\Session\Handlers\FileHandler' driver.
INFO - 2024-07-03 11:32:10 --> Session: Class initialized using 'CodeIgniter\Session\Handlers\FileHandler' driver.
INFO - 2024-07-03 11:33:44 --> Session: Class initialized using 'CodeIgniter\Session\Handlers\FileHandler' driver.
WARNING - 2024-07-03 11:33:44 --> [DEPRECATED] number_format(): Passing null to parameter #1 ($num) of type float is deprecated in ROOTPATH\modul\Dashboard\Controllers\Dashboard.php on line 48.
 1 ROOTPATH\modul\Dashboard\Controllers\Dashboard.php(48): number_format(null)
 2 SYSTEMPATH\CodeIgniter.php(919): Modul\Dashboard\Controllers\Dashboard->index()
 3 SYSTEMPATH\CodeIgniter.php(494): CodeIgniter\CodeIgniter->runController(Object(Modul\Dashboard\Controllers\Dashboard))
 4 SYSTEMPATH\CodeIgniter.php(353): CodeIgniter\CodeIgniter->handleRequest(null, Object(Config\Cache), false)
 5 FCPATH\index.php(79): CodeIgniter\CodeIgniter->run()
 6 SYSTEMPATH\Commands\Server\rewrite.php(47): require_once('C:\\laragon\\www\\foodcourt\\public\\index.php')
WARNING - 2024-07-03 11:33:44 --> [DEPRECATED] number_format(): Passing null to parameter #1 ($num) of type float is deprecated in ROOTPATH\modul\Dashboard\Controllers\Dashboard.php on line 53.
 1 ROOTPATH\modul\Dashboard\Controllers\Dashboard.php(53): number_format(null)
 2 SYSTEMPATH\CodeIgniter.php(919): Modul\Dashboard\Controllers\Dashboard->index()
 3 SYSTEMPATH\CodeIgniter.php(494): CodeIgniter\CodeIgniter->runController(Object(Modul\Dashboard\Controllers\Dashboard))
 4 SYSTEMPATH\CodeIgniter.php(353): CodeIgniter\CodeIgniter->handleRequest(null, Object(Config\Cache), false)
 5 FCPATH\index.php(79): CodeIgniter\CodeIgniter->run()
 6 SYSTEMPATH\Commands\Server\rewrite.php(47): require_once('C:\\laragon\\www\\foodcourt\\public\\index.php')
INFO - 2024-07-03 11:33:47 --> Session: Class initialized using 'CodeIgniter\Session\Handlers\FileHandler' driver.
INFO - 2024-07-03 11:33:49 --> Session: Class initialized using 'CodeIgniter\Session\Handlers\FileHandler' driver.
WARNING - 2024-07-03 11:33:49 --> [DEPRECATED] number_format(): Passing null to parameter #1 ($num) of type float is deprecated in ROOTPATH\modul\Dashboard\Controllers\Dashboard.php on line 48.
 1 ROOTPATH\modul\Dashboard\Controllers\Dashboard.php(48): number_format(null)
 2 SYSTEMPATH\CodeIgniter.php(919): Modul\Dashboard\Controllers\Dashboard->index()
 3 SYSTEMPATH\CodeIgniter.php(494): CodeIgniter\CodeIgniter->runController(Object(Modul\Dashboard\Controllers\Dashboard))
 4 SYSTEMPATH\CodeIgniter.php(353): CodeIgniter\CodeIgniter->handleRequest(null, Object(Config\Cache), false)
 5 FCPATH\index.php(79): CodeIgniter\CodeIgniter->run()
 6 SYSTEMPATH\Commands\Server\rewrite.php(47): require_once('C:\\laragon\\www\\foodcourt\\public\\index.php')
WARNING - 2024-07-03 11:33:49 --> [DEPRECATED] number_format(): Passing null to parameter #1 ($num) of type float is deprecated in ROOTPATH\modul\Dashboard\Controllers\Dashboard.php on line 53.
 1 ROOTPATH\modul\Dashboard\Controllers\Dashboard.php(53): number_format(null)
 2 SYSTEMPATH\CodeIgniter.php(919): Modul\Dashboard\Controllers\Dashboard->index()
 3 SYSTEMPATH\CodeIgniter.php(494): CodeIgniter\CodeIgniter->runController(Object(Modul\Dashboard\Controllers\Dashboard))
 4 SYSTEMPATH\CodeIgniter.php(353): CodeIgniter\CodeIgniter->handleRequest(null, Object(Config\Cache), false)
 5 FCPATH\index.php(79): CodeIgniter\CodeIgniter->run()
 6 SYSTEMPATH\Commands\Server\rewrite.php(47): require_once('C:\\laragon\\www\\foodcourt\\public\\index.php')
INFO - 2024-07-03 11:35:15 --> Session: Class initialized using 'CodeIgniter\Session\Handlers\FileHandler' driver.
INFO - 2024-07-03 11:35:24 --> Session: Class initialized using 'CodeIgniter\Session\Handlers\FileHandler' driver.
INFO - 2024-07-03 11:35:24 --> Session: Class initialized using 'CodeIgniter\Session\Handlers\FileHandler' driver.
WARNING - 2024-07-03 11:35:24 --> [DEPRECATED] number_format(): Passing null to parameter #1 ($num) of type float is deprecated in ROOTPATH\modul\Dashboard\Controllers\Dashboard.php on line 48.
 1 ROOTPATH\modul\Dashboard\Controllers\Dashboard.php(48): number_format(null)
 2 SYSTEMPATH\CodeIgniter.php(919): Modul\Dashboard\Controllers\Dashboard->index()
 3 SYSTEMPATH\CodeIgniter.php(494): CodeIgniter\CodeIgniter->runController(Object(Modul\Dashboard\Controllers\Dashboard))
 4 SYSTEMPATH\CodeIgniter.php(353): CodeIgniter\CodeIgniter->handleRequest(null, Object(Config\Cache), false)
 5 FCPATH\index.php(79): CodeIgniter\CodeIgniter->run()
 6 SYSTEMPATH\Commands\Server\rewrite.php(47): require_once('C:\\laragon\\www\\foodcourt\\public\\index.php')
WARNING - 2024-07-03 11:35:24 --> [DEPRECATED] number_format(): Passing null to parameter #1 ($num) of type float is deprecated in ROOTPATH\modul\Dashboard\Controllers\Dashboard.php on line 53.
 1 ROOTPATH\modul\Dashboard\Controllers\Dashboard.php(53): number_format(null)
 2 SYSTEMPATH\CodeIgniter.php(919): Modul\Dashboard\Controllers\Dashboard->index()
 3 SYSTEMPATH\CodeIgniter.php(494): CodeIgniter\CodeIgniter->runController(Object(Modul\Dashboard\Controllers\Dashboard))
 4 SYSTEMPATH\CodeIgniter.php(353): CodeIgniter\CodeIgniter->handleRequest(null, Object(Config\Cache), false)
 5 FCPATH\index.php(79): CodeIgniter\CodeIgniter->run()
 6 SYSTEMPATH\Commands\Server\rewrite.php(47): require_once('C:\\laragon\\www\\foodcourt\\public\\index.php')
INFO - 2024-07-03 11:35:27 --> Session: Class initialized using 'CodeIgniter\Session\Handlers\FileHandler' driver.
INFO - 2024-07-03 11:35:29 --> Session: Class initialized using 'CodeIgniter\Session\Handlers\FileHandler' driver.
WARNING - 2024-07-03 11:35:29 --> [DEPRECATED] number_format(): Passing null to parameter #1 ($num) of type float is deprecated in ROOTPATH\modul\Dashboard\Controllers\Dashboard.php on line 48.
 1 ROOTPATH\modul\Dashboard\Controllers\Dashboard.php(48): number_format(null)
 2 SYSTEMPATH\CodeIgniter.php(919): Modul\Dashboard\Controllers\Dashboard->index()
 3 SYSTEMPATH\CodeIgniter.php(494): CodeIgniter\CodeIgniter->runController(Object(Modul\Dashboard\Controllers\Dashboard))
 4 SYSTEMPATH\CodeIgniter.php(353): CodeIgniter\CodeIgniter->handleRequest(null, Object(Config\Cache), false)
 5 FCPATH\index.php(79): CodeIgniter\CodeIgniter->run()
 6 SYSTEMPATH\Commands\Server\rewrite.php(47): require_once('C:\\laragon\\www\\foodcourt\\public\\index.php')
WARNING - 2024-07-03 11:35:29 --> [DEPRECATED] number_format(): Passing null to parameter #1 ($num) of type float is deprecated in ROOTPATH\modul\Dashboard\Controllers\Dashboard.php on line 53.
 1 ROOTPATH\modul\Dashboard\Controllers\Dashboard.php(53): number_format(null)
 2 SYSTEMPATH\CodeIgniter.php(919): Modul\Dashboard\Controllers\Dashboard->index()
 3 SYSTEMPATH\CodeIgniter.php(494): CodeIgniter\CodeIgniter->runController(Object(Modul\Dashboard\Controllers\Dashboard))
 4 SYSTEMPATH\CodeIgniter.php(353): CodeIgniter\CodeIgniter->handleRequest(null, Object(Config\Cache), false)
 5 FCPATH\index.php(79): CodeIgniter\CodeIgniter->run()
 6 SYSTEMPATH\Commands\Server\rewrite.php(47): require_once('C:\\laragon\\www\\foodcourt\\public\\index.php')
INFO - 2024-07-03 11:35:37 --> Session: Class initialized using 'CodeIgniter\Session\Handlers\FileHandler' driver.
INFO - 2024-07-03 11:35:45 --> Session: Class initialized using 'CodeIgniter\Session\Handlers\FileHandler' driver.
WARNING - 2024-07-03 11:35:45 --> [DEPRECATED] number_format(): Passing null to parameter #1 ($num) of type float is deprecated in ROOTPATH\modul\Dashboard\Controllers\Dashboard.php on line 48.
 1 ROOTPATH\modul\Dashboard\Controllers\Dashboard.php(48): number_format(null)
 2 SYSTEMPATH\CodeIgniter.php(919): Modul\Dashboard\Controllers\Dashboard->index()
 3 SYSTEMPATH\CodeIgniter.php(494): CodeIgniter\CodeIgniter->runController(Object(Modul\Dashboard\Controllers\Dashboard))
 4 SYSTEMPATH\CodeIgniter.php(353): CodeIgniter\CodeIgniter->handleRequest(null, Object(Config\Cache), false)
 5 FCPATH\index.php(79): CodeIgniter\CodeIgniter->run()
 6 SYSTEMPATH\Commands\Server\rewrite.php(47): require_once('C:\\laragon\\www\\foodcourt\\public\\index.php')
WARNING - 2024-07-03 11:35:45 --> [DEPRECATED] number_format(): Passing null to parameter #1 ($num) of type float is deprecated in ROOTPATH\modul\Dashboard\Controllers\Dashboard.php on line 53.
 1 ROOTPATH\modul\Dashboard\Controllers\Dashboard.php(53): number_format(null)
 2 SYSTEMPATH\CodeIgniter.php(919): Modul\Dashboard\Controllers\Dashboard->index()
 3 SYSTEMPATH\CodeIgniter.php(494): CodeIgniter\CodeIgniter->runController(Object(Modul\Dashboard\Controllers\Dashboard))
 4 SYSTEMPATH\CodeIgniter.php(353): CodeIgniter\CodeIgniter->handleRequest(null, Object(Config\Cache), false)
 5 FCPATH\index.php(79): CodeIgniter\CodeIgniter->run()
 6 SYSTEMPATH\Commands\Server\rewrite.php(47): require_once('C:\\laragon\\www\\foodcourt\\public\\index.php')
INFO - 2024-07-03 11:35:47 --> Session: Class initialized using 'CodeIgniter\Session\Handlers\FileHandler' driver.
WARNING - 2024-07-03 11:35:47 --> [DEPRECATED] number_format(): Passing null to parameter #1 ($num) of type float is deprecated in ROOTPATH\modul\Dashboard\Controllers\Dashboard.php on line 48.
 1 ROOTPATH\modul\Dashboard\Controllers\Dashboard.php(48): number_format(null)
 2 SYSTEMPATH\CodeIgniter.php(919): Modul\Dashboard\Controllers\Dashboard->index()
 3 SYSTEMPATH\CodeIgniter.php(494): CodeIgniter\CodeIgniter->runController(Object(Modul\Dashboard\Controllers\Dashboard))
 4 SYSTEMPATH\CodeIgniter.php(353): CodeIgniter\CodeIgniter->handleRequest(null, Object(Config\Cache), false)
 5 FCPATH\index.php(79): CodeIgniter\CodeIgniter->run()
 6 SYSTEMPATH\Commands\Server\rewrite.php(47): require_once('C:\\laragon\\www\\foodcourt\\public\\index.php')
WARNING - 2024-07-03 11:35:47 --> [DEPRECATED] number_format(): Passing null to parameter #1 ($num) of type float is deprecated in ROOTPATH\modul\Dashboard\Controllers\Dashboard.php on line 53.
 1 ROOTPATH\modul\Dashboard\Controllers\Dashboard.php(53): number_format(null)
 2 SYSTEMPATH\CodeIgniter.php(919): Modul\Dashboard\Controllers\Dashboard->index()
 3 SYSTEMPATH\CodeIgniter.php(494): CodeIgniter\CodeIgniter->runController(Object(Modul\Dashboard\Controllers\Dashboard))
 4 SYSTEMPATH\CodeIgniter.php(353): CodeIgniter\CodeIgniter->handleRequest(null, Object(Config\Cache), false)
 5 FCPATH\index.php(79): CodeIgniter\CodeIgniter->run()
 6 SYSTEMPATH\Commands\Server\rewrite.php(47): require_once('C:\\laragon\\www\\foodcourt\\public\\index.php')
INFO - 2024-07-03 11:35:53 --> Session: Class initialized using 'CodeIgniter\Session\Handlers\FileHandler' driver.
INFO - 2024-07-03 11:35:56 --> Session: Class initialized using 'CodeIgniter\Session\Handlers\FileHandler' driver.
WARNING - 2024-07-03 11:35:56 --> [DEPRECATED] number_format(): Passing null to parameter #1 ($num) of type float is deprecated in ROOTPATH\modul\Dashboard\Controllers\Dashboard.php on line 48.
 1 ROOTPATH\modul\Dashboard\Controllers\Dashboard.php(48): number_format(null)
 2 SYSTEMPATH\CodeIgniter.php(919): Modul\Dashboard\Controllers\Dashboard->index()
 3 SYSTEMPATH\CodeIgniter.php(494): CodeIgniter\CodeIgniter->runController(Object(Modul\Dashboard\Controllers\Dashboard))
 4 SYSTEMPATH\CodeIgniter.php(353): CodeIgniter\CodeIgniter->handleRequest(null, Object(Config\Cache), false)
 5 FCPATH\index.php(79): CodeIgniter\CodeIgniter->run()
 6 SYSTEMPATH\Commands\Server\rewrite.php(47): require_once('C:\\laragon\\www\\foodcourt\\public\\index.php')
WARNING - 2024-07-03 11:35:56 --> [DEPRECATED] number_format(): Passing null to parameter #1 ($num) of type float is deprecated in ROOTPATH\modul\Dashboard\Controllers\Dashboard.php on line 53.
 1 ROOTPATH\modul\Dashboard\Controllers\Dashboard.php(53): number_format(null)
 2 SYSTEMPATH\CodeIgniter.php(919): Modul\Dashboard\Controllers\Dashboard->index()
 3 SYSTEMPATH\CodeIgniter.php(494): CodeIgniter\CodeIgniter->runController(Object(Modul\Dashboard\Controllers\Dashboard))
 4 SYSTEMPATH\CodeIgniter.php(353): CodeIgniter\CodeIgniter->handleRequest(null, Object(Config\Cache), false)
 5 FCPATH\index.php(79): CodeIgniter\CodeIgniter->run()
 6 SYSTEMPATH\Commands\Server\rewrite.php(47): require_once('C:\\laragon\\www\\foodcourt\\public\\index.php')
INFO - 2024-07-03 11:36:20 --> Session: Class initialized using 'CodeIgniter\Session\Handlers\FileHandler' driver.
WARNING - 2024-07-03 11:36:20 --> [DEPRECATED] number_format(): Passing null to parameter #1 ($num) of type float is deprecated in ROOTPATH\modul\Dashboard\Controllers\Dashboard.php on line 48.
 1 ROOTPATH\modul\Dashboard\Controllers\Dashboard.php(48): number_format(null)
 2 SYSTEMPATH\CodeIgniter.php(919): Modul\Dashboard\Controllers\Dashboard->index()
 3 SYSTEMPATH\CodeIgniter.php(494): CodeIgniter\CodeIgniter->runController(Object(Modul\Dashboard\Controllers\Dashboard))
 4 SYSTEMPATH\CodeIgniter.php(353): CodeIgniter\CodeIgniter->handleRequest(null, Object(Config\Cache), false)
 5 FCPATH\index.php(79): CodeIgniter\CodeIgniter->run()
 6 SYSTEMPATH\Commands\Server\rewrite.php(47): require_once('C:\\laragon\\www\\foodcourt\\public\\index.php')
WARNING - 2024-07-03 11:36:20 --> [DEPRECATED] number_format(): Passing null to parameter #1 ($num) of type float is deprecated in ROOTPATH\modul\Dashboard\Controllers\Dashboard.php on line 53.
 1 ROOTPATH\modul\Dashboard\Controllers\Dashboard.php(53): number_format(null)
 2 SYSTEMPATH\CodeIgniter.php(919): Modul\Dashboard\Controllers\Dashboard->index()
 3 SYSTEMPATH\CodeIgniter.php(494): CodeIgniter\CodeIgniter->runController(Object(Modul\Dashboard\Controllers\Dashboard))
 4 SYSTEMPATH\CodeIgniter.php(353): CodeIgniter\CodeIgniter->handleRequest(null, Object(Config\Cache), false)
 5 FCPATH\index.php(79): CodeIgniter\CodeIgniter->run()
 6 SYSTEMPATH\Commands\Server\rewrite.php(47): require_once('C:\\laragon\\www\\foodcourt\\public\\index.php')
INFO - 2024-07-03 11:36:29 --> Session: Class initialized using 'CodeIgniter\Session\Handlers\FileHandler' driver.
INFO - 2024-07-03 11:36:34 --> Session: Class initialized using 'CodeIgniter\Session\Handlers\FileHandler' driver.
WARNING - 2024-07-03 11:36:34 --> [DEPRECATED] number_format(): Passing null to parameter #1 ($num) of type float is deprecated in ROOTPATH\modul\Dashboard\Controllers\Dashboard.php on line 48.
 1 ROOTPATH\modul\Dashboard\Controllers\Dashboard.php(48): number_format(null)
 2 SYSTEMPATH\CodeIgniter.php(919): Modul\Dashboard\Controllers\Dashboard->index()
 3 SYSTEMPATH\CodeIgniter.php(494): CodeIgniter\CodeIgniter->runController(Object(Modul\Dashboard\Controllers\Dashboard))
 4 SYSTEMPATH\CodeIgniter.php(353): CodeIgniter\CodeIgniter->handleRequest(null, Object(Config\Cache), false)
 5 FCPATH\index.php(79): CodeIgniter\CodeIgniter->run()
 6 SYSTEMPATH\Commands\Server\rewrite.php(47): require_once('C:\\laragon\\www\\foodcourt\\public\\index.php')
WARNING - 2024-07-03 11:36:34 --> [DEPRECATED] number_format(): Passing null to parameter #1 ($num) of type float is deprecated in ROOTPATH\modul\Dashboard\Controllers\Dashboard.php on line 53.
 1 ROOTPATH\modul\Dashboard\Controllers\Dashboard.php(53): number_format(null)
 2 SYSTEMPATH\CodeIgniter.php(919): Modul\Dashboard\Controllers\Dashboard->index()
 3 SYSTEMPATH\CodeIgniter.php(494): CodeIgniter\CodeIgniter->runController(Object(Modul\Dashboard\Controllers\Dashboard))
 4 SYSTEMPATH\CodeIgniter.php(353): CodeIgniter\CodeIgniter->handleRequest(null, Object(Config\Cache), false)
 5 FCPATH\index.php(79): CodeIgniter\CodeIgniter->run()
 6 SYSTEMPATH\Commands\Server\rewrite.php(47): require_once('C:\\laragon\\www\\foodcourt\\public\\index.php')
INFO - 2024-07-03 11:36:47 --> Session: Class initialized using 'CodeIgniter\Session\Handlers\FileHandler' driver.
WARNING - 2024-07-03 11:36:47 --> [DEPRECATED] number_format(): Passing null to parameter #1 ($num) of type float is deprecated in ROOTPATH\modul\Dashboard\Controllers\Dashboard.php on line 48.
 1 ROOTPATH\modul\Dashboard\Controllers\Dashboard.php(48): number_format(null)
 2 SYSTEMPATH\CodeIgniter.php(919): Modul\Dashboard\Controllers\Dashboard->index()
 3 SYSTEMPATH\CodeIgniter.php(494): CodeIgniter\CodeIgniter->runController(Object(Modul\Dashboard\Controllers\Dashboard))
 4 SYSTEMPATH\CodeIgniter.php(353): CodeIgniter\CodeIgniter->handleRequest(null, Object(Config\Cache), false)
 5 FCPATH\index.php(79): CodeIgniter\CodeIgniter->run()
 6 SYSTEMPATH\Commands\Server\rewrite.php(47): require_once('C:\\laragon\\www\\foodcourt\\public\\index.php')
WARNING - 2024-07-03 11:36:47 --> [DEPRECATED] number_format(): Passing null to parameter #1 ($num) of type float is deprecated in ROOTPATH\modul\Dashboard\Controllers\Dashboard.php on line 53.
 1 ROOTPATH\modul\Dashboard\Controllers\Dashboard.php(53): number_format(null)
 2 SYSTEMPATH\CodeIgniter.php(919): Modul\Dashboard\Controllers\Dashboard->index()
 3 SYSTEMPATH\CodeIgniter.php(494): CodeIgniter\CodeIgniter->runController(Object(Modul\Dashboard\Controllers\Dashboard))
 4 SYSTEMPATH\CodeIgniter.php(353): CodeIgniter\CodeIgniter->handleRequest(null, Object(Config\Cache), false)
 5 FCPATH\index.php(79): CodeIgniter\CodeIgniter->run()
 6 SYSTEMPATH\Commands\Server\rewrite.php(47): require_once('C:\\laragon\\www\\foodcourt\\public\\index.php')
INFO - 2024-07-03 11:36:50 --> Session: Class initialized using 'CodeIgniter\Session\Handlers\FileHandler' driver.
INFO - 2024-07-03 11:37:07 --> Session: Class initialized using 'CodeIgniter\Session\Handlers\FileHandler' driver.
WARNING - 2024-07-03 11:37:07 --> [DEPRECATED] number_format(): Passing null to parameter #1 ($num) of type float is deprecated in ROOTPATH\modul\Dashboard\Controllers\Dashboard.php on line 48.
 1 ROOTPATH\modul\Dashboard\Controllers\Dashboard.php(48): number_format(null)
 2 SYSTEMPATH\CodeIgniter.php(919): Modul\Dashboard\Controllers\Dashboard->index()
 3 SYSTEMPATH\CodeIgniter.php(494): CodeIgniter\CodeIgniter->runController(Object(Modul\Dashboard\Controllers\Dashboard))
 4 SYSTEMPATH\CodeIgniter.php(353): CodeIgniter\CodeIgniter->handleRequest(null, Object(Config\Cache), false)
 5 FCPATH\index.php(79): CodeIgniter\CodeIgniter->run()
 6 SYSTEMPATH\Commands\Server\rewrite.php(47): require_once('C:\\laragon\\www\\foodcourt\\public\\index.php')
WARNING - 2024-07-03 11:37:07 --> [DEPRECATED] number_format(): Passing null to parameter #1 ($num) of type float is deprecated in ROOTPATH\modul\Dashboard\Controllers\Dashboard.php on line 53.
 1 ROOTPATH\modul\Dashboard\Controllers\Dashboard.php(53): number_format(null)
 2 SYSTEMPATH\CodeIgniter.php(919): Modul\Dashboard\Controllers\Dashboard->index()
 3 SYSTEMPATH\CodeIgniter.php(494): CodeIgniter\CodeIgniter->runController(Object(Modul\Dashboard\Controllers\Dashboard))
 4 SYSTEMPATH\CodeIgniter.php(353): CodeIgniter\CodeIgniter->handleRequest(null, Object(Config\Cache), false)
 5 FCPATH\index.php(79): CodeIgniter\CodeIgniter->run()
 6 SYSTEMPATH\Commands\Server\rewrite.php(47): require_once('C:\\laragon\\www\\foodcourt\\public\\index.php')
INFO - 2024-07-03 11:37:17 --> Session: Class initialized using 'CodeIgniter\Session\Handlers\FileHandler' driver.
INFO - 2024-07-03 11:37:52 --> Session: Class initialized using 'CodeIgniter\Session\Handlers\FileHandler' driver.
INFO - 2024-07-03 11:42:39 --> Session: Class initialized using 'CodeIgniter\Session\Handlers\FileHandler' driver.
INFO - 2024-07-03 11:42:40 --> Session: Class initialized using 'CodeIgniter\Session\Handlers\FileHandler' driver.
INFO - 2024-07-03 11:49:53 --> Session: Class initialized using 'CodeIgniter\Session\Handlers\FileHandler' driver.
INFO - 2024-07-03 11:49:54 --> Session: Class initialized using 'CodeIgniter\Session\Handlers\FileHandler' driver.
INFO - 2024-07-03 11:49:55 --> Session: Class initialized using 'CodeIgniter\Session\Handlers\FileHandler' driver.
INFO - 2024-07-03 11:49:56 --> Session: Class initialized using 'CodeIgniter\Session\Handlers\FileHandler' driver.
INFO - 2024-07-03 11:49:57 --> Session: Class initialized using 'CodeIgniter\Session\Handlers\FileHandler' driver.
INFO - 2024-07-03 11:50:04 --> Session: Class initialized using 'CodeIgniter\Session\Handlers\FileHandler' driver.
INFO - 2024-07-03 11:50:05 --> Session: Class initialized using 'CodeIgniter\Session\Handlers\FileHandler' driver.
INFO - 2024-07-03 11:50:06 --> Session: Class initialized using 'CodeIgniter\Session\Handlers\FileHandler' driver.
INFO - 2024-07-03 11:50:07 --> Session: Class initialized using 'CodeIgniter\Session\Handlers\FileHandler' driver.
INFO - 2024-07-03 11:50:08 --> Session: Class initialized using 'CodeIgniter\Session\Handlers\FileHandler' driver.
INFO - 2024-07-03 11:50:11 --> Session: Class initialized using 'CodeIgniter\Session\Handlers\FileHandler' driver.
INFO - 2024-07-03 11:50:13 --> Session: Class initialized using 'CodeIgniter\Session\Handlers\FileHandler' driver.
INFO - 2024-07-03 11:50:13 --> Session: Class initialized using 'CodeIgniter\Session\Handlers\FileHandler' driver.
INFO - 2024-07-03 11:50:14 --> Session: Class initialized using 'CodeIgniter\Session\Handlers\FileHandler' driver.
INFO - 2024-07-03 11:50:15 --> Session: Class initialized using 'CodeIgniter\Session\Handlers\FileHandler' driver.
INFO - 2024-07-03 11:50:17 --> Session: Class initialized using 'CodeIgniter\Session\Handlers\FileHandler' driver.
INFO - 2024-07-03 11:50:20 --> Session: Class initialized using 'CodeIgniter\Session\Handlers\FileHandler' driver.
INFO - 2024-07-03 11:50:20 --> Session: Class initialized using 'CodeIgniter\Session\Handlers\FileHandler' driver.
INFO - 2024-07-03 11:53:14 --> Session: Class initialized using 'CodeIgniter\Session\Handlers\FileHandler' driver.
INFO - 2024-07-03 12:00:58 --> Session: Class initialized using 'CodeIgniter\Session\Handlers\FileHandler' driver.
INFO - 2024-07-03 12:01:15 --> Session: Class initialized using 'CodeIgniter\Session\Handlers\FileHandler' driver.
INFO - 2024-07-03 12:01:16 --> Session: Class initialized using 'CodeIgniter\Session\Handlers\FileHandler' driver.
INFO - 2024-07-03 12:01:19 --> Session: Class initialized using 'CodeIgniter\Session\Handlers\FileHandler' driver.
INFO - 2024-07-03 12:01:20 --> Session: Class initialized using 'CodeIgniter\Session\Handlers\FileHandler' driver.
INFO - 2024-07-03 12:01:21 --> Session: Class initialized using 'CodeIgniter\Session\Handlers\FileHandler' driver.
INFO - 2024-07-03 12:01:38 --> Session: Class initialized using 'CodeIgniter\Session\Handlers\FileHandler' driver.
INFO - 2024-07-03 12:01:59 --> Session: Class initialized using 'CodeIgniter\Session\Handlers\FileHandler' driver.
INFO - 2024-07-03 13:34:17 --> Session: Class initialized using 'CodeIgniter\Session\Handlers\FileHandler' driver.
INFO - 2024-07-03 13:34:30 --> Session: Class initialized using 'CodeIgniter\Session\Handlers\FileHandler' driver.
INFO - 2024-07-03 13:34:39 --> Session: Class initialized using 'CodeIgniter\Session\Handlers\FileHandler' driver.
INFO - 2024-07-03 13:34:39 --> Session: Class initialized using 'CodeIgniter\Session\Handlers\FileHandler' driver.
WARNING - 2024-07-03 13:34:40 --> [DEPRECATED] number_format(): Passing null to parameter #1 ($num) of type float is deprecated in ROOTPATH\modul\Dashboard\Controllers\Dashboard.php on line 48.
 1 ROOTPATH\modul\Dashboard\Controllers\Dashboard.php(48): number_format(null)
 2 SYSTEMPATH\CodeIgniter.php(919): Modul\Dashboard\Controllers\Dashboard->index()
 3 SYSTEMPATH\CodeIgniter.php(494): CodeIgniter\CodeIgniter->runController(Object(Modul\Dashboard\Controllers\Dashboard))
 4 SYSTEMPATH\CodeIgniter.php(353): CodeIgniter\CodeIgniter->handleRequest(null, Object(Config\Cache), false)
 5 FCPATH\index.php(79): CodeIgniter\CodeIgniter->run()
 6 SYSTEMPATH\Commands\Server\rewrite.php(47): require_once('C:\\laragon\\www\\foodcourt\\public\\index.php')
WARNING - 2024-07-03 13:34:40 --> [DEPRECATED] number_format(): Passing null to parameter #1 ($num) of type float is deprecated in ROOTPATH\modul\Dashboard\Controllers\Dashboard.php on line 53.
 1 ROOTPATH\modul\Dashboard\Controllers\Dashboard.php(53): number_format(null)
 2 SYSTEMPATH\CodeIgniter.php(919): Modul\Dashboard\Controllers\Dashboard->index()
 3 SYSTEMPATH\CodeIgniter.php(494): CodeIgniter\CodeIgniter->runController(Object(Modul\Dashboard\Controllers\Dashboard))
 4 SYSTEMPATH\CodeIgniter.php(353): CodeIgniter\CodeIgniter->handleRequest(null, Object(Config\Cache), false)
 5 FCPATH\index.php(79): CodeIgniter\CodeIgniter->run()
 6 SYSTEMPATH\Commands\Server\rewrite.php(47): require_once('C:\\laragon\\www\\foodcourt\\public\\index.php')
INFO - 2024-07-03 13:36:29 --> Session: Class initialized using 'CodeIgniter\Session\Handlers\FileHandler' driver.
INFO - 2024-07-03 13:36:40 --> Session: Class initialized using 'CodeIgniter\Session\Handlers\FileHandler' driver.
INFO - 2024-07-03 13:36:40 --> Session: Class initialized using 'CodeIgniter\Session\Handlers\FileHandler' driver.
WARNING - 2024-07-03 13:36:40 --> [DEPRECATED] number_format(): Passing null to parameter #1 ($num) of type float is deprecated in ROOTPATH\modul\Dashboard\Controllers\Dashboard.php on line 48.
 1 ROOTPATH\modul\Dashboard\Controllers\Dashboard.php(48): number_format(null)
 2 SYSTEMPATH\CodeIgniter.php(919): Modul\Dashboard\Controllers\Dashboard->index()
 3 SYSTEMPATH\CodeIgniter.php(494): CodeIgniter\CodeIgniter->runController(Object(Modul\Dashboard\Controllers\Dashboard))
 4 SYSTEMPATH\CodeIgniter.php(353): CodeIgniter\CodeIgniter->handleRequest(null, Object(Config\Cache), false)
 5 FCPATH\index.php(79): CodeIgniter\CodeIgniter->run()
 6 SYSTEMPATH\Commands\Server\rewrite.php(47): require_once('C:\\laragon\\www\\foodcourt\\public\\index.php')
WARNING - 2024-07-03 13:36:40 --> [DEPRECATED] number_format(): Passing null to parameter #1 ($num) of type float is deprecated in ROOTPATH\modul\Dashboard\Controllers\Dashboard.php on line 53.
 1 ROOTPATH\modul\Dashboard\Controllers\Dashboard.php(53): number_format(null)
 2 SYSTEMPATH\CodeIgniter.php(919): Modul\Dashboard\Controllers\Dashboard->index()
 3 SYSTEMPATH\CodeIgniter.php(494): CodeIgniter\CodeIgniter->runController(Object(Modul\Dashboard\Controllers\Dashboard))
 4 SYSTEMPATH\CodeIgniter.php(353): CodeIgniter\CodeIgniter->handleRequest(null, Object(Config\Cache), false)
 5 FCPATH\index.php(79): CodeIgniter\CodeIgniter->run()
 6 SYSTEMPATH\Commands\Server\rewrite.php(47): require_once('C:\\laragon\\www\\foodcourt\\public\\index.php')
INFO - 2024-07-03 13:45:27 --> Session: Class initialized using 'CodeIgniter\Session\Handlers\FileHandler' driver.
INFO - 2024-07-03 13:45:28 --> Session: Class initialized using 'CodeIgniter\Session\Handlers\FileHandler' driver.
INFO - 2024-07-03 13:47:35 --> Session: Class initialized using 'CodeIgniter\Session\Handlers\FileHandler' driver.
WARNING - 2024-07-03 13:47:35 --> [DEPRECATED] number_format(): Passing null to parameter #1 ($num) of type float is deprecated in ROOTPATH\modul\Dashboard\Controllers\Dashboard.php on line 48.
 1 ROOTPATH\modul\Dashboard\Controllers\Dashboard.php(48): number_format(null)
 2 SYSTEMPATH\CodeIgniter.php(919): Modul\Dashboard\Controllers\Dashboard->index()
 3 SYSTEMPATH\CodeIgniter.php(494): CodeIgniter\CodeIgniter->runController(Object(Modul\Dashboard\Controllers\Dashboard))
 4 SYSTEMPATH\CodeIgniter.php(353): CodeIgniter\CodeIgniter->handleRequest(null, Object(Config\Cache), false)
 5 FCPATH\index.php(79): CodeIgniter\CodeIgniter->run()
 6 SYSTEMPATH\Commands\Server\rewrite.php(47): require_once('C:\\laragon\\www\\foodcourt\\public\\index.php')
WARNING - 2024-07-03 13:47:35 --> [DEPRECATED] number_format(): Passing null to parameter #1 ($num) of type float is deprecated in ROOTPATH\modul\Dashboard\Controllers\Dashboard.php on line 53.
 1 ROOTPATH\modul\Dashboard\Controllers\Dashboard.php(53): number_format(null)
 2 SYSTEMPATH\CodeIgniter.php(919): Modul\Dashboard\Controllers\Dashboard->index()
 3 SYSTEMPATH\CodeIgniter.php(494): CodeIgniter\CodeIgniter->runController(Object(Modul\Dashboard\Controllers\Dashboard))
 4 SYSTEMPATH\CodeIgniter.php(353): CodeIgniter\CodeIgniter->handleRequest(null, Object(Config\Cache), false)
 5 FCPATH\index.php(79): CodeIgniter\CodeIgniter->run()
 6 SYSTEMPATH\Commands\Server\rewrite.php(47): require_once('C:\\laragon\\www\\foodcourt\\public\\index.php')
INFO - 2024-07-03 13:47:40 --> Session: Class initialized using 'CodeIgniter\Session\Handlers\FileHandler' driver.
INFO - 2024-07-03 13:47:47 --> Session: Class initialized using 'CodeIgniter\Session\Handlers\FileHandler' driver.
INFO - 2024-07-03 13:47:50 --> Session: Class initialized using 'CodeIgniter\Session\Handlers\FileHandler' driver.
INFO - 2024-07-03 13:47:51 --> Session: Class initialized using 'CodeIgniter\Session\Handlers\FileHandler' driver.
INFO - 2024-07-03 13:47:53 --> Session: Class initialized using 'CodeIgniter\Session\Handlers\FileHandler' driver.
INFO - 2024-07-03 13:47:54 --> Session: Class initialized using 'CodeIgniter\Session\Handlers\FileHandler' driver.
INFO - 2024-07-03 13:56:55 --> Session: Class initialized using 'CodeIgniter\Session\Handlers\FileHandler' driver.
INFO - 2024-07-03 13:56:56 --> Session: Class initialized using 'CodeIgniter\Session\Handlers\FileHandler' driver.
INFO - 2024-07-03 13:57:07 --> Session: Class initialized using 'CodeIgniter\Session\Handlers\FileHandler' driver.
INFO - 2024-07-03 13:57:08 --> Session: Class initialized using 'CodeIgniter\Session\Handlers\FileHandler' driver.
INFO - 2024-07-03 13:57:15 --> Session: Class initialized using 'CodeIgniter\Session\Handlers\FileHandler' driver.
INFO - 2024-07-03 13:57:16 --> Session: Class initialized using 'CodeIgniter\Session\Handlers\FileHandler' driver.
INFO - 2024-07-03 13:58:26 --> Session: Class initialized using 'CodeIgniter\Session\Handlers\FileHandler' driver.
INFO - 2024-07-03 13:58:27 --> Session: Class initialized using 'CodeIgniter\Session\Handlers\FileHandler' driver.
INFO - 2024-07-03 14:00:27 --> Session: Class initialized using 'CodeIgniter\Session\Handlers\FileHandler' driver.
INFO - 2024-07-03 14:00:28 --> Session: Class initialized using 'CodeIgniter\Session\Handlers\FileHandler' driver.
INFO - 2024-07-03 14:00:54 --> Session: Class initialized using 'CodeIgniter\Session\Handlers\FileHandler' driver.
INFO - 2024-07-03 14:00:55 --> Session: Class initialized using 'CodeIgniter\Session\Handlers\FileHandler' driver.
INFO - 2024-07-03 14:01:21 --> Session: Class initialized using 'CodeIgniter\Session\Handlers\FileHandler' driver.
INFO - 2024-07-03 14:01:22 --> Session: Class initialized using 'CodeIgniter\Session\Handlers\FileHandler' driver.
INFO - 2024-07-03 14:03:00 --> Session: Class initialized using 'CodeIgniter\Session\Handlers\FileHandler' driver.
INFO - 2024-07-03 14:03:01 --> Session: Class initialized using 'CodeIgniter\Session\Handlers\FileHandler' driver.
INFO - 2024-07-03 14:05:58 --> Session: Class initialized using 'CodeIgniter\Session\Handlers\FileHandler' driver.
INFO - 2024-07-03 14:05:59 --> Session: Class initialized using 'CodeIgniter\Session\Handlers\FileHandler' driver.
INFO - 2024-07-03 14:07:19 --> Session: Class initialized using 'CodeIgniter\Session\Handlers\FileHandler' driver.
INFO - 2024-07-03 14:07:20 --> Session: Class initialized using 'CodeIgniter\Session\Handlers\FileHandler' driver.
INFO - 2024-07-03 14:08:22 --> Session: Class initialized using 'CodeIgniter\Session\Handlers\FileHandler' driver.
INFO - 2024-07-03 14:08:23 --> Session: Class initialized using 'CodeIgniter\Session\Handlers\FileHandler' driver.
INFO - 2024-07-03 14:08:40 --> Session: Class initialized using 'CodeIgniter\Session\Handlers\FileHandler' driver.
INFO - 2024-07-03 14:08:40 --> Session: Class initialized using 'CodeIgniter\Session\Handlers\FileHandler' driver.
INFO - 2024-07-03 14:33:38 --> Session: Class initialized using 'CodeIgniter\Session\Handlers\FileHandler' driver.
INFO - 2024-07-03 14:33:39 --> Session: Class initialized using 'CodeIgniter\Session\Handlers\FileHandler' driver.
INFO - 2024-07-03 14:33:42 --> Session: Class initialized using 'CodeIgniter\Session\Handlers\FileHandler' driver.
INFO - 2024-07-03 14:33:43 --> Session: Class initialized using 'CodeIgniter\Session\Handlers\FileHandler' driver.
INFO - 2024-07-03 14:33:43 --> Session: Class initialized using 'CodeIgniter\Session\Handlers\FileHandler' driver.
INFO - 2024-07-03 14:33:44 --> Session: Class initialized using 'CodeIgniter\Session\Handlers\FileHandler' driver.
WARNING - 2024-07-03 14:33:44 --> [DEPRECATED] number_format(): Passing null to parameter #1 ($num) of type float is deprecated in ROOTPATH\modul\Utang\Controllers\Utang.php on line 70.
 1 ROOTPATH\modul\Utang\Controllers\Utang.php(70): number_format(null)
 2 APPPATH\ThirdParty\codeigniter4-datatables\src\DataTableQuery.php(91): Modul\Utang\Controllers\Utang->Modul\Utang\Controllers\{closure}(Object(stdClass))
 3 APPPATH\ThirdParty\codeigniter4-datatables\src\DataTable.php(176): Hermawan\DataTables\DataTableQuery->getDataResult()
 4 ROOTPATH\modul\Utang\Controllers\Utang.php(93): Hermawan\DataTables\DataTable->toJson(true)
 5 SYSTEMPATH\CodeIgniter.php(919): Modul\Utang\Controllers\Utang->datatable()
 6 SYSTEMPATH\CodeIgniter.php(494): CodeIgniter\CodeIgniter->runController(Object(Modul\Utang\Controllers\Utang))
 7 SYSTEMPATH\CodeIgniter.php(353): CodeIgniter\CodeIgniter->handleRequest(null, Object(Config\Cache), false)
 8 FCPATH\index.php(79): CodeIgniter\CodeIgniter->run()
 9 SYSTEMPATH\Commands\Server\rewrite.php(47): require_once('C:\\laragon\\www\\foodcourt\\public\\index.php')
WARNING - 2024-07-03 14:33:44 --> [DEPRECATED] number_format(): Passing null to parameter #1 ($num) of type float is deprecated in ROOTPATH\modul\Utang\Controllers\Utang.php on line 70.
 1 ROOTPATH\modul\Utang\Controllers\Utang.php(70): number_format(null)
 2 APPPATH\ThirdParty\codeigniter4-datatables\src\DataTableQuery.php(91): Modul\Utang\Controllers\Utang->Modul\Utang\Controllers\{closure}(Object(stdClass))
 3 APPPATH\ThirdParty\codeigniter4-datatables\src\DataTable.php(176): Hermawan\DataTables\DataTableQuery->getDataResult()
 4 ROOTPATH\modul\Utang\Controllers\Utang.php(93): Hermawan\DataTables\DataTable->toJson(true)
 5 SYSTEMPATH\CodeIgniter.php(919): Modul\Utang\Controllers\Utang->datatable()
 6 SYSTEMPATH\CodeIgniter.php(494): CodeIgniter\CodeIgniter->runController(Object(Modul\Utang\Controllers\Utang))
 7 SYSTEMPATH\CodeIgniter.php(353): CodeIgniter\CodeIgniter->handleRequest(null, Object(Config\Cache), false)
 8 FCPATH\index.php(79): CodeIgniter\CodeIgniter->run()
 9 SYSTEMPATH\Commands\Server\rewrite.php(47): require_once('C:\\laragon\\www\\foodcourt\\public\\index.php')
WARNING - 2024-07-03 14:33:44 --> [DEPRECATED] number_format(): Passing null to parameter #1 ($num) of type float is deprecated in ROOTPATH\modul\Utang\Controllers\Utang.php on line 70.
 1 ROOTPATH\modul\Utang\Controllers\Utang.php(70): number_format(null)
 2 APPPATH\ThirdParty\codeigniter4-datatables\src\DataTableQuery.php(91): Modul\Utang\Controllers\Utang->Modul\Utang\Controllers\{closure}(Object(stdClass))
 3 APPPATH\ThirdParty\codeigniter4-datatables\src\DataTable.php(176): Hermawan\DataTables\DataTableQuery->getDataResult()
 4 ROOTPATH\modul\Utang\Controllers\Utang.php(93): Hermawan\DataTables\DataTable->toJson(true)
 5 SYSTEMPATH\CodeIgniter.php(919): Modul\Utang\Controllers\Utang->datatable()
 6 SYSTEMPATH\CodeIgniter.php(494): CodeIgniter\CodeIgniter->runController(Object(Modul\Utang\Controllers\Utang))
 7 SYSTEMPATH\CodeIgniter.php(353): CodeIgniter\CodeIgniter->handleRequest(null, Object(Config\Cache), false)
 8 FCPATH\index.php(79): CodeIgniter\CodeIgniter->run()
 9 SYSTEMPATH\Commands\Server\rewrite.php(47): require_once('C:\\laragon\\www\\foodcourt\\public\\index.php')
WARNING - 2024-07-03 14:33:44 --> [DEPRECATED] number_format(): Passing null to parameter #1 ($num) of type float is deprecated in ROOTPATH\modul\Utang\Controllers\Utang.php on line 70.
 1 ROOTPATH\modul\Utang\Controllers\Utang.php(70): number_format(null)
 2 APPPATH\ThirdParty\codeigniter4-datatables\src\DataTableQuery.php(91): Modul\Utang\Controllers\Utang->Modul\Utang\Controllers\{closure}(Object(stdClass))
 3 APPPATH\ThirdParty\codeigniter4-datatables\src\DataTable.php(176): Hermawan\DataTables\DataTableQuery->getDataResult()
 4 ROOTPATH\modul\Utang\Controllers\Utang.php(93): Hermawan\DataTables\DataTable->toJson(true)
 5 SYSTEMPATH\CodeIgniter.php(919): Modul\Utang\Controllers\Utang->datatable()
 6 SYSTEMPATH\CodeIgniter.php(494): CodeIgniter\CodeIgniter->runController(Object(Modul\Utang\Controllers\Utang))
 7 SYSTEMPATH\CodeIgniter.php(353): CodeIgniter\CodeIgniter->handleRequest(null, Object(Config\Cache), false)
 8 FCPATH\index.php(79): CodeIgniter\CodeIgniter->run()
 9 SYSTEMPATH\Commands\Server\rewrite.php(47): require_once('C:\\laragon\\www\\foodcourt\\public\\index.php')
WARNING - 2024-07-03 14:33:44 --> [DEPRECATED] number_format(): Passing null to parameter #1 ($num) of type float is deprecated in ROOTPATH\modul\Utang\Controllers\Utang.php on line 70.
 1 ROOTPATH\modul\Utang\Controllers\Utang.php(70): number_format(null)
 2 APPPATH\ThirdParty\codeigniter4-datatables\src\DataTableQuery.php(91): Modul\Utang\Controllers\Utang->Modul\Utang\Controllers\{closure}(Object(stdClass))
 3 APPPATH\ThirdParty\codeigniter4-datatables\src\DataTable.php(176): Hermawan\DataTables\DataTableQuery->getDataResult()
 4 ROOTPATH\modul\Utang\Controllers\Utang.php(93): Hermawan\DataTables\DataTable->toJson(true)
 5 SYSTEMPATH\CodeIgniter.php(919): Modul\Utang\Controllers\Utang->datatable()
 6 SYSTEMPATH\CodeIgniter.php(494): CodeIgniter\CodeIgniter->runController(Object(Modul\Utang\Controllers\Utang))
 7 SYSTEMPATH\CodeIgniter.php(353): CodeIgniter\CodeIgniter->handleRequest(null, Object(Config\Cache), false)
 8 FCPATH\index.php(79): CodeIgniter\CodeIgniter->run()
 9 SYSTEMPATH\Commands\Server\rewrite.php(47): require_once('C:\\laragon\\www\\foodcourt\\public\\index.php')
WARNING - 2024-07-03 14:33:44 --> [DEPRECATED] number_format(): Passing null to parameter #1 ($num) of type float is deprecated in ROOTPATH\modul\Utang\Controllers\Utang.php on line 70.
 1 ROOTPATH\modul\Utang\Controllers\Utang.php(70): number_format(null)
 2 APPPATH\ThirdParty\codeigniter4-datatables\src\DataTableQuery.php(91): Modul\Utang\Controllers\Utang->Modul\Utang\Controllers\{closure}(Object(stdClass))
 3 APPPATH\ThirdParty\codeigniter4-datatables\src\DataTable.php(176): Hermawan\DataTables\DataTableQuery->getDataResult()
 4 ROOTPATH\modul\Utang\Controllers\Utang.php(93): Hermawan\DataTables\DataTable->toJson(true)
 5 SYSTEMPATH\CodeIgniter.php(919): Modul\Utang\Controllers\Utang->datatable()
 6 SYSTEMPATH\CodeIgniter.php(494): CodeIgniter\CodeIgniter->runController(Object(Modul\Utang\Controllers\Utang))
 7 SYSTEMPATH\CodeIgniter.php(353): CodeIgniter\CodeIgniter->handleRequest(null, Object(Config\Cache), false)
 8 FCPATH\index.php(79): CodeIgniter\CodeIgniter->run()
 9 SYSTEMPATH\Commands\Server\rewrite.php(47): require_once('C:\\laragon\\www\\foodcourt\\public\\index.php')
WARNING - 2024-07-03 14:33:44 --> [DEPRECATED] number_format(): Passing null to parameter #1 ($num) of type float is deprecated in ROOTPATH\modul\Utang\Controllers\Utang.php on line 70.
 1 ROOTPATH\modul\Utang\Controllers\Utang.php(70): number_format(null)
 2 APPPATH\ThirdParty\codeigniter4-datatables\src\DataTableQuery.php(91): Modul\Utang\Controllers\Utang->Modul\Utang\Controllers\{closure}(Object(stdClass))
 3 APPPATH\ThirdParty\codeigniter4-datatables\src\DataTable.php(176): Hermawan\DataTables\DataTableQuery->getDataResult()
 4 ROOTPATH\modul\Utang\Controllers\Utang.php(93): Hermawan\DataTables\DataTable->toJson(true)
 5 SYSTEMPATH\CodeIgniter.php(919): Modul\Utang\Controllers\Utang->datatable()
 6 SYSTEMPATH\CodeIgniter.php(494): CodeIgniter\CodeIgniter->runController(Object(Modul\Utang\Controllers\Utang))
 7 SYSTEMPATH\CodeIgniter.php(353): CodeIgniter\CodeIgniter->handleRequest(null, Object(Config\Cache), false)
 8 FCPATH\index.php(79): CodeIgniter\CodeIgniter->run()
 9 SYSTEMPATH\Commands\Server\rewrite.php(47): require_once('C:\\laragon\\www\\foodcourt\\public\\index.php')
WARNING - 2024-07-03 14:33:44 --> [DEPRECATED] number_format(): Passing null to parameter #1 ($num) of type float is deprecated in ROOTPATH\modul\Utang\Controllers\Utang.php on line 70.
 1 ROOTPATH\modul\Utang\Controllers\Utang.php(70): number_format(null)
 2 APPPATH\ThirdParty\codeigniter4-datatables\src\DataTableQuery.php(91): Modul\Utang\Controllers\Utang->Modul\Utang\Controllers\{closure}(Object(stdClass))
 3 APPPATH\ThirdParty\codeigniter4-datatables\src\DataTable.php(176): Hermawan\DataTables\DataTableQuery->getDataResult()
 4 ROOTPATH\modul\Utang\Controllers\Utang.php(93): Hermawan\DataTables\DataTable->toJson(true)
 5 SYSTEMPATH\CodeIgniter.php(919): Modul\Utang\Controllers\Utang->datatable()
 6 SYSTEMPATH\CodeIgniter.php(494): CodeIgniter\CodeIgniter->runController(Object(Modul\Utang\Controllers\Utang))
 7 SYSTEMPATH\CodeIgniter.php(353): CodeIgniter\CodeIgniter->handleRequest(null, Object(Config\Cache), false)
 8 FCPATH\index.php(79): CodeIgniter\CodeIgniter->run()
 9 SYSTEMPATH\Commands\Server\rewrite.php(47): require_once('C:\\laragon\\www\\foodcourt\\public\\index.php')
WARNING - 2024-07-03 14:33:44 --> [DEPRECATED] number_format(): Passing null to parameter #1 ($num) of type float is deprecated in ROOTPATH\modul\Utang\Controllers\Utang.php on line 70.
 1 ROOTPATH\modul\Utang\Controllers\Utang.php(70): number_format(null)
 2 APPPATH\ThirdParty\codeigniter4-datatables\src\DataTableQuery.php(91): Modul\Utang\Controllers\Utang->Modul\Utang\Controllers\{closure}(Object(stdClass))
 3 APPPATH\ThirdParty\codeigniter4-datatables\src\DataTable.php(176): Hermawan\DataTables\DataTableQuery->getDataResult()
 4 ROOTPATH\modul\Utang\Controllers\Utang.php(93): Hermawan\DataTables\DataTable->toJson(true)
 5 SYSTEMPATH\CodeIgniter.php(919): Modul\Utang\Controllers\Utang->datatable()
 6 SYSTEMPATH\CodeIgniter.php(494): CodeIgniter\CodeIgniter->runController(Object(Modul\Utang\Controllers\Utang))
 7 SYSTEMPATH\CodeIgniter.php(353): CodeIgniter\CodeIgniter->handleRequest(null, Object(Config\Cache), false)
 8 FCPATH\index.php(79): CodeIgniter\CodeIgniter->run()
 9 SYSTEMPATH\Commands\Server\rewrite.php(47): require_once('C:\\laragon\\www\\foodcourt\\public\\index.php')
WARNING - 2024-07-03 14:33:44 --> [DEPRECATED] number_format(): Passing null to parameter #1 ($num) of type float is deprecated in ROOTPATH\modul\Utang\Controllers\Utang.php on line 70.
 1 ROOTPATH\modul\Utang\Controllers\Utang.php(70): number_format(null)
 2 APPPATH\ThirdParty\codeigniter4-datatables\src\DataTableQuery.php(91): Modul\Utang\Controllers\Utang->Modul\Utang\Controllers\{closure}(Object(stdClass))
 3 APPPATH\ThirdParty\codeigniter4-datatables\src\DataTable.php(176): Hermawan\DataTables\DataTableQuery->getDataResult()
 4 ROOTPATH\modul\Utang\Controllers\Utang.php(93): Hermawan\DataTables\DataTable->toJson(true)
 5 SYSTEMPATH\CodeIgniter.php(919): Modul\Utang\Controllers\Utang->datatable()
 6 SYSTEMPATH\CodeIgniter.php(494): CodeIgniter\CodeIgniter->runController(Object(Modul\Utang\Controllers\Utang))
 7 SYSTEMPATH\CodeIgniter.php(353): CodeIgniter\CodeIgniter->handleRequest(null, Object(Config\Cache), false)
 8 FCPATH\index.php(79): CodeIgniter\CodeIgniter->run()
 9 SYSTEMPATH\Commands\Server\rewrite.php(47): require_once('C:\\laragon\\www\\foodcourt\\public\\index.php')
INFO - 2024-07-03 14:33:46 --> Session: Class initialized using 'CodeIgniter\Session\Handlers\FileHandler' driver.
INFO - 2024-07-03 14:33:47 --> Session: Class initialized using 'CodeIgniter\Session\Handlers\FileHandler' driver.
INFO - 2024-07-03 14:33:50 --> Session: Class initialized using 'CodeIgniter\Session\Handlers\FileHandler' driver.
INFO - 2024-07-03 14:33:51 --> Session: Class initialized using 'CodeIgniter\Session\Handlers\FileHandler' driver.
INFO - 2024-07-03 14:38:34 --> Session: Class initialized using 'CodeIgniter\Session\Handlers\FileHandler' driver.
INFO - 2024-07-03 14:38:35 --> Session: Class initialized using 'CodeIgniter\Session\Handlers\FileHandler' driver.
INFO - 2024-07-03 14:38:55 --> Session: Class initialized using 'CodeIgniter\Session\Handlers\FileHandler' driver.
INFO - 2024-07-03 14:38:56 --> Session: Class initialized using 'CodeIgniter\Session\Handlers\FileHandler' driver.
WARNING - 2024-07-03 14:38:56 --> [DEPRECATED] number_format(): Passing null to parameter #1 ($num) of type float is deprecated in ROOTPATH\modul\Utang\Controllers\Utang.php on line 70.
 1 ROOTPATH\modul\Utang\Controllers\Utang.php(70): number_format(null)
 2 APPPATH\ThirdParty\codeigniter4-datatables\src\DataTableQuery.php(91): Modul\Utang\Controllers\Utang->Modul\Utang\Controllers\{closure}(Object(stdClass))
 3 APPPATH\ThirdParty\codeigniter4-datatables\src\DataTable.php(176): Hermawan\DataTables\DataTableQuery->getDataResult()
 4 ROOTPATH\modul\Utang\Controllers\Utang.php(93): Hermawan\DataTables\DataTable->toJson(true)
 5 SYSTEMPATH\CodeIgniter.php(919): Modul\Utang\Controllers\Utang->datatable()
 6 SYSTEMPATH\CodeIgniter.php(494): CodeIgniter\CodeIgniter->runController(Object(Modul\Utang\Controllers\Utang))
 7 SYSTEMPATH\CodeIgniter.php(353): CodeIgniter\CodeIgniter->handleRequest(null, Object(Config\Cache), false)
 8 FCPATH\index.php(79): CodeIgniter\CodeIgniter->run()
 9 SYSTEMPATH\Commands\Server\rewrite.php(47): require_once('C:\\laragon\\www\\foodcourt\\public\\index.php')
WARNING - 2024-07-03 14:38:56 --> [DEPRECATED] number_format(): Passing null to parameter #1 ($num) of type float is deprecated in ROOTPATH\modul\Utang\Controllers\Utang.php on line 70.
 1 ROOTPATH\modul\Utang\Controllers\Utang.php(70): number_format(null)
 2 APPPATH\ThirdParty\codeigniter4-datatables\src\DataTableQuery.php(91): Modul\Utang\Controllers\Utang->Modul\Utang\Controllers\{closure}(Object(stdClass))
 3 APPPATH\ThirdParty\codeigniter4-datatables\src\DataTable.php(176): Hermawan\DataTables\DataTableQuery->getDataResult()
 4 ROOTPATH\modul\Utang\Controllers\Utang.php(93): Hermawan\DataTables\DataTable->toJson(true)
 5 SYSTEMPATH\CodeIgniter.php(919): Modul\Utang\Controllers\Utang->datatable()
 6 SYSTEMPATH\CodeIgniter.php(494): CodeIgniter\CodeIgniter->runController(Object(Modul\Utang\Controllers\Utang))
 7 SYSTEMPATH\CodeIgniter.php(353): CodeIgniter\CodeIgniter->handleRequest(null, Object(Config\Cache), false)
 8 FCPATH\index.php(79): CodeIgniter\CodeIgniter->run()
 9 SYSTEMPATH\Commands\Server\rewrite.php(47): require_once('C:\\laragon\\www\\foodcourt\\public\\index.php')
WARNING - 2024-07-03 14:38:56 --> [DEPRECATED] number_format(): Passing null to parameter #1 ($num) of type float is deprecated in ROOTPATH\modul\Utang\Controllers\Utang.php on line 70.
 1 ROOTPATH\modul\Utang\Controllers\Utang.php(70): number_format(null)
 2 APPPATH\ThirdParty\codeigniter4-datatables\src\DataTableQuery.php(91): Modul\Utang\Controllers\Utang->Modul\Utang\Controllers\{closure}(Object(stdClass))
 3 APPPATH\ThirdParty\codeigniter4-datatables\src\DataTable.php(176): Hermawan\DataTables\DataTableQuery->getDataResult()
 4 ROOTPATH\modul\Utang\Controllers\Utang.php(93): Hermawan\DataTables\DataTable->toJson(true)
 5 SYSTEMPATH\CodeIgniter.php(919): Modul\Utang\Controllers\Utang->datatable()
 6 SYSTEMPATH\CodeIgniter.php(494): CodeIgniter\CodeIgniter->runController(Object(Modul\Utang\Controllers\Utang))
 7 SYSTEMPATH\CodeIgniter.php(353): CodeIgniter\CodeIgniter->handleRequest(null, Object(Config\Cache), false)
 8 FCPATH\index.php(79): CodeIgniter\CodeIgniter->run()
 9 SYSTEMPATH\Commands\Server\rewrite.php(47): require_once('C:\\laragon\\www\\foodcourt\\public\\index.php')
WARNING - 2024-07-03 14:38:56 --> [DEPRECATED] number_format(): Passing null to parameter #1 ($num) of type float is deprecated in ROOTPATH\modul\Utang\Controllers\Utang.php on line 70.
 1 ROOTPATH\modul\Utang\Controllers\Utang.php(70): number_format(null)
 2 APPPATH\ThirdParty\codeigniter4-datatables\src\DataTableQuery.php(91): Modul\Utang\Controllers\Utang->Modul\Utang\Controllers\{closure}(Object(stdClass))
 3 APPPATH\ThirdParty\codeigniter4-datatables\src\DataTable.php(176): Hermawan\DataTables\DataTableQuery->getDataResult()
 4 ROOTPATH\modul\Utang\Controllers\Utang.php(93): Hermawan\DataTables\DataTable->toJson(true)
 5 SYSTEMPATH\CodeIgniter.php(919): Modul\Utang\Controllers\Utang->datatable()
 6 SYSTEMPATH\CodeIgniter.php(494): CodeIgniter\CodeIgniter->runController(Object(Modul\Utang\Controllers\Utang))
 7 SYSTEMPATH\CodeIgniter.php(353): CodeIgniter\CodeIgniter->handleRequest(null, Object(Config\Cache), false)
 8 FCPATH\index.php(79): CodeIgniter\CodeIgniter->run()
 9 SYSTEMPATH\Commands\Server\rewrite.php(47): require_once('C:\\laragon\\www\\foodcourt\\public\\index.php')
WARNING - 2024-07-03 14:38:56 --> [DEPRECATED] number_format(): Passing null to parameter #1 ($num) of type float is deprecated in ROOTPATH\modul\Utang\Controllers\Utang.php on line 70.
 1 ROOTPATH\modul\Utang\Controllers\Utang.php(70): number_format(null)
 2 APPPATH\ThirdParty\codeigniter4-datatables\src\DataTableQuery.php(91): Modul\Utang\Controllers\Utang->Modul\Utang\Controllers\{closure}(Object(stdClass))
 3 APPPATH\ThirdParty\codeigniter4-datatables\src\DataTable.php(176): Hermawan\DataTables\DataTableQuery->getDataResult()
 4 ROOTPATH\modul\Utang\Controllers\Utang.php(93): Hermawan\DataTables\DataTable->toJson(true)
 5 SYSTEMPATH\CodeIgniter.php(919): Modul\Utang\Controllers\Utang->datatable()
 6 SYSTEMPATH\CodeIgniter.php(494): CodeIgniter\CodeIgniter->runController(Object(Modul\Utang\Controllers\Utang))
 7 SYSTEMPATH\CodeIgniter.php(353): CodeIgniter\CodeIgniter->handleRequest(null, Object(Config\Cache), false)
 8 FCPATH\index.php(79): CodeIgniter\CodeIgniter->run()
 9 SYSTEMPATH\Commands\Server\rewrite.php(47): require_once('C:\\laragon\\www\\foodcourt\\public\\index.php')
WARNING - 2024-07-03 14:38:56 --> [DEPRECATED] number_format(): Passing null to parameter #1 ($num) of type float is deprecated in ROOTPATH\modul\Utang\Controllers\Utang.php on line 70.
 1 ROOTPATH\modul\Utang\Controllers\Utang.php(70): number_format(null)
 2 APPPATH\ThirdParty\codeigniter4-datatables\src\DataTableQuery.php(91): Modul\Utang\Controllers\Utang->Modul\Utang\Controllers\{closure}(Object(stdClass))
 3 APPPATH\ThirdParty\codeigniter4-datatables\src\DataTable.php(176): Hermawan\DataTables\DataTableQuery->getDataResult()
 4 ROOTPATH\modul\Utang\Controllers\Utang.php(93): Hermawan\DataTables\DataTable->toJson(true)
 5 SYSTEMPATH\CodeIgniter.php(919): Modul\Utang\Controllers\Utang->datatable()
 6 SYSTEMPATH\CodeIgniter.php(494): CodeIgniter\CodeIgniter->runController(Object(Modul\Utang\Controllers\Utang))
 7 SYSTEMPATH\CodeIgniter.php(353): CodeIgniter\CodeIgniter->handleRequest(null, Object(Config\Cache), false)
 8 FCPATH\index.php(79): CodeIgniter\CodeIgniter->run()
 9 SYSTEMPATH\Commands\Server\rewrite.php(47): require_once('C:\\laragon\\www\\foodcourt\\public\\index.php')
WARNING - 2024-07-03 14:38:56 --> [DEPRECATED] number_format(): Passing null to parameter #1 ($num) of type float is deprecated in ROOTPATH\modul\Utang\Controllers\Utang.php on line 70.
 1 ROOTPATH\modul\Utang\Controllers\Utang.php(70): number_format(null)
 2 APPPATH\ThirdParty\codeigniter4-datatables\src\DataTableQuery.php(91): Modul\Utang\Controllers\Utang->Modul\Utang\Controllers\{closure}(Object(stdClass))
 3 APPPATH\ThirdParty\codeigniter4-datatables\src\DataTable.php(176): Hermawan\DataTables\DataTableQuery->getDataResult()
 4 ROOTPATH\modul\Utang\Controllers\Utang.php(93): Hermawan\DataTables\DataTable->toJson(true)
 5 SYSTEMPATH\CodeIgniter.php(919): Modul\Utang\Controllers\Utang->datatable()
 6 SYSTEMPATH\CodeIgniter.php(494): CodeIgniter\CodeIgniter->runController(Object(Modul\Utang\Controllers\Utang))
 7 SYSTEMPATH\CodeIgniter.php(353): CodeIgniter\CodeIgniter->handleRequest(null, Object(Config\Cache), false)
 8 FCPATH\index.php(79): CodeIgniter\CodeIgniter->run()
 9 SYSTEMPATH\Commands\Server\rewrite.php(47): require_once('C:\\laragon\\www\\foodcourt\\public\\index.php')
WARNING - 2024-07-03 14:38:56 --> [DEPRECATED] number_format(): Passing null to parameter #1 ($num) of type float is deprecated in ROOTPATH\modul\Utang\Controllers\Utang.php on line 70.
 1 ROOTPATH\modul\Utang\Controllers\Utang.php(70): number_format(null)
 2 APPPATH\ThirdParty\codeigniter4-datatables\src\DataTableQuery.php(91): Modul\Utang\Controllers\Utang->Modul\Utang\Controllers\{closure}(Object(stdClass))
 3 APPPATH\ThirdParty\codeigniter4-datatables\src\DataTable.php(176): Hermawan\DataTables\DataTableQuery->getDataResult()
 4 ROOTPATH\modul\Utang\Controllers\Utang.php(93): Hermawan\DataTables\DataTable->toJson(true)
 5 SYSTEMPATH\CodeIgniter.php(919): Modul\Utang\Controllers\Utang->datatable()
 6 SYSTEMPATH\CodeIgniter.php(494): CodeIgniter\CodeIgniter->runController(Object(Modul\Utang\Controllers\Utang))
 7 SYSTEMPATH\CodeIgniter.php(353): CodeIgniter\CodeIgniter->handleRequest(null, Object(Config\Cache), false)
 8 FCPATH\index.php(79): CodeIgniter\CodeIgniter->run()
 9 SYSTEMPATH\Commands\Server\rewrite.php(47): require_once('C:\\laragon\\www\\foodcourt\\public\\index.php')
WARNING - 2024-07-03 14:38:56 --> [DEPRECATED] number_format(): Passing null to parameter #1 ($num) of type float is deprecated in ROOTPATH\modul\Utang\Controllers\Utang.php on line 70.
 1 ROOTPATH\modul\Utang\Controllers\Utang.php(70): number_format(null)
 2 APPPATH\ThirdParty\codeigniter4-datatables\src\DataTableQuery.php(91): Modul\Utang\Controllers\Utang->Modul\Utang\Controllers\{closure}(Object(stdClass))
 3 APPPATH\ThirdParty\codeigniter4-datatables\src\DataTable.php(176): Hermawan\DataTables\DataTableQuery->getDataResult()
 4 ROOTPATH\modul\Utang\Controllers\Utang.php(93): Hermawan\DataTables\DataTable->toJson(true)
 5 SYSTEMPATH\CodeIgniter.php(919): Modul\Utang\Controllers\Utang->datatable()
 6 SYSTEMPATH\CodeIgniter.php(494): CodeIgniter\CodeIgniter->runController(Object(Modul\Utang\Controllers\Utang))
 7 SYSTEMPATH\CodeIgniter.php(353): CodeIgniter\CodeIgniter->handleRequest(null, Object(Config\Cache), false)
 8 FCPATH\index.php(79): CodeIgniter\CodeIgniter->run()
 9 SYSTEMPATH\Commands\Server\rewrite.php(47): require_once('C:\\laragon\\www\\foodcourt\\public\\index.php')
WARNING - 2024-07-03 14:38:56 --> [DEPRECATED] number_format(): Passing null to parameter #1 ($num) of type float is deprecated in ROOTPATH\modul\Utang\Controllers\Utang.php on line 70.
 1 ROOTPATH\modul\Utang\Controllers\Utang.php(70): number_format(null)
 2 APPPATH\ThirdParty\codeigniter4-datatables\src\DataTableQuery.php(91): Modul\Utang\Controllers\Utang->Modul\Utang\Controllers\{closure}(Object(stdClass))
 3 APPPATH\ThirdParty\codeigniter4-datatables\src\DataTable.php(176): Hermawan\DataTables\DataTableQuery->getDataResult()
 4 ROOTPATH\modul\Utang\Controllers\Utang.php(93): Hermawan\DataTables\DataTable->toJson(true)
 5 SYSTEMPATH\CodeIgniter.php(919): Modul\Utang\Controllers\Utang->datatable()
 6 SYSTEMPATH\CodeIgniter.php(494): CodeIgniter\CodeIgniter->runController(Object(Modul\Utang\Controllers\Utang))
 7 SYSTEMPATH\CodeIgniter.php(353): CodeIgniter\CodeIgniter->handleRequest(null, Object(Config\Cache), false)
 8 FCPATH\index.php(79): CodeIgniter\CodeIgniter->run()
 9 SYSTEMPATH\Commands\Server\rewrite.php(47): require_once('C:\\laragon\\www\\foodcourt\\public\\index.php')
INFO - 2024-07-03 14:39:00 --> Session: Class initialized using 'CodeIgniter\Session\Handlers\FileHandler' driver.
INFO - 2024-07-03 14:39:01 --> Session: Class initialized using 'CodeIgniter\Session\Handlers\FileHandler' driver.
INFO - 2024-07-03 15:50:23 --> Session: Class initialized using 'CodeIgniter\Session\Handlers\FileHandler' driver.
INFO - 2024-07-03 15:50:24 --> Session: Class initialized using 'CodeIgniter\Session\Handlers\FileHandler' driver.
INFO - 2024-07-03 15:50:26 --> Session: Class initialized using 'CodeIgniter\Session\Handlers\FileHandler' driver.
INFO - 2024-07-03 15:51:45 --> Session: Class initialized using 'CodeIgniter\Session\Handlers\FileHandler' driver.
INFO - 2024-07-03 15:51:46 --> Session: Class initialized using 'CodeIgniter\Session\Handlers\FileHandler' driver.
INFO - 2024-07-03 15:51:48 --> Session: Class initialized using 'CodeIgniter\Session\Handlers\FileHandler' driver.
INFO - 2024-07-03 15:51:49 --> Session: Class initialized using 'CodeIgniter\Session\Handlers\FileHandler' driver.
INFO - 2024-07-03 15:51:50 --> Session: Class initialized using 'CodeIgniter\Session\Handlers\FileHandler' driver.
INFO - 2024-07-03 15:51:53 --> Session: Class initialized using 'CodeIgniter\Session\Handlers\FileHandler' driver.
INFO - 2024-07-03 15:51:54 --> Session: Class initialized using 'CodeIgniter\Session\Handlers\FileHandler' driver.
INFO - 2024-07-03 15:51:56 --> Session: Class initialized using 'CodeIgniter\Session\Handlers\FileHandler' driver.
INFO - 2024-07-03 15:51:56 --> Session: Class initialized using 'CodeIgniter\Session\Handlers\FileHandler' driver.
INFO - 2024-07-03 15:53:07 --> Session: Class initialized using 'CodeIgniter\Session\Handlers\FileHandler' driver.
CRITICAL - 2024-07-03 15:53:07 --> Undefined variable $title
in APPPATH\Views\layout\template.php on line 26.
 1 APPPATH\Views\layout\template.php(26): CodeIgniter\Debug\Exceptions->errorHandler(2, 'Undefined variable $title', 'C:\\laragon\\www\\foodcourt\\app\\Views\\layout\\template.php', 26)
 2 SYSTEMPATH\View\View.php(226): include('C:\\laragon\\www\\foodcourt\\app\\Views\\layout\\template.php')
 3 SYSTEMPATH\View\View.php(229): CodeIgniter\View\View->CodeIgniter\View\{closure}()
 4 SYSTEMPATH\View\View.php(242): CodeIgniter\View\View->render('layout/template', [], true)
 5 SYSTEMPATH\Common.php(1188): CodeIgniter\View\View->render('Modul\\Biaya_produksi\\Views\\viewBiayaProduksi', [], true)
 6 ROOTPATH\modul\Biaya_produksi\Controllers\BiayaProduksi.php(14): view('Modul\\Biaya_produksi\\Views\\viewBiayaProduksi')
 7 SYSTEMPATH\CodeIgniter.php(919): Modul\Biaya_produksi\Controllers\BiayaProduksi->index()
 8 SYSTEMPATH\CodeIgniter.php(494): CodeIgniter\CodeIgniter->runController(Object(Modul\Biaya_produksi\Controllers\BiayaProduksi))
 9 SYSTEMPATH\CodeIgniter.php(353): CodeIgniter\CodeIgniter->handleRequest(null, Object(Config\Cache), false)
10 FCPATH\index.php(79): CodeIgniter\CodeIgniter->run()
11 SYSTEMPATH\Commands\Server\rewrite.php(47): require_once('C:\\laragon\\www\\foodcourt\\public\\index.php')
INFO - 2024-07-03 15:55:19 --> Session: Class initialized using 'CodeIgniter\Session\Handlers\FileHandler' driver.
CRITICAL - 2024-07-03 15:55:19 --> Undefined variable $title
in APPPATH\Views\layout\template.php on line 26.
 1 APPPATH\Views\layout\template.php(26): CodeIgniter\Debug\Exceptions->errorHandler(2, 'Undefined variable $title', 'C:\\laragon\\www\\foodcourt\\app\\Views\\layout\\template.php', 26)
 2 SYSTEMPATH\View\View.php(226): include('C:\\laragon\\www\\foodcourt\\app\\Views\\layout\\template.php')
 3 SYSTEMPATH\View\View.php(229): CodeIgniter\View\View->CodeIgniter\View\{closure}()
 4 SYSTEMPATH\View\View.php(242): CodeIgniter\View\View->render('layout/template', [], true)
 5 SYSTEMPATH\Common.php(1188): CodeIgniter\View\View->render('Modul\\Biaya_produksi\\Views\\viewBiayaProduksi', [], true)
 6 ROOTPATH\modul\Biaya_produksi\Controllers\BiayaProduksi.php(14): view('Modul\\Biaya_produksi\\Views\\viewBiayaProduksi')
 7 SYSTEMPATH\CodeIgniter.php(919): Modul\Biaya_produksi\Controllers\BiayaProduksi->index()
 8 SYSTEMPATH\CodeIgniter.php(494): CodeIgniter\CodeIgniter->runController(Object(Modul\Biaya_produksi\Controllers\BiayaProduksi))
 9 SYSTEMPATH\CodeIgniter.php(353): CodeIgniter\CodeIgniter->handleRequest(null, Object(Config\Cache), false)
10 FCPATH\index.php(79): CodeIgniter\CodeIgniter->run()
11 SYSTEMPATH\Commands\Server\rewrite.php(47): require_once('C:\\laragon\\www\\foodcourt\\public\\index.php')
INFO - 2024-07-03 15:55:24 --> Session: Class initialized using 'CodeIgniter\Session\Handlers\FileHandler' driver.
CRITICAL - 2024-07-03 15:55:24 --> Undefined variable $title
in APPPATH\Views\layout\template.php on line 26.
 1 APPPATH\Views\layout\template.php(26): CodeIgniter\Debug\Exceptions->errorHandler(2, 'Undefined variable $title', 'C:\\laragon\\www\\foodcourt\\app\\Views\\layout\\template.php', 26)
 2 SYSTEMPATH\View\View.php(226): include('C:\\laragon\\www\\foodcourt\\app\\Views\\layout\\template.php')
 3 SYSTEMPATH\View\View.php(229): CodeIgniter\View\View->CodeIgniter\View\{closure}()
 4 SYSTEMPATH\View\View.php(242): CodeIgniter\View\View->render('layout/template', [], true)
 5 SYSTEMPATH\Common.php(1188): CodeIgniter\View\View->render('Modul\\Biaya_produksi\\Views\\viewBiayaProduksi', [], true)
 6 ROOTPATH\modul\Biaya_produksi\Controllers\BiayaProduksi.php(14): view('Modul\\Biaya_produksi\\Views\\viewBiayaProduksi')
 7 SYSTEMPATH\CodeIgniter.php(919): Modul\Biaya_produksi\Controllers\BiayaProduksi->index()
 8 SYSTEMPATH\CodeIgniter.php(494): CodeIgniter\CodeIgniter->runController(Object(Modul\Biaya_produksi\Controllers\BiayaProduksi))
 9 SYSTEMPATH\CodeIgniter.php(353): CodeIgniter\CodeIgniter->handleRequest(null, Object(Config\Cache), false)
10 FCPATH\index.php(79): CodeIgniter\CodeIgniter->run()
11 SYSTEMPATH\Commands\Server\rewrite.php(47): require_once('C:\\laragon\\www\\foodcourt\\public\\index.php')
INFO - 2024-07-03 15:56:44 --> Session: Class initialized using 'CodeIgniter\Session\Handlers\FileHandler' driver.
INFO - 2024-07-03 15:56:44 --> Session: Class initialized using 'CodeIgniter\Session\Handlers\FileHandler' driver.
INFO - 2024-07-03 15:56:45 --> Session: Class initialized using 'CodeIgniter\Session\Handlers\FileHandler' driver.
INFO - 2024-07-03 15:56:45 --> Session: Class initialized using 'CodeIgniter\Session\Handlers\FileHandler' driver.
INFO - 2024-07-03 15:57:02 --> Session: Class initialized using 'CodeIgniter\Session\Handlers\FileHandler' driver.
INFO - 2024-07-03 15:57:09 --> Session: Class initialized using 'CodeIgniter\Session\Handlers\FileHandler' driver.
INFO - 2024-07-03 15:57:09 --> Session: Class initialized using 'CodeIgniter\Session\Handlers\FileHandler' driver.
INFO - 2024-07-03 15:57:36 --> Session: Class initialized using 'CodeIgniter\Session\Handlers\FileHandler' driver.
INFO - 2024-07-03 15:57:37 --> Session: Class initialized using 'CodeIgniter\Session\Handlers\FileHandler' driver.
INFO - 2024-07-03 15:57:38 --> Session: Class initialized using 'CodeIgniter\Session\Handlers\FileHandler' driver.
INFO - 2024-07-03 16:18:26 --> Session: Class initialized using 'CodeIgniter\Session\Handlers\FileHandler' driver.
INFO - 2024-07-03 16:21:03 --> Session: Class initialized using 'CodeIgniter\Session\Handlers\FileHandler' driver.
INFO - 2024-07-03 16:21:03 --> Session: Class initialized using 'CodeIgniter\Session\Handlers\FileHandler' driver.
INFO - 2024-07-03 16:27:42 --> Session: Class initialized using 'CodeIgniter\Session\Handlers\FileHandler' driver.
INFO - 2024-07-03 16:28:48 --> Session: Class initialized using 'CodeIgniter\Session\Handlers\FileHandler' driver.
INFO - 2024-07-03 16:28:49 --> Session: Class initialized using 'CodeIgniter\Session\Handlers\FileHandler' driver.
ERROR - 2024-07-03 16:28:49 --> mysqli_sql_exception: Unknown column 'a.id' in 'order clause' in C:\laragon\www\foodcourt\system\Database\MySQLi\Connection.php:306
Stack trace:
#0 C:\laragon\www\foodcourt\system\Database\MySQLi\Connection.php(306): mysqli->query('SELECT `b`.`id`...', 0)
#1 C:\laragon\www\foodcourt\system\Database\BaseConnection.php(692): CodeIgniter\Database\MySQLi\Connection->execute('SELECT `b`.`id`...')
#2 C:\laragon\www\foodcourt\system\Database\BaseConnection.php(606): CodeIgniter\Database\BaseConnection->simpleQuery('SELECT `b`.`id`...')
#3 C:\laragon\www\foodcourt\system\Database\BaseBuilder.php(1615): CodeIgniter\Database\BaseConnection->query('SELECT `b`.`id`...', Array, false)
#4 C:\laragon\www\foodcourt\app\ThirdParty\codeigniter4-datatables\src\DataTableQuery.php(219): CodeIgniter\Database\BaseBuilder->get()
#5 C:\laragon\www\foodcourt\app\ThirdParty\codeigniter4-datatables\src\DataTableQuery.php(70): Hermawan\DataTables\DataTableQuery->queryResult()
#6 C:\laragon\www\foodcourt\app\ThirdParty\codeigniter4-datatables\src\DataTable.php(176): Hermawan\DataTables\DataTableQuery->getDataResult()
#7 C:\laragon\www\foodcourt\modul\Biaya_produksi\Controllers\BiayaProduksi.php(52): Hermawan\DataTables\DataTable->toJson(true)
#8 C:\laragon\www\foodcourt\system\CodeIgniter.php(919): Modul\Biaya_produksi\Controllers\BiayaProduksi->datatable()
#9 C:\laragon\www\foodcourt\system\CodeIgniter.php(494): CodeIgniter\CodeIgniter->runController(Object(Modul\Biaya_produksi\Controllers\BiayaProduksi))
#10 C:\laragon\www\foodcourt\system\CodeIgniter.php(353): CodeIgniter\CodeIgniter->handleRequest(NULL, Object(Config\Cache), false)
#11 C:\laragon\www\foodcourt\public\index.php(79): CodeIgniter\CodeIgniter->run()
#12 C:\laragon\www\foodcourt\system\Commands\Server\rewrite.php(47): require_once('C:\\laragon\\www\\...')
#13 {main}
CRITICAL - 2024-07-03 16:28:49 --> Unknown column 'a.id' in 'order clause'
in SYSTEMPATH\Database\BaseConnection.php on line 646.
 1 SYSTEMPATH\Database\BaseBuilder.php(1615): CodeIgniter\Database\BaseConnection->query('SELECT `b`.`id` as `id`
FROM `biaya_produksi` as `b`
ORDER BY `a`.`id` DESC
 LIMIT 10', [], false)
 2 APPPATH\ThirdParty\codeigniter4-datatables\src\DataTableQuery.php(219): CodeIgniter\Database\BaseBuilder->get()
 3 APPPATH\ThirdParty\codeigniter4-datatables\src\DataTableQuery.php(70): Hermawan\DataTables\DataTableQuery->queryResult()
 4 APPPATH\ThirdParty\codeigniter4-datatables\src\DataTable.php(176): Hermawan\DataTables\DataTableQuery->getDataResult()
 5 ROOTPATH\modul\Biaya_produksi\Controllers\BiayaProduksi.php(52): Hermawan\DataTables\DataTable->toJson(true)
 6 SYSTEMPATH\CodeIgniter.php(919): Modul\Biaya_produksi\Controllers\BiayaProduksi->datatable()
 7 SYSTEMPATH\CodeIgniter.php(494): CodeIgniter\CodeIgniter->runController(Object(Modul\Biaya_produksi\Controllers\BiayaProduksi))
 8 SYSTEMPATH\CodeIgniter.php(353): CodeIgniter\CodeIgniter->handleRequest(null, Object(Config\Cache), false)
 9 FCPATH\index.php(79): CodeIgniter\CodeIgniter->run()
10 SYSTEMPATH\Commands\Server\rewrite.php(47): require_once('C:\\laragon\\www\\foodcourt\\public\\index.php')
INFO - 2024-07-03 16:29:37 --> Session: Class initialized using 'CodeIgniter\Session\Handlers\FileHandler' driver.
INFO - 2024-07-03 16:29:38 --> Session: Class initialized using 'CodeIgniter\Session\Handlers\FileHandler' driver.
ERROR - 2024-07-03 16:29:38 --> mysqli_sql_exception: Unknown column 'a.id' in 'order clause' in C:\laragon\www\foodcourt\system\Database\MySQLi\Connection.php:306
Stack trace:
#0 C:\laragon\www\foodcourt\system\Database\MySQLi\Connection.php(306): mysqli->query('SELECT `b`.`id`...', 0)
#1 C:\laragon\www\foodcourt\system\Database\BaseConnection.php(692): CodeIgniter\Database\MySQLi\Connection->execute('SELECT `b`.`id`...')
#2 C:\laragon\www\foodcourt\system\Database\BaseConnection.php(606): CodeIgniter\Database\BaseConnection->simpleQuery('SELECT `b`.`id`...')
#3 C:\laragon\www\foodcourt\system\Database\BaseBuilder.php(1615): CodeIgniter\Database\BaseConnection->query('SELECT `b`.`id`...', Array, false)
#4 C:\laragon\www\foodcourt\app\ThirdParty\codeigniter4-datatables\src\DataTableQuery.php(219): CodeIgniter\Database\BaseBuilder->get()
#5 C:\laragon\www\foodcourt\app\ThirdParty\codeigniter4-datatables\src\DataTableQuery.php(70): Hermawan\DataTables\DataTableQuery->queryResult()
#6 C:\laragon\www\foodcourt\app\ThirdParty\codeigniter4-datatables\src\DataTable.php(176): Hermawan\DataTables\DataTableQuery->getDataResult()
#7 C:\laragon\www\foodcourt\modul\Biaya_produksi\Controllers\BiayaProduksi.php(52): Hermawan\DataTables\DataTable->toJson(true)
#8 C:\laragon\www\foodcourt\system\CodeIgniter.php(919): Modul\Biaya_produksi\Controllers\BiayaProduksi->datatable()
#9 C:\laragon\www\foodcourt\system\CodeIgniter.php(494): CodeIgniter\CodeIgniter->runController(Object(Modul\Biaya_produksi\Controllers\BiayaProduksi))
#10 C:\laragon\www\foodcourt\system\CodeIgniter.php(353): CodeIgniter\CodeIgniter->handleRequest(NULL, Object(Config\Cache), false)
#11 C:\laragon\www\foodcourt\public\index.php(79): CodeIgniter\CodeIgniter->run()
#12 C:\laragon\www\foodcourt\system\Commands\Server\rewrite.php(47): require_once('C:\\laragon\\www\\...')
#13 {main}
CRITICAL - 2024-07-03 16:29:38 --> Unknown column 'a.id' in 'order clause'
in SYSTEMPATH\Database\BaseConnection.php on line 646.
 1 SYSTEMPATH\Database\BaseBuilder.php(1615): CodeIgniter\Database\BaseConnection->query('SELECT `b`.`id` as `id`
FROM `biaya_produksi` as `b`
ORDER BY `a`.`id` DESC
 LIMIT 10', [], false)
 2 APPPATH\ThirdParty\codeigniter4-datatables\src\DataTableQuery.php(219): CodeIgniter\Database\BaseBuilder->get()
 3 APPPATH\ThirdParty\codeigniter4-datatables\src\DataTableQuery.php(70): Hermawan\DataTables\DataTableQuery->queryResult()
 4 APPPATH\ThirdParty\codeigniter4-datatables\src\DataTable.php(176): Hermawan\DataTables\DataTableQuery->getDataResult()
 5 ROOTPATH\modul\Biaya_produksi\Controllers\BiayaProduksi.php(52): Hermawan\DataTables\DataTable->toJson(true)
 6 SYSTEMPATH\CodeIgniter.php(919): Modul\Biaya_produksi\Controllers\BiayaProduksi->datatable()
 7 SYSTEMPATH\CodeIgniter.php(494): CodeIgniter\CodeIgniter->runController(Object(Modul\Biaya_produksi\Controllers\BiayaProduksi))
 8 SYSTEMPATH\CodeIgniter.php(353): CodeIgniter\CodeIgniter->handleRequest(null, Object(Config\Cache), false)
 9 FCPATH\index.php(79): CodeIgniter\CodeIgniter->run()
10 SYSTEMPATH\Commands\Server\rewrite.php(47): require_once('C:\\laragon\\www\\foodcourt\\public\\index.php')
INFO - 2024-07-03 16:30:56 --> Session: Class initialized using 'CodeIgniter\Session\Handlers\FileHandler' driver.
INFO - 2024-07-03 16:30:57 --> Session: Class initialized using 'CodeIgniter\Session\Handlers\FileHandler' driver.
ERROR - 2024-07-03 16:30:57 --> mysqli_sql_exception: Unknown column 'a.id' in 'order clause' in C:\laragon\www\foodcourt\system\Database\MySQLi\Connection.php:306
Stack trace:
#0 C:\laragon\www\foodcourt\system\Database\MySQLi\Connection.php(306): mysqli->query('SELECT `b`.`id`...', 0)
#1 C:\laragon\www\foodcourt\system\Database\BaseConnection.php(692): CodeIgniter\Database\MySQLi\Connection->execute('SELECT `b`.`id`...')
#2 C:\laragon\www\foodcourt\system\Database\BaseConnection.php(606): CodeIgniter\Database\BaseConnection->simpleQuery('SELECT `b`.`id`...')
#3 C:\laragon\www\foodcourt\system\Database\BaseBuilder.php(1615): CodeIgniter\Database\BaseConnection->query('SELECT `b`.`id`...', Array, false)
#4 C:\laragon\www\foodcourt\app\ThirdParty\codeigniter4-datatables\src\DataTableQuery.php(219): CodeIgniter\Database\BaseBuilder->get()
#5 C:\laragon\www\foodcourt\app\ThirdParty\codeigniter4-datatables\src\DataTableQuery.php(70): Hermawan\DataTables\DataTableQuery->queryResult()
#6 C:\laragon\www\foodcourt\app\ThirdParty\codeigniter4-datatables\src\DataTable.php(176): Hermawan\DataTables\DataTableQuery->getDataResult()
#7 C:\laragon\www\foodcourt\modul\Biaya_produksi\Controllers\BiayaProduksi.php(52): Hermawan\DataTables\DataTable->toJson(true)
#8 C:\laragon\www\foodcourt\system\CodeIgniter.php(919): Modul\Biaya_produksi\Controllers\BiayaProduksi->datatable()
#9 C:\laragon\www\foodcourt\system\CodeIgniter.php(494): CodeIgniter\CodeIgniter->runController(Object(Modul\Biaya_produksi\Controllers\BiayaProduksi))
#10 C:\laragon\www\foodcourt\system\CodeIgniter.php(353): CodeIgniter\CodeIgniter->handleRequest(NULL, Object(Config\Cache), false)
#11 C:\laragon\www\foodcourt\public\index.php(79): CodeIgniter\CodeIgniter->run()
#12 C:\laragon\www\foodcourt\system\Commands\Server\rewrite.php(47): require_once('C:\\laragon\\www\\...')
#13 {main}
CRITICAL - 2024-07-03 16:30:57 --> Unknown column 'a.id' in 'order clause'
in SYSTEMPATH\Database\BaseConnection.php on line 646.
 1 SYSTEMPATH\Database\BaseBuilder.php(1615): CodeIgniter\Database\BaseConnection->query('SELECT `b`.`id` as `id`
FROM `biaya_produksi` as `b`
ORDER BY `a`.`id` DESC
 LIMIT 10', [], false)
 2 APPPATH\ThirdParty\codeigniter4-datatables\src\DataTableQuery.php(219): CodeIgniter\Database\BaseBuilder->get()
 3 APPPATH\ThirdParty\codeigniter4-datatables\src\DataTableQuery.php(70): Hermawan\DataTables\DataTableQuery->queryResult()
 4 APPPATH\ThirdParty\codeigniter4-datatables\src\DataTable.php(176): Hermawan\DataTables\DataTableQuery->getDataResult()
 5 ROOTPATH\modul\Biaya_produksi\Controllers\BiayaProduksi.php(52): Hermawan\DataTables\DataTable->toJson(true)
 6 SYSTEMPATH\CodeIgniter.php(919): Modul\Biaya_produksi\Controllers\BiayaProduksi->datatable()
 7 SYSTEMPATH\CodeIgniter.php(494): CodeIgniter\CodeIgniter->runController(Object(Modul\Biaya_produksi\Controllers\BiayaProduksi))
 8 SYSTEMPATH\CodeIgniter.php(353): CodeIgniter\CodeIgniter->handleRequest(null, Object(Config\Cache), false)
 9 FCPATH\index.php(79): CodeIgniter\CodeIgniter->run()
10 SYSTEMPATH\Commands\Server\rewrite.php(47): require_once('C:\\laragon\\www\\foodcourt\\public\\index.php')
INFO - 2024-07-03 16:31:22 --> Session: Class initialized using 'CodeIgniter\Session\Handlers\FileHandler' driver.
INFO - 2024-07-03 16:31:23 --> Session: Class initialized using 'CodeIgniter\Session\Handlers\FileHandler' driver.
INFO - 2024-07-03 16:49:17 --> Session: Class initialized using 'CodeIgniter\Session\Handlers\FileHandler' driver.
INFO - 2024-07-03 16:49:18 --> Session: Class initialized using 'CodeIgniter\Session\Handlers\FileHandler' driver.
INFO - 2024-07-03 16:50:43 --> Session: Class initialized using 'CodeIgniter\Session\Handlers\FileHandler' driver.
INFO - 2024-07-03 16:51:15 --> Session: Class initialized using 'CodeIgniter\Session\Handlers\FileHandler' driver.
INFO - 2024-07-03 16:52:03 --> Session: Class initialized using 'CodeIgniter\Session\Handlers\FileHandler' driver.
CRITICAL - 2024-07-03 16:52:04 --> Call to undefined method Modul\Pengeluaran\Controllers\Pengeluaran::request()
in ROOTPATH\modul\Pengeluaran\Controllers\Pengeluaran.php on line 69.
 1 SYSTEMPATH\CodeIgniter.php(919): Modul\Pengeluaran\Controllers\Pengeluaran->simpan()
 2 SYSTEMPATH\CodeIgniter.php(494): CodeIgniter\CodeIgniter->runController(Object(Modul\Pengeluaran\Controllers\Pengeluaran))
 3 SYSTEMPATH\CodeIgniter.php(353): CodeIgniter\CodeIgniter->handleRequest(null, Object(Config\Cache), false)
 4 FCPATH\index.php(79): CodeIgniter\CodeIgniter->run()
 5 SYSTEMPATH\Commands\Server\rewrite.php(47): require_once('C:\\laragon\\www\\foodcourt\\public\\index.php')
INFO - 2024-07-03 16:55:19 --> Session: Class initialized using 'CodeIgniter\Session\Handlers\FileHandler' driver.
CRITICAL - 2024-07-03 16:55:19 --> Call to undefined method CodeIgniter\HTTP\IncomingRequest::getArgs()
in ROOTPATH\modul\Pengeluaran\Controllers\Pengeluaran.php on line 69.
 1 SYSTEMPATH\CodeIgniter.php(919): Modul\Pengeluaran\Controllers\Pengeluaran->simpan()
 2 SYSTEMPATH\CodeIgniter.php(494): CodeIgniter\CodeIgniter->runController(Object(Modul\Pengeluaran\Controllers\Pengeluaran))
 3 SYSTEMPATH\CodeIgniter.php(353): CodeIgniter\CodeIgniter->handleRequest(null, Object(Config\Cache), false)
 4 FCPATH\index.php(79): CodeIgniter\CodeIgniter->run()
 5 SYSTEMPATH\Commands\Server\rewrite.php(47): require_once('C:\\laragon\\www\\foodcourt\\public\\index.php')
INFO - 2024-07-03 16:56:31 --> Session: Class initialized using 'CodeIgniter\Session\Handlers\FileHandler' driver.
CRITICAL - 2024-07-03 16:56:31 --> Call to undefined method CodeIgniter\HTTP\IncomingRequest::getArgs()
in ROOTPATH\modul\Pengeluaran\Controllers\Pengeluaran.php on line 69.
 1 SYSTEMPATH\CodeIgniter.php(919): Modul\Pengeluaran\Controllers\Pengeluaran->simpan()
 2 SYSTEMPATH\CodeIgniter.php(494): CodeIgniter\CodeIgniter->runController(Object(Modul\Pengeluaran\Controllers\Pengeluaran))
 3 SYSTEMPATH\CodeIgniter.php(353): CodeIgniter\CodeIgniter->handleRequest(null, Object(Config\Cache), false)
 4 FCPATH\index.php(79): CodeIgniter\CodeIgniter->run()
 5 SYSTEMPATH\Commands\Server\rewrite.php(47): require_once('C:\\laragon\\www\\foodcourt\\public\\index.php')
