INFO - 2025-02-20 22:53:20 --> Session: Class initialized using 'CodeIgniter\Session\Handlers\FileHandler' driver.
WARNING - 2025-02-20 22:53:20 --> [DEPRECATED] Creation of dynamic property Modul\Login\Controllers\Login::$session is deprecated in APPPATH/Controllers/BaseController.php on line 59.
 1 SYSTEMPATH/CodeIgniter.php(892): App\Controllers\BaseController->initController(Object(CodeIgniter\HTTP\IncomingRequest), Object(CodeIgniter\HTTP\Response), Object(CodeIgniter\Log\Logger))
 2 SYSTEMPATH/CodeIgniter.php(485): CodeIgniter\CodeIgniter->createController()
 3 SYSTEMPATH/CodeIgniter.php(353): CodeIgniter\CodeIgniter->handleRequest(null, Object(Config\Cache), false)
 4 FCPATH/index.php(79): CodeIgniter\CodeIgniter->run()
 5 /Applications/Herd.app/Contents/Resources/valet/server.php(167): require('/Users/mac/Herd/cilspace/public/index.php')
WARNING - 2025-02-20 22:53:20 --> [DEPRECATED] Creation of dynamic property Modul\Login\Controllers\Login::$validation is deprecated in APPPATH/Controllers/BaseController.php on line 60.
 1 SYSTEMPATH/CodeIgniter.php(892): App\Controllers\BaseController->initController(Object(CodeIgniter\HTTP\IncomingRequest), Object(CodeIgniter\HTTP\Response), Object(CodeIgniter\Log\Logger))
 2 SYSTEMPATH/CodeIgniter.php(485): CodeIgniter\CodeIgniter->createController()
 3 SYSTEMPATH/CodeIgniter.php(353): CodeIgniter\CodeIgniter->handleRequest(null, Object(Config\Cache), false)
 4 FCPATH/index.php(79): CodeIgniter\CodeIgniter->run()
 5 /Applications/Herd.app/Contents/Resources/valet/server.php(167): require('/Users/mac/Herd/cilspace/public/index.php')
WARNING - 2025-02-20 22:53:20 --> [DEPRECATED] Creation of dynamic property Modul\Login\Controllers\Login::$db is deprecated in APPPATH/Controllers/BaseController.php on line 62.
 1 SYSTEMPATH/CodeIgniter.php(892): App\Controllers\BaseController->initController(Object(CodeIgniter\HTTP\IncomingRequest), Object(CodeIgniter\HTTP\Response), Object(CodeIgniter\Log\Logger))
 2 SYSTEMPATH/CodeIgniter.php(485): CodeIgniter\CodeIgniter->createController()
 3 SYSTEMPATH/CodeIgniter.php(353): CodeIgniter\CodeIgniter->handleRequest(null, Object(Config\Cache), false)
 4 FCPATH/index.php(79): CodeIgniter\CodeIgniter->run()
 5 /Applications/Herd.app/Contents/Resources/valet/server.php(167): require('/Users/mac/Herd/cilspace/public/index.php')
WARNING - 2025-02-20 22:53:20 --> [DEPRECATED] Creation of dynamic property Modul\Login\Controllers\Login::$uri is deprecated in APPPATH/Controllers/BaseController.php on line 63.
 1 SYSTEMPATH/CodeIgniter.php(892): App\Controllers\BaseController->initController(Object(CodeIgniter\HTTP\IncomingRequest), Object(CodeIgniter\HTTP\Response), Object(CodeIgniter\Log\Logger))
 2 SYSTEMPATH/CodeIgniter.php(485): CodeIgniter\CodeIgniter->createController()
 3 SYSTEMPATH/CodeIgniter.php(353): CodeIgniter\CodeIgniter->handleRequest(null, Object(Config\Cache), false)
 4 FCPATH/index.php(79): CodeIgniter\CodeIgniter->run()
 5 /Applications/Herd.app/Contents/Resources/valet/server.php(167): require('/Users/mac/Herd/cilspace/public/index.php')
WARNING - 2025-02-20 22:53:20 --> [DEPRECATED] Creation of dynamic property Modul\Login\Controllers\Login::$pager is deprecated in APPPATH/Controllers/BaseController.php on line 64.
 1 SYSTEMPATH/CodeIgniter.php(892): App\Controllers\BaseController->initController(Object(CodeIgniter\HTTP\IncomingRequest), Object(CodeIgniter\HTTP\Response), Object(CodeIgniter\Log\Logger))
 2 SYSTEMPATH/CodeIgniter.php(485): CodeIgniter\CodeIgniter->createController()
 3 SYSTEMPATH/CodeIgniter.php(353): CodeIgniter\CodeIgniter->handleRequest(null, Object(Config\Cache), false)
 4 FCPATH/index.php(79): CodeIgniter\CodeIgniter->run()
 5 /Applications/Herd.app/Contents/Resources/valet/server.php(167): require('/Users/mac/Herd/cilspace/public/index.php')
INFO - 2025-02-20 22:53:26 --> Session: Class initialized using 'CodeIgniter\Session\Handlers\FileHandler' driver.
WARNING - 2025-02-20 22:53:26 --> [DEPRECATED] Creation of dynamic property Modul\Login\Controllers\Login::$session is deprecated in APPPATH/Controllers/BaseController.php on line 59.
 1 SYSTEMPATH/CodeIgniter.php(892): App\Controllers\BaseController->initController(Object(CodeIgniter\HTTP\IncomingRequest), Object(CodeIgniter\HTTP\Response), Object(CodeIgniter\Log\Logger))
 2 SYSTEMPATH/CodeIgniter.php(485): CodeIgniter\CodeIgniter->createController()
 3 SYSTEMPATH/CodeIgniter.php(353): CodeIgniter\CodeIgniter->handleRequest(null, Object(Config\Cache), false)
 4 FCPATH/index.php(79): CodeIgniter\CodeIgniter->run()
 5 /Applications/Herd.app/Contents/Resources/valet/server.php(167): require('/Users/mac/Herd/cilspace/public/index.php')
WARNING - 2025-02-20 22:53:26 --> [DEPRECATED] Creation of dynamic property Modul\Login\Controllers\Login::$validation is deprecated in APPPATH/Controllers/BaseController.php on line 60.
 1 SYSTEMPATH/CodeIgniter.php(892): App\Controllers\BaseController->initController(Object(CodeIgniter\HTTP\IncomingRequest), Object(CodeIgniter\HTTP\Response), Object(CodeIgniter\Log\Logger))
 2 SYSTEMPATH/CodeIgniter.php(485): CodeIgniter\CodeIgniter->createController()
 3 SYSTEMPATH/CodeIgniter.php(353): CodeIgniter\CodeIgniter->handleRequest(null, Object(Config\Cache), false)
 4 FCPATH/index.php(79): CodeIgniter\CodeIgniter->run()
 5 /Applications/Herd.app/Contents/Resources/valet/server.php(167): require('/Users/mac/Herd/cilspace/public/index.php')
WARNING - 2025-02-20 22:53:26 --> [DEPRECATED] Creation of dynamic property Modul\Login\Controllers\Login::$db is deprecated in APPPATH/Controllers/BaseController.php on line 62.
 1 SYSTEMPATH/CodeIgniter.php(892): App\Controllers\BaseController->initController(Object(CodeIgniter\HTTP\IncomingRequest), Object(CodeIgniter\HTTP\Response), Object(CodeIgniter\Log\Logger))
 2 SYSTEMPATH/CodeIgniter.php(485): CodeIgniter\CodeIgniter->createController()
 3 SYSTEMPATH/CodeIgniter.php(353): CodeIgniter\CodeIgniter->handleRequest(null, Object(Config\Cache), false)
 4 FCPATH/index.php(79): CodeIgniter\CodeIgniter->run()
 5 /Applications/Herd.app/Contents/Resources/valet/server.php(167): require('/Users/mac/Herd/cilspace/public/index.php')
WARNING - 2025-02-20 22:53:26 --> [DEPRECATED] Creation of dynamic property Modul\Login\Controllers\Login::$uri is deprecated in APPPATH/Controllers/BaseController.php on line 63.
 1 SYSTEMPATH/CodeIgniter.php(892): App\Controllers\BaseController->initController(Object(CodeIgniter\HTTP\IncomingRequest), Object(CodeIgniter\HTTP\Response), Object(CodeIgniter\Log\Logger))
 2 SYSTEMPATH/CodeIgniter.php(485): CodeIgniter\CodeIgniter->createController()
 3 SYSTEMPATH/CodeIgniter.php(353): CodeIgniter\CodeIgniter->handleRequest(null, Object(Config\Cache), false)
 4 FCPATH/index.php(79): CodeIgniter\CodeIgniter->run()
 5 /Applications/Herd.app/Contents/Resources/valet/server.php(167): require('/Users/mac/Herd/cilspace/public/index.php')
WARNING - 2025-02-20 22:53:26 --> [DEPRECATED] Creation of dynamic property Modul\Login\Controllers\Login::$pager is deprecated in APPPATH/Controllers/BaseController.php on line 64.
 1 SYSTEMPATH/CodeIgniter.php(892): App\Controllers\BaseController->initController(Object(CodeIgniter\HTTP\IncomingRequest), Object(CodeIgniter\HTTP\Response), Object(CodeIgniter\Log\Logger))
 2 SYSTEMPATH/CodeIgniter.php(485): CodeIgniter\CodeIgniter->createController()
 3 SYSTEMPATH/CodeIgniter.php(353): CodeIgniter\CodeIgniter->handleRequest(null, Object(Config\Cache), false)
 4 FCPATH/index.php(79): CodeIgniter\CodeIgniter->run()
 5 /Applications/Herd.app/Contents/Resources/valet/server.php(167): require('/Users/mac/Herd/cilspace/public/index.php')
WARNING - 2025-02-20 22:53:27 --> [DEPRECATED] Creation of dynamic property App\Filters\Auth::$db is deprecated in APPPATH/Filters/Auth.php on line 15.
 1 SYSTEMPATH/Filters/Filters.php(180): App\Filters\Auth->before(Object(CodeIgniter\HTTP\IncomingRequest), null)
 2 SYSTEMPATH/CodeIgniter.php(466): CodeIgniter\Filters\Filters->run('dashboard', 'before')
 3 SYSTEMPATH/CodeIgniter.php(353): CodeIgniter\CodeIgniter->handleRequest(null, Object(Config\Cache), false)
 4 FCPATH/index.php(79): CodeIgniter\CodeIgniter->run()
 5 /Applications/Herd.app/Contents/Resources/valet/server.php(167): require('/Users/mac/Herd/cilspace/public/index.php')
INFO - 2025-02-20 22:53:27 --> Session: Class initialized using 'CodeIgniter\Session\Handlers\FileHandler' driver.
WARNING - 2025-02-20 22:53:27 --> [DEPRECATED] Creation of dynamic property Modul\Dashboard\Controllers\Dashboard::$toko is deprecated in ROOTPATH/modul/Dashboard/Controllers/Dashboard.php on line 19.
 1 SYSTEMPATH/CodeIgniter.php(891): Modul\Dashboard\Controllers\Dashboard->__construct()
 2 SYSTEMPATH/CodeIgniter.php(485): CodeIgniter\CodeIgniter->createController()
 3 SYSTEMPATH/CodeIgniter.php(353): CodeIgniter\CodeIgniter->handleRequest(null, Object(Config\Cache), false)
 4 FCPATH/index.php(79): CodeIgniter\CodeIgniter->run()
 5 /Applications/Herd.app/Contents/Resources/valet/server.php(167): require('/Users/mac/Herd/cilspace/public/index.php')
WARNING - 2025-02-20 22:53:27 --> [DEPRECATED] Creation of dynamic property Modul\Dashboard\Controllers\Dashboard::$session is deprecated in APPPATH/Controllers/BaseController.php on line 59.
 1 SYSTEMPATH/CodeIgniter.php(892): App\Controllers\BaseController->initController(Object(CodeIgniter\HTTP\IncomingRequest), Object(CodeIgniter\HTTP\Response), Object(CodeIgniter\Log\Logger))
 2 SYSTEMPATH/CodeIgniter.php(485): CodeIgniter\CodeIgniter->createController()
 3 SYSTEMPATH/CodeIgniter.php(353): CodeIgniter\CodeIgniter->handleRequest(null, Object(Config\Cache), false)
 4 FCPATH/index.php(79): CodeIgniter\CodeIgniter->run()
 5 /Applications/Herd.app/Contents/Resources/valet/server.php(167): require('/Users/mac/Herd/cilspace/public/index.php')
WARNING - 2025-02-20 22:53:27 --> [DEPRECATED] Creation of dynamic property Modul\Dashboard\Controllers\Dashboard::$validation is deprecated in APPPATH/Controllers/BaseController.php on line 60.
 1 SYSTEMPATH/CodeIgniter.php(892): App\Controllers\BaseController->initController(Object(CodeIgniter\HTTP\IncomingRequest), Object(CodeIgniter\HTTP\Response), Object(CodeIgniter\Log\Logger))
 2 SYSTEMPATH/CodeIgniter.php(485): CodeIgniter\CodeIgniter->createController()
 3 SYSTEMPATH/CodeIgniter.php(353): CodeIgniter\CodeIgniter->handleRequest(null, Object(Config\Cache), false)
 4 FCPATH/index.php(79): CodeIgniter\CodeIgniter->run()
 5 /Applications/Herd.app/Contents/Resources/valet/server.php(167): require('/Users/mac/Herd/cilspace/public/index.php')
WARNING - 2025-02-20 22:53:27 --> [DEPRECATED] Creation of dynamic property Modul\Dashboard\Controllers\Dashboard::$db is deprecated in APPPATH/Controllers/BaseController.php on line 62.
 1 SYSTEMPATH/CodeIgniter.php(892): App\Controllers\BaseController->initController(Object(CodeIgniter\HTTP\IncomingRequest), Object(CodeIgniter\HTTP\Response), Object(CodeIgniter\Log\Logger))
 2 SYSTEMPATH/CodeIgniter.php(485): CodeIgniter\CodeIgniter->createController()
 3 SYSTEMPATH/CodeIgniter.php(353): CodeIgniter\CodeIgniter->handleRequest(null, Object(Config\Cache), false)
 4 FCPATH/index.php(79): CodeIgniter\CodeIgniter->run()
 5 /Applications/Herd.app/Contents/Resources/valet/server.php(167): require('/Users/mac/Herd/cilspace/public/index.php')
WARNING - 2025-02-20 22:53:27 --> [DEPRECATED] Creation of dynamic property Modul\Dashboard\Controllers\Dashboard::$uri is deprecated in APPPATH/Controllers/BaseController.php on line 63.
 1 SYSTEMPATH/CodeIgniter.php(892): App\Controllers\BaseController->initController(Object(CodeIgniter\HTTP\IncomingRequest), Object(CodeIgniter\HTTP\Response), Object(CodeIgniter\Log\Logger))
 2 SYSTEMPATH/CodeIgniter.php(485): CodeIgniter\CodeIgniter->createController()
 3 SYSTEMPATH/CodeIgniter.php(353): CodeIgniter\CodeIgniter->handleRequest(null, Object(Config\Cache), false)
 4 FCPATH/index.php(79): CodeIgniter\CodeIgniter->run()
 5 /Applications/Herd.app/Contents/Resources/valet/server.php(167): require('/Users/mac/Herd/cilspace/public/index.php')
WARNING - 2025-02-20 22:53:27 --> [DEPRECATED] Creation of dynamic property Modul\Dashboard\Controllers\Dashboard::$pager is deprecated in APPPATH/Controllers/BaseController.php on line 64.
 1 SYSTEMPATH/CodeIgniter.php(892): App\Controllers\BaseController->initController(Object(CodeIgniter\HTTP\IncomingRequest), Object(CodeIgniter\HTTP\Response), Object(CodeIgniter\Log\Logger))
 2 SYSTEMPATH/CodeIgniter.php(485): CodeIgniter\CodeIgniter->createController()
 3 SYSTEMPATH/CodeIgniter.php(353): CodeIgniter\CodeIgniter->handleRequest(null, Object(Config\Cache), false)
 4 FCPATH/index.php(79): CodeIgniter\CodeIgniter->run()
 5 /Applications/Herd.app/Contents/Resources/valet/server.php(167): require('/Users/mac/Herd/cilspace/public/index.php')
WARNING - 2025-02-20 22:53:27 --> [DEPRECATED] number_format(): Passing null to parameter #1 ($num) of type float is deprecated in ROOTPATH/modul/Dashboard/Controllers/Dashboard.php on line 49.
 1 ROOTPATH/modul/Dashboard/Controllers/Dashboard.php(49): number_format(null)
 2 SYSTEMPATH/CodeIgniter.php(919): Modul\Dashboard\Controllers\Dashboard->index()
 3 SYSTEMPATH/CodeIgniter.php(494): CodeIgniter\CodeIgniter->runController(Object(Modul\Dashboard\Controllers\Dashboard))
 4 SYSTEMPATH/CodeIgniter.php(353): CodeIgniter\CodeIgniter->handleRequest(null, Object(Config\Cache), false)
 5 FCPATH/index.php(79): CodeIgniter\CodeIgniter->run()
 6 /Applications/Herd.app/Contents/Resources/valet/server.php(167): require('/Users/mac/Herd/cilspace/public/index.php')
WARNING - 2025-02-20 22:53:27 --> [DEPRECATED] Creation of dynamic property CodeIgniter\View\View::$session is deprecated in ROOTPATH/modul/Dashboard/Views/viewDashboard.php on line 5.
 1 SYSTEMPATH/View/View.php(226): include('/Users/mac/Herd/cilspace/modul/Dashboard/Views/viewDashboard.php')
 2 SYSTEMPATH/View/View.php(229): CodeIgniter\View\View->CodeIgniter\View\{closure}()
 3 SYSTEMPATH/Common.php(1188): CodeIgniter\View\View->render('Modul\\Dashboard\\Views\\viewDashboard', [], true)
 4 ROOTPATH/modul/Dashboard/Controllers/Dashboard.php(62): view('Modul\\Dashboard\\Views\\viewDashboard', [...])
 5 SYSTEMPATH/CodeIgniter.php(919): Modul\Dashboard\Controllers\Dashboard->index()
 6 SYSTEMPATH/CodeIgniter.php(494): CodeIgniter\CodeIgniter->runController(Object(Modul\Dashboard\Controllers\Dashboard))
 7 SYSTEMPATH/CodeIgniter.php(353): CodeIgniter\CodeIgniter->handleRequest(null, Object(Config\Cache), false)
 8 FCPATH/index.php(79): CodeIgniter\CodeIgniter->run()
 9 /Applications/Herd.app/Contents/Resources/valet/server.php(167): require('/Users/mac/Herd/cilspace/public/index.php')
WARNING - 2025-02-20 22:53:27 --> [DEPRECATED] Creation of dynamic property CodeIgniter\View\View::$db is deprecated in APPPATH/Views/layout/template.php on line 6.
 1 SYSTEMPATH/View/View.php(226): include('/Users/mac/Herd/cilspace/app/Views/layout/template.php')
 2 SYSTEMPATH/View/View.php(229): CodeIgniter\View\View->CodeIgniter\View\{closure}()
 3 SYSTEMPATH/View/View.php(242): CodeIgniter\View\View->render('layout/template', [], true)
 4 SYSTEMPATH/Common.php(1188): CodeIgniter\View\View->render('Modul\\Dashboard\\Views\\viewDashboard', [], true)
 5 ROOTPATH/modul/Dashboard/Controllers/Dashboard.php(62): view('Modul\\Dashboard\\Views\\viewDashboard', [...])
 6 SYSTEMPATH/CodeIgniter.php(919): Modul\Dashboard\Controllers\Dashboard->index()
 7 SYSTEMPATH/CodeIgniter.php(494): CodeIgniter\CodeIgniter->runController(Object(Modul\Dashboard\Controllers\Dashboard))
 8 SYSTEMPATH/CodeIgniter.php(353): CodeIgniter\CodeIgniter->handleRequest(null, Object(Config\Cache), false)
 9 FCPATH/index.php(79): CodeIgniter\CodeIgniter->run()
10 /Applications/Herd.app/Contents/Resources/valet/server.php(167): require('/Users/mac/Herd/cilspace/public/index.php')
WARNING - 2025-02-20 22:54:13 --> [DEPRECATED] Creation of dynamic property App\Filters\Auth::$db is deprecated in APPPATH/Filters/Auth.php on line 15.
 1 SYSTEMPATH/Filters/Filters.php(180): App\Filters\Auth->before(Object(CodeIgniter\HTTP\IncomingRequest), null)
 2 SYSTEMPATH/CodeIgniter.php(466): CodeIgniter\Filters\Filters->run('kasir', 'before')
 3 SYSTEMPATH/CodeIgniter.php(353): CodeIgniter\CodeIgniter->handleRequest(null, Object(Config\Cache), false)
 4 FCPATH/index.php(79): CodeIgniter\CodeIgniter->run()
 5 /Applications/Herd.app/Contents/Resources/valet/server.php(167): require('/Users/mac/Herd/cilspace/public/index.php')
INFO - 2025-02-20 22:54:13 --> Session: Class initialized using 'CodeIgniter\Session\Handlers\FileHandler' driver.
WARNING - 2025-02-20 22:54:13 --> [DEPRECATED] Creation of dynamic property Modul\Kasir\Controllers\Kasir::$penjualan is deprecated in ROOTPATH/modul/Kasir/Controllers/Kasir.php on line 25.
 1 SYSTEMPATH/CodeIgniter.php(891): Modul\Kasir\Controllers\Kasir->__construct()
 2 SYSTEMPATH/CodeIgniter.php(485): CodeIgniter\CodeIgniter->createController()
 3 SYSTEMPATH/CodeIgniter.php(353): CodeIgniter\CodeIgniter->handleRequest(null, Object(Config\Cache), false)
 4 FCPATH/index.php(79): CodeIgniter\CodeIgniter->run()
 5 /Applications/Herd.app/Contents/Resources/valet/server.php(167): require('/Users/mac/Herd/cilspace/public/index.php')
WARNING - 2025-02-20 22:54:13 --> [DEPRECATED] Creation of dynamic property Modul\Kasir\Controllers\Kasir::$user is deprecated in ROOTPATH/modul/Kasir/Controllers/Kasir.php on line 26.
 1 SYSTEMPATH/CodeIgniter.php(891): Modul\Kasir\Controllers\Kasir->__construct()
 2 SYSTEMPATH/CodeIgniter.php(485): CodeIgniter\CodeIgniter->createController()
 3 SYSTEMPATH/CodeIgniter.php(353): CodeIgniter\CodeIgniter->handleRequest(null, Object(Config\Cache), false)
 4 FCPATH/index.php(79): CodeIgniter\CodeIgniter->run()
 5 /Applications/Herd.app/Contents/Resources/valet/server.php(167): require('/Users/mac/Herd/cilspace/public/index.php')
WARNING - 2025-02-20 22:54:13 --> [DEPRECATED] Creation of dynamic property Modul\Kasir\Controllers\Kasir::$detail is deprecated in ROOTPATH/modul/Kasir/Controllers/Kasir.php on line 27.
 1 SYSTEMPATH/CodeIgniter.php(891): Modul\Kasir\Controllers\Kasir->__construct()
 2 SYSTEMPATH/CodeIgniter.php(485): CodeIgniter\CodeIgniter->createController()
 3 SYSTEMPATH/CodeIgniter.php(353): CodeIgniter\CodeIgniter->handleRequest(null, Object(Config\Cache), false)
 4 FCPATH/index.php(79): CodeIgniter\CodeIgniter->run()
 5 /Applications/Herd.app/Contents/Resources/valet/server.php(167): require('/Users/mac/Herd/cilspace/public/index.php')
WARNING - 2025-02-20 22:54:13 --> [DEPRECATED] Creation of dynamic property Modul\Kasir\Controllers\Kasir::$session is deprecated in ROOTPATH/modul/Kasir/Controllers/Kasir.php on line 30.
 1 SYSTEMPATH/CodeIgniter.php(891): Modul\Kasir\Controllers\Kasir->__construct()
 2 SYSTEMPATH/CodeIgniter.php(485): CodeIgniter\CodeIgniter->createController()
 3 SYSTEMPATH/CodeIgniter.php(353): CodeIgniter\CodeIgniter->handleRequest(null, Object(Config\Cache), false)
 4 FCPATH/index.php(79): CodeIgniter\CodeIgniter->run()
 5 /Applications/Herd.app/Contents/Resources/valet/server.php(167): require('/Users/mac/Herd/cilspace/public/index.php')
WARNING - 2025-02-20 22:54:13 --> [DEPRECATED] Creation of dynamic property Modul\Kasir\Controllers\Kasir::$db is deprecated in ROOTPATH/modul/Kasir/Controllers/Kasir.php on line 31.
 1 SYSTEMPATH/CodeIgniter.php(891): Modul\Kasir\Controllers\Kasir->__construct()
 2 SYSTEMPATH/CodeIgniter.php(485): CodeIgniter\CodeIgniter->createController()
 3 SYSTEMPATH/CodeIgniter.php(353): CodeIgniter\CodeIgniter->handleRequest(null, Object(Config\Cache), false)
 4 FCPATH/index.php(79): CodeIgniter\CodeIgniter->run()
 5 /Applications/Herd.app/Contents/Resources/valet/server.php(167): require('/Users/mac/Herd/cilspace/public/index.php')
WARNING - 2025-02-20 22:54:13 --> [DEPRECATED] Creation of dynamic property Modul\Kasir\Controllers\Kasir::$validation is deprecated in APPPATH/Controllers/BaseController.php on line 60.
 1 SYSTEMPATH/CodeIgniter.php(892): App\Controllers\BaseController->initController(Object(CodeIgniter\HTTP\IncomingRequest), Object(CodeIgniter\HTTP\Response), Object(CodeIgniter\Log\Logger))
 2 SYSTEMPATH/CodeIgniter.php(485): CodeIgniter\CodeIgniter->createController()
 3 SYSTEMPATH/CodeIgniter.php(353): CodeIgniter\CodeIgniter->handleRequest(null, Object(Config\Cache), false)
 4 FCPATH/index.php(79): CodeIgniter\CodeIgniter->run()
 5 /Applications/Herd.app/Contents/Resources/valet/server.php(167): require('/Users/mac/Herd/cilspace/public/index.php')
WARNING - 2025-02-20 22:54:13 --> [DEPRECATED] Creation of dynamic property Modul\Kasir\Controllers\Kasir::$uri is deprecated in APPPATH/Controllers/BaseController.php on line 63.
 1 SYSTEMPATH/CodeIgniter.php(892): App\Controllers\BaseController->initController(Object(CodeIgniter\HTTP\IncomingRequest), Object(CodeIgniter\HTTP\Response), Object(CodeIgniter\Log\Logger))
 2 SYSTEMPATH/CodeIgniter.php(485): CodeIgniter\CodeIgniter->createController()
 3 SYSTEMPATH/CodeIgniter.php(353): CodeIgniter\CodeIgniter->handleRequest(null, Object(Config\Cache), false)
 4 FCPATH/index.php(79): CodeIgniter\CodeIgniter->run()
 5 /Applications/Herd.app/Contents/Resources/valet/server.php(167): require('/Users/mac/Herd/cilspace/public/index.php')
WARNING - 2025-02-20 22:54:13 --> [DEPRECATED] Creation of dynamic property Modul\Kasir\Controllers\Kasir::$pager is deprecated in APPPATH/Controllers/BaseController.php on line 64.
 1 SYSTEMPATH/CodeIgniter.php(892): App\Controllers\BaseController->initController(Object(CodeIgniter\HTTP\IncomingRequest), Object(CodeIgniter\HTTP\Response), Object(CodeIgniter\Log\Logger))
 2 SYSTEMPATH/CodeIgniter.php(485): CodeIgniter\CodeIgniter->createController()
 3 SYSTEMPATH/CodeIgniter.php(353): CodeIgniter\CodeIgniter->handleRequest(null, Object(Config\Cache), false)
 4 FCPATH/index.php(79): CodeIgniter\CodeIgniter->run()
 5 /Applications/Herd.app/Contents/Resources/valet/server.php(167): require('/Users/mac/Herd/cilspace/public/index.php')
WARNING - 2025-02-20 22:54:13 --> [DEPRECATED] Creation of dynamic property CodeIgniter\View\View::$db is deprecated in ROOTPATH/modul/Kasir/Views/viewKasir.php on line 7.
 1 SYSTEMPATH/View/View.php(226): include('/Users/mac/Herd/cilspace/modul/Kasir/Views/viewKasir.php')
 2 SYSTEMPATH/View/View.php(229): CodeIgniter\View\View->CodeIgniter\View\{closure}()
 3 SYSTEMPATH/Common.php(1188): CodeIgniter\View\View->render('Modul\\Kasir\\Views\\viewKasir', [], true)
 4 ROOTPATH/modul/Kasir/Controllers/Kasir.php(91): view('Modul\\Kasir\\Views\\viewKasir', [...])
 5 SYSTEMPATH/CodeIgniter.php(919): Modul\Kasir\Controllers\Kasir->index()
 6 SYSTEMPATH/CodeIgniter.php(494): CodeIgniter\CodeIgniter->runController(Object(Modul\Kasir\Controllers\Kasir))
 7 SYSTEMPATH/CodeIgniter.php(353): CodeIgniter\CodeIgniter->handleRequest(null, Object(Config\Cache), false)
 8 FCPATH/index.php(79): CodeIgniter\CodeIgniter->run()
 9 /Applications/Herd.app/Contents/Resources/valet/server.php(167): require('/Users/mac/Herd/cilspace/public/index.php')
WARNING - 2025-02-20 22:54:13 --> [DEPRECATED] Creation of dynamic property CodeIgniter\View\View::$session is deprecated in ROOTPATH/modul/Kasir/Views/viewKasir.php on line 8.
 1 SYSTEMPATH/View/View.php(226): include('/Users/mac/Herd/cilspace/modul/Kasir/Views/viewKasir.php')
 2 SYSTEMPATH/View/View.php(229): CodeIgniter\View\View->CodeIgniter\View\{closure}()
 3 SYSTEMPATH/Common.php(1188): CodeIgniter\View\View->render('Modul\\Kasir\\Views\\viewKasir', [], true)
 4 ROOTPATH/modul/Kasir/Controllers/Kasir.php(91): view('Modul\\Kasir\\Views\\viewKasir', [...])
 5 SYSTEMPATH/CodeIgniter.php(919): Modul\Kasir\Controllers\Kasir->index()
 6 SYSTEMPATH/CodeIgniter.php(494): CodeIgniter\CodeIgniter->runController(Object(Modul\Kasir\Controllers\Kasir))
 7 SYSTEMPATH/CodeIgniter.php(353): CodeIgniter\CodeIgniter->handleRequest(null, Object(Config\Cache), false)
 8 FCPATH/index.php(79): CodeIgniter\CodeIgniter->run()
 9 /Applications/Herd.app/Contents/Resources/valet/server.php(167): require('/Users/mac/Herd/cilspace/public/index.php')
WARNING - 2025-02-20 22:54:21 --> [DEPRECATED] Creation of dynamic property App\Filters\Auth::$db is deprecated in APPPATH/Filters/Auth.php on line 15.
 1 SYSTEMPATH/Filters/Filters.php(180): App\Filters\Auth->before(Object(CodeIgniter\HTTP\IncomingRequest), null)
 2 SYSTEMPATH/CodeIgniter.php(466): CodeIgniter\Filters\Filters->run('kasir/getVarian', 'before')
 3 SYSTEMPATH/CodeIgniter.php(353): CodeIgniter\CodeIgniter->handleRequest(null, Object(Config\Cache), false)
 4 FCPATH/index.php(79): CodeIgniter\CodeIgniter->run()
 5 /Applications/Herd.app/Contents/Resources/valet/server.php(167): require('/Users/mac/Herd/cilspace/public/index.php')
INFO - 2025-02-20 22:54:21 --> Session: Class initialized using 'CodeIgniter\Session\Handlers\FileHandler' driver.
WARNING - 2025-02-20 22:54:21 --> [DEPRECATED] Creation of dynamic property Modul\Kasir\Controllers\Kasir::$penjualan is deprecated in ROOTPATH/modul/Kasir/Controllers/Kasir.php on line 25.
 1 SYSTEMPATH/CodeIgniter.php(891): Modul\Kasir\Controllers\Kasir->__construct()
 2 SYSTEMPATH/CodeIgniter.php(485): CodeIgniter\CodeIgniter->createController()
 3 SYSTEMPATH/CodeIgniter.php(353): CodeIgniter\CodeIgniter->handleRequest(null, Object(Config\Cache), false)
 4 FCPATH/index.php(79): CodeIgniter\CodeIgniter->run()
 5 /Applications/Herd.app/Contents/Resources/valet/server.php(167): require('/Users/mac/Herd/cilspace/public/index.php')
WARNING - 2025-02-20 22:54:21 --> [DEPRECATED] Creation of dynamic property Modul\Kasir\Controllers\Kasir::$user is deprecated in ROOTPATH/modul/Kasir/Controllers/Kasir.php on line 26.
 1 SYSTEMPATH/CodeIgniter.php(891): Modul\Kasir\Controllers\Kasir->__construct()
 2 SYSTEMPATH/CodeIgniter.php(485): CodeIgniter\CodeIgniter->createController()
 3 SYSTEMPATH/CodeIgniter.php(353): CodeIgniter\CodeIgniter->handleRequest(null, Object(Config\Cache), false)
 4 FCPATH/index.php(79): CodeIgniter\CodeIgniter->run()
 5 /Applications/Herd.app/Contents/Resources/valet/server.php(167): require('/Users/mac/Herd/cilspace/public/index.php')
WARNING - 2025-02-20 22:54:21 --> [DEPRECATED] Creation of dynamic property Modul\Kasir\Controllers\Kasir::$detail is deprecated in ROOTPATH/modul/Kasir/Controllers/Kasir.php on line 27.
 1 SYSTEMPATH/CodeIgniter.php(891): Modul\Kasir\Controllers\Kasir->__construct()
 2 SYSTEMPATH/CodeIgniter.php(485): CodeIgniter\CodeIgniter->createController()
 3 SYSTEMPATH/CodeIgniter.php(353): CodeIgniter\CodeIgniter->handleRequest(null, Object(Config\Cache), false)
 4 FCPATH/index.php(79): CodeIgniter\CodeIgniter->run()
 5 /Applications/Herd.app/Contents/Resources/valet/server.php(167): require('/Users/mac/Herd/cilspace/public/index.php')
WARNING - 2025-02-20 22:54:21 --> [DEPRECATED] Creation of dynamic property Modul\Kasir\Controllers\Kasir::$session is deprecated in ROOTPATH/modul/Kasir/Controllers/Kasir.php on line 30.
 1 SYSTEMPATH/CodeIgniter.php(891): Modul\Kasir\Controllers\Kasir->__construct()
 2 SYSTEMPATH/CodeIgniter.php(485): CodeIgniter\CodeIgniter->createController()
 3 SYSTEMPATH/CodeIgniter.php(353): CodeIgniter\CodeIgniter->handleRequest(null, Object(Config\Cache), false)
 4 FCPATH/index.php(79): CodeIgniter\CodeIgniter->run()
 5 /Applications/Herd.app/Contents/Resources/valet/server.php(167): require('/Users/mac/Herd/cilspace/public/index.php')
WARNING - 2025-02-20 22:54:21 --> [DEPRECATED] Creation of dynamic property Modul\Kasir\Controllers\Kasir::$db is deprecated in ROOTPATH/modul/Kasir/Controllers/Kasir.php on line 31.
 1 SYSTEMPATH/CodeIgniter.php(891): Modul\Kasir\Controllers\Kasir->__construct()
 2 SYSTEMPATH/CodeIgniter.php(485): CodeIgniter\CodeIgniter->createController()
 3 SYSTEMPATH/CodeIgniter.php(353): CodeIgniter\CodeIgniter->handleRequest(null, Object(Config\Cache), false)
 4 FCPATH/index.php(79): CodeIgniter\CodeIgniter->run()
 5 /Applications/Herd.app/Contents/Resources/valet/server.php(167): require('/Users/mac/Herd/cilspace/public/index.php')
WARNING - 2025-02-20 22:54:21 --> [DEPRECATED] Creation of dynamic property Modul\Kasir\Controllers\Kasir::$validation is deprecated in APPPATH/Controllers/BaseController.php on line 60.
 1 SYSTEMPATH/CodeIgniter.php(892): App\Controllers\BaseController->initController(Object(CodeIgniter\HTTP\IncomingRequest), Object(CodeIgniter\HTTP\Response), Object(CodeIgniter\Log\Logger))
 2 SYSTEMPATH/CodeIgniter.php(485): CodeIgniter\CodeIgniter->createController()
 3 SYSTEMPATH/CodeIgniter.php(353): CodeIgniter\CodeIgniter->handleRequest(null, Object(Config\Cache), false)
 4 FCPATH/index.php(79): CodeIgniter\CodeIgniter->run()
 5 /Applications/Herd.app/Contents/Resources/valet/server.php(167): require('/Users/mac/Herd/cilspace/public/index.php')
WARNING - 2025-02-20 22:54:21 --> [DEPRECATED] Creation of dynamic property Modul\Kasir\Controllers\Kasir::$uri is deprecated in APPPATH/Controllers/BaseController.php on line 63.
 1 SYSTEMPATH/CodeIgniter.php(892): App\Controllers\BaseController->initController(Object(CodeIgniter\HTTP\IncomingRequest), Object(CodeIgniter\HTTP\Response), Object(CodeIgniter\Log\Logger))
 2 SYSTEMPATH/CodeIgniter.php(485): CodeIgniter\CodeIgniter->createController()
 3 SYSTEMPATH/CodeIgniter.php(353): CodeIgniter\CodeIgniter->handleRequest(null, Object(Config\Cache), false)
 4 FCPATH/index.php(79): CodeIgniter\CodeIgniter->run()
 5 /Applications/Herd.app/Contents/Resources/valet/server.php(167): require('/Users/mac/Herd/cilspace/public/index.php')
WARNING - 2025-02-20 22:54:21 --> [DEPRECATED] Creation of dynamic property Modul\Kasir\Controllers\Kasir::$pager is deprecated in APPPATH/Controllers/BaseController.php on line 64.
 1 SYSTEMPATH/CodeIgniter.php(892): App\Controllers\BaseController->initController(Object(CodeIgniter\HTTP\IncomingRequest), Object(CodeIgniter\HTTP\Response), Object(CodeIgniter\Log\Logger))
 2 SYSTEMPATH/CodeIgniter.php(485): CodeIgniter\CodeIgniter->createController()
 3 SYSTEMPATH/CodeIgniter.php(353): CodeIgniter\CodeIgniter->handleRequest(null, Object(Config\Cache), false)
 4 FCPATH/index.php(79): CodeIgniter\CodeIgniter->run()
 5 /Applications/Herd.app/Contents/Resources/valet/server.php(167): require('/Users/mac/Herd/cilspace/public/index.php')
WARNING - 2025-02-20 22:54:59 --> [DEPRECATED] Creation of dynamic property App\Filters\Auth::$db is deprecated in APPPATH/Filters/Auth.php on line 15.
 1 SYSTEMPATH/Filters/Filters.php(180): App\Filters\Auth->before(Object(CodeIgniter\HTTP\IncomingRequest), null)
 2 SYSTEMPATH/CodeIgniter.php(466): CodeIgniter\Filters\Filters->run('kasir/simpan', 'before')
 3 SYSTEMPATH/CodeIgniter.php(353): CodeIgniter\CodeIgniter->handleRequest(null, Object(Config\Cache), false)
 4 FCPATH/index.php(79): CodeIgniter\CodeIgniter->run()
 5 /Applications/Herd.app/Contents/Resources/valet/server.php(167): require('/Users/mac/Herd/cilspace/public/index.php')
INFO - 2025-02-20 22:54:59 --> Session: Class initialized using 'CodeIgniter\Session\Handlers\FileHandler' driver.
WARNING - 2025-02-20 22:54:59 --> [DEPRECATED] Creation of dynamic property Modul\Kasir\Controllers\Kasir::$penjualan is deprecated in ROOTPATH/modul/Kasir/Controllers/Kasir.php on line 25.
 1 SYSTEMPATH/CodeIgniter.php(891): Modul\Kasir\Controllers\Kasir->__construct()
 2 SYSTEMPATH/CodeIgniter.php(485): CodeIgniter\CodeIgniter->createController()
 3 SYSTEMPATH/CodeIgniter.php(353): CodeIgniter\CodeIgniter->handleRequest(null, Object(Config\Cache), false)
 4 FCPATH/index.php(79): CodeIgniter\CodeIgniter->run()
 5 /Applications/Herd.app/Contents/Resources/valet/server.php(167): require('/Users/mac/Herd/cilspace/public/index.php')
WARNING - 2025-02-20 22:54:59 --> [DEPRECATED] Creation of dynamic property Modul\Kasir\Controllers\Kasir::$user is deprecated in ROOTPATH/modul/Kasir/Controllers/Kasir.php on line 26.
 1 SYSTEMPATH/CodeIgniter.php(891): Modul\Kasir\Controllers\Kasir->__construct()
 2 SYSTEMPATH/CodeIgniter.php(485): CodeIgniter\CodeIgniter->createController()
 3 SYSTEMPATH/CodeIgniter.php(353): CodeIgniter\CodeIgniter->handleRequest(null, Object(Config\Cache), false)
 4 FCPATH/index.php(79): CodeIgniter\CodeIgniter->run()
 5 /Applications/Herd.app/Contents/Resources/valet/server.php(167): require('/Users/mac/Herd/cilspace/public/index.php')
WARNING - 2025-02-20 22:54:59 --> [DEPRECATED] Creation of dynamic property Modul\Kasir\Controllers\Kasir::$detail is deprecated in ROOTPATH/modul/Kasir/Controllers/Kasir.php on line 27.
 1 SYSTEMPATH/CodeIgniter.php(891): Modul\Kasir\Controllers\Kasir->__construct()
 2 SYSTEMPATH/CodeIgniter.php(485): CodeIgniter\CodeIgniter->createController()
 3 SYSTEMPATH/CodeIgniter.php(353): CodeIgniter\CodeIgniter->handleRequest(null, Object(Config\Cache), false)
 4 FCPATH/index.php(79): CodeIgniter\CodeIgniter->run()
 5 /Applications/Herd.app/Contents/Resources/valet/server.php(167): require('/Users/mac/Herd/cilspace/public/index.php')
WARNING - 2025-02-20 22:54:59 --> [DEPRECATED] Creation of dynamic property Modul\Kasir\Controllers\Kasir::$session is deprecated in ROOTPATH/modul/Kasir/Controllers/Kasir.php on line 30.
 1 SYSTEMPATH/CodeIgniter.php(891): Modul\Kasir\Controllers\Kasir->__construct()
 2 SYSTEMPATH/CodeIgniter.php(485): CodeIgniter\CodeIgniter->createController()
 3 SYSTEMPATH/CodeIgniter.php(353): CodeIgniter\CodeIgniter->handleRequest(null, Object(Config\Cache), false)
 4 FCPATH/index.php(79): CodeIgniter\CodeIgniter->run()
 5 /Applications/Herd.app/Contents/Resources/valet/server.php(167): require('/Users/mac/Herd/cilspace/public/index.php')
WARNING - 2025-02-20 22:54:59 --> [DEPRECATED] Creation of dynamic property Modul\Kasir\Controllers\Kasir::$db is deprecated in ROOTPATH/modul/Kasir/Controllers/Kasir.php on line 31.
 1 SYSTEMPATH/CodeIgniter.php(891): Modul\Kasir\Controllers\Kasir->__construct()
 2 SYSTEMPATH/CodeIgniter.php(485): CodeIgniter\CodeIgniter->createController()
 3 SYSTEMPATH/CodeIgniter.php(353): CodeIgniter\CodeIgniter->handleRequest(null, Object(Config\Cache), false)
 4 FCPATH/index.php(79): CodeIgniter\CodeIgniter->run()
 5 /Applications/Herd.app/Contents/Resources/valet/server.php(167): require('/Users/mac/Herd/cilspace/public/index.php')
WARNING - 2025-02-20 22:54:59 --> [DEPRECATED] Creation of dynamic property Modul\Kasir\Controllers\Kasir::$validation is deprecated in APPPATH/Controllers/BaseController.php on line 60.
 1 SYSTEMPATH/CodeIgniter.php(892): App\Controllers\BaseController->initController(Object(CodeIgniter\HTTP\IncomingRequest), Object(CodeIgniter\HTTP\Response), Object(CodeIgniter\Log\Logger))
 2 SYSTEMPATH/CodeIgniter.php(485): CodeIgniter\CodeIgniter->createController()
 3 SYSTEMPATH/CodeIgniter.php(353): CodeIgniter\CodeIgniter->handleRequest(null, Object(Config\Cache), false)
 4 FCPATH/index.php(79): CodeIgniter\CodeIgniter->run()
 5 /Applications/Herd.app/Contents/Resources/valet/server.php(167): require('/Users/mac/Herd/cilspace/public/index.php')
WARNING - 2025-02-20 22:54:59 --> [DEPRECATED] Creation of dynamic property Modul\Kasir\Controllers\Kasir::$uri is deprecated in APPPATH/Controllers/BaseController.php on line 63.
 1 SYSTEMPATH/CodeIgniter.php(892): App\Controllers\BaseController->initController(Object(CodeIgniter\HTTP\IncomingRequest), Object(CodeIgniter\HTTP\Response), Object(CodeIgniter\Log\Logger))
 2 SYSTEMPATH/CodeIgniter.php(485): CodeIgniter\CodeIgniter->createController()
 3 SYSTEMPATH/CodeIgniter.php(353): CodeIgniter\CodeIgniter->handleRequest(null, Object(Config\Cache), false)
 4 FCPATH/index.php(79): CodeIgniter\CodeIgniter->run()
 5 /Applications/Herd.app/Contents/Resources/valet/server.php(167): require('/Users/mac/Herd/cilspace/public/index.php')
WARNING - 2025-02-20 22:54:59 --> [DEPRECATED] Creation of dynamic property Modul\Kasir\Controllers\Kasir::$pager is deprecated in APPPATH/Controllers/BaseController.php on line 64.
 1 SYSTEMPATH/CodeIgniter.php(892): App\Controllers\BaseController->initController(Object(CodeIgniter\HTTP\IncomingRequest), Object(CodeIgniter\HTTP\Response), Object(CodeIgniter\Log\Logger))
 2 SYSTEMPATH/CodeIgniter.php(485): CodeIgniter\CodeIgniter->createController()
 3 SYSTEMPATH/CodeIgniter.php(353): CodeIgniter\CodeIgniter->handleRequest(null, Object(Config\Cache), false)
 4 FCPATH/index.php(79): CodeIgniter\CodeIgniter->run()
 5 /Applications/Herd.app/Contents/Resources/valet/server.php(167): require('/Users/mac/Herd/cilspace/public/index.php')
INFO - 2025-02-20 22:55:17 --> Session: Class initialized using 'CodeIgniter\Session\Handlers\FileHandler' driver.
WARNING - 2025-02-20 22:55:17 --> [DEPRECATED] Creation of dynamic property Modul\Login\Controllers\Login::$session is deprecated in APPPATH/Controllers/BaseController.php on line 59.
 1 SYSTEMPATH/CodeIgniter.php(892): App\Controllers\BaseController->initController(Object(CodeIgniter\HTTP\IncomingRequest), Object(CodeIgniter\HTTP\Response), Object(CodeIgniter\Log\Logger))
 2 SYSTEMPATH/CodeIgniter.php(485): CodeIgniter\CodeIgniter->createController()
 3 SYSTEMPATH/CodeIgniter.php(353): CodeIgniter\CodeIgniter->handleRequest(null, Object(Config\Cache), false)
 4 FCPATH/index.php(79): CodeIgniter\CodeIgniter->run()
 5 /Applications/Herd.app/Contents/Resources/valet/server.php(167): require('/Users/mac/Herd/cilspace/public/index.php')
WARNING - 2025-02-20 22:55:17 --> [DEPRECATED] Creation of dynamic property Modul\Login\Controllers\Login::$validation is deprecated in APPPATH/Controllers/BaseController.php on line 60.
 1 SYSTEMPATH/CodeIgniter.php(892): App\Controllers\BaseController->initController(Object(CodeIgniter\HTTP\IncomingRequest), Object(CodeIgniter\HTTP\Response), Object(CodeIgniter\Log\Logger))
 2 SYSTEMPATH/CodeIgniter.php(485): CodeIgniter\CodeIgniter->createController()
 3 SYSTEMPATH/CodeIgniter.php(353): CodeIgniter\CodeIgniter->handleRequest(null, Object(Config\Cache), false)
 4 FCPATH/index.php(79): CodeIgniter\CodeIgniter->run()
 5 /Applications/Herd.app/Contents/Resources/valet/server.php(167): require('/Users/mac/Herd/cilspace/public/index.php')
WARNING - 2025-02-20 22:55:17 --> [DEPRECATED] Creation of dynamic property Modul\Login\Controllers\Login::$db is deprecated in APPPATH/Controllers/BaseController.php on line 62.
 1 SYSTEMPATH/CodeIgniter.php(892): App\Controllers\BaseController->initController(Object(CodeIgniter\HTTP\IncomingRequest), Object(CodeIgniter\HTTP\Response), Object(CodeIgniter\Log\Logger))
 2 SYSTEMPATH/CodeIgniter.php(485): CodeIgniter\CodeIgniter->createController()
 3 SYSTEMPATH/CodeIgniter.php(353): CodeIgniter\CodeIgniter->handleRequest(null, Object(Config\Cache), false)
 4 FCPATH/index.php(79): CodeIgniter\CodeIgniter->run()
 5 /Applications/Herd.app/Contents/Resources/valet/server.php(167): require('/Users/mac/Herd/cilspace/public/index.php')
WARNING - 2025-02-20 22:55:17 --> [DEPRECATED] Creation of dynamic property Modul\Login\Controllers\Login::$uri is deprecated in APPPATH/Controllers/BaseController.php on line 63.
 1 SYSTEMPATH/CodeIgniter.php(892): App\Controllers\BaseController->initController(Object(CodeIgniter\HTTP\IncomingRequest), Object(CodeIgniter\HTTP\Response), Object(CodeIgniter\Log\Logger))
 2 SYSTEMPATH/CodeIgniter.php(485): CodeIgniter\CodeIgniter->createController()
 3 SYSTEMPATH/CodeIgniter.php(353): CodeIgniter\CodeIgniter->handleRequest(null, Object(Config\Cache), false)
 4 FCPATH/index.php(79): CodeIgniter\CodeIgniter->run()
 5 /Applications/Herd.app/Contents/Resources/valet/server.php(167): require('/Users/mac/Herd/cilspace/public/index.php')
WARNING - 2025-02-20 22:55:17 --> [DEPRECATED] Creation of dynamic property Modul\Login\Controllers\Login::$pager is deprecated in APPPATH/Controllers/BaseController.php on line 64.
 1 SYSTEMPATH/CodeIgniter.php(892): App\Controllers\BaseController->initController(Object(CodeIgniter\HTTP\IncomingRequest), Object(CodeIgniter\HTTP\Response), Object(CodeIgniter\Log\Logger))
 2 SYSTEMPATH/CodeIgniter.php(485): CodeIgniter\CodeIgniter->createController()
 3 SYSTEMPATH/CodeIgniter.php(353): CodeIgniter\CodeIgniter->handleRequest(null, Object(Config\Cache), false)
 4 FCPATH/index.php(79): CodeIgniter\CodeIgniter->run()
 5 /Applications/Herd.app/Contents/Resources/valet/server.php(167): require('/Users/mac/Herd/cilspace/public/index.php')
WARNING - 2025-02-20 22:55:17 --> [DEPRECATED] Creation of dynamic property App\Filters\Auth::$db is deprecated in APPPATH/Filters/Auth.php on line 15.
 1 SYSTEMPATH/Filters/Filters.php(180): App\Filters\Auth->before(Object(CodeIgniter\HTTP\IncomingRequest), null)
 2 SYSTEMPATH/CodeIgniter.php(466): CodeIgniter\Filters\Filters->run('dashboard', 'before')
 3 SYSTEMPATH/CodeIgniter.php(353): CodeIgniter\CodeIgniter->handleRequest(null, Object(Config\Cache), false)
 4 FCPATH/index.php(79): CodeIgniter\CodeIgniter->run()
 5 /Applications/Herd.app/Contents/Resources/valet/server.php(167): require('/Users/mac/Herd/cilspace/public/index.php')
INFO - 2025-02-20 22:55:17 --> Session: Class initialized using 'CodeIgniter\Session\Handlers\FileHandler' driver.
WARNING - 2025-02-20 22:55:17 --> [DEPRECATED] Creation of dynamic property Modul\Dashboard\Controllers\Dashboard::$toko is deprecated in ROOTPATH/modul/Dashboard/Controllers/Dashboard.php on line 19.
 1 SYSTEMPATH/CodeIgniter.php(891): Modul\Dashboard\Controllers\Dashboard->__construct()
 2 SYSTEMPATH/CodeIgniter.php(485): CodeIgniter\CodeIgniter->createController()
 3 SYSTEMPATH/CodeIgniter.php(353): CodeIgniter\CodeIgniter->handleRequest(null, Object(Config\Cache), false)
 4 FCPATH/index.php(79): CodeIgniter\CodeIgniter->run()
 5 /Applications/Herd.app/Contents/Resources/valet/server.php(167): require('/Users/mac/Herd/cilspace/public/index.php')
WARNING - 2025-02-20 22:55:17 --> [DEPRECATED] Creation of dynamic property Modul\Dashboard\Controllers\Dashboard::$session is deprecated in APPPATH/Controllers/BaseController.php on line 59.
 1 SYSTEMPATH/CodeIgniter.php(892): App\Controllers\BaseController->initController(Object(CodeIgniter\HTTP\IncomingRequest), Object(CodeIgniter\HTTP\Response), Object(CodeIgniter\Log\Logger))
 2 SYSTEMPATH/CodeIgniter.php(485): CodeIgniter\CodeIgniter->createController()
 3 SYSTEMPATH/CodeIgniter.php(353): CodeIgniter\CodeIgniter->handleRequest(null, Object(Config\Cache), false)
 4 FCPATH/index.php(79): CodeIgniter\CodeIgniter->run()
 5 /Applications/Herd.app/Contents/Resources/valet/server.php(167): require('/Users/mac/Herd/cilspace/public/index.php')
WARNING - 2025-02-20 22:55:17 --> [DEPRECATED] Creation of dynamic property Modul\Dashboard\Controllers\Dashboard::$validation is deprecated in APPPATH/Controllers/BaseController.php on line 60.
 1 SYSTEMPATH/CodeIgniter.php(892): App\Controllers\BaseController->initController(Object(CodeIgniter\HTTP\IncomingRequest), Object(CodeIgniter\HTTP\Response), Object(CodeIgniter\Log\Logger))
 2 SYSTEMPATH/CodeIgniter.php(485): CodeIgniter\CodeIgniter->createController()
 3 SYSTEMPATH/CodeIgniter.php(353): CodeIgniter\CodeIgniter->handleRequest(null, Object(Config\Cache), false)
 4 FCPATH/index.php(79): CodeIgniter\CodeIgniter->run()
 5 /Applications/Herd.app/Contents/Resources/valet/server.php(167): require('/Users/mac/Herd/cilspace/public/index.php')
WARNING - 2025-02-20 22:55:17 --> [DEPRECATED] Creation of dynamic property Modul\Dashboard\Controllers\Dashboard::$db is deprecated in APPPATH/Controllers/BaseController.php on line 62.
 1 SYSTEMPATH/CodeIgniter.php(892): App\Controllers\BaseController->initController(Object(CodeIgniter\HTTP\IncomingRequest), Object(CodeIgniter\HTTP\Response), Object(CodeIgniter\Log\Logger))
 2 SYSTEMPATH/CodeIgniter.php(485): CodeIgniter\CodeIgniter->createController()
 3 SYSTEMPATH/CodeIgniter.php(353): CodeIgniter\CodeIgniter->handleRequest(null, Object(Config\Cache), false)
 4 FCPATH/index.php(79): CodeIgniter\CodeIgniter->run()
 5 /Applications/Herd.app/Contents/Resources/valet/server.php(167): require('/Users/mac/Herd/cilspace/public/index.php')
WARNING - 2025-02-20 22:55:17 --> [DEPRECATED] Creation of dynamic property Modul\Dashboard\Controllers\Dashboard::$uri is deprecated in APPPATH/Controllers/BaseController.php on line 63.
 1 SYSTEMPATH/CodeIgniter.php(892): App\Controllers\BaseController->initController(Object(CodeIgniter\HTTP\IncomingRequest), Object(CodeIgniter\HTTP\Response), Object(CodeIgniter\Log\Logger))
 2 SYSTEMPATH/CodeIgniter.php(485): CodeIgniter\CodeIgniter->createController()
 3 SYSTEMPATH/CodeIgniter.php(353): CodeIgniter\CodeIgniter->handleRequest(null, Object(Config\Cache), false)
 4 FCPATH/index.php(79): CodeIgniter\CodeIgniter->run()
 5 /Applications/Herd.app/Contents/Resources/valet/server.php(167): require('/Users/mac/Herd/cilspace/public/index.php')
WARNING - 2025-02-20 22:55:17 --> [DEPRECATED] Creation of dynamic property Modul\Dashboard\Controllers\Dashboard::$pager is deprecated in APPPATH/Controllers/BaseController.php on line 64.
 1 SYSTEMPATH/CodeIgniter.php(892): App\Controllers\BaseController->initController(Object(CodeIgniter\HTTP\IncomingRequest), Object(CodeIgniter\HTTP\Response), Object(CodeIgniter\Log\Logger))
 2 SYSTEMPATH/CodeIgniter.php(485): CodeIgniter\CodeIgniter->createController()
 3 SYSTEMPATH/CodeIgniter.php(353): CodeIgniter\CodeIgniter->handleRequest(null, Object(Config\Cache), false)
 4 FCPATH/index.php(79): CodeIgniter\CodeIgniter->run()
 5 /Applications/Herd.app/Contents/Resources/valet/server.php(167): require('/Users/mac/Herd/cilspace/public/index.php')
WARNING - 2025-02-20 22:55:17 --> [DEPRECATED] number_format(): Passing null to parameter #1 ($num) of type float is deprecated in ROOTPATH/modul/Dashboard/Controllers/Dashboard.php on line 49.
 1 ROOTPATH/modul/Dashboard/Controllers/Dashboard.php(49): number_format(null)
 2 SYSTEMPATH/CodeIgniter.php(919): Modul\Dashboard\Controllers\Dashboard->index()
 3 SYSTEMPATH/CodeIgniter.php(494): CodeIgniter\CodeIgniter->runController(Object(Modul\Dashboard\Controllers\Dashboard))
 4 SYSTEMPATH/CodeIgniter.php(353): CodeIgniter\CodeIgniter->handleRequest(null, Object(Config\Cache), false)
 5 FCPATH/index.php(79): CodeIgniter\CodeIgniter->run()
 6 /Applications/Herd.app/Contents/Resources/valet/server.php(167): require('/Users/mac/Herd/cilspace/public/index.php')
WARNING - 2025-02-20 22:55:17 --> [DEPRECATED] Creation of dynamic property CodeIgniter\View\View::$session is deprecated in ROOTPATH/modul/Dashboard/Views/viewDashboard.php on line 5.
 1 SYSTEMPATH/View/View.php(226): include('/Users/mac/Herd/cilspace/modul/Dashboard/Views/viewDashboard.php')
 2 SYSTEMPATH/View/View.php(229): CodeIgniter\View\View->CodeIgniter\View\{closure}()
 3 SYSTEMPATH/Common.php(1188): CodeIgniter\View\View->render('Modul\\Dashboard\\Views\\viewDashboard', [], true)
 4 ROOTPATH/modul/Dashboard/Controllers/Dashboard.php(62): view('Modul\\Dashboard\\Views\\viewDashboard', [...])
 5 SYSTEMPATH/CodeIgniter.php(919): Modul\Dashboard\Controllers\Dashboard->index()
 6 SYSTEMPATH/CodeIgniter.php(494): CodeIgniter\CodeIgniter->runController(Object(Modul\Dashboard\Controllers\Dashboard))
 7 SYSTEMPATH/CodeIgniter.php(353): CodeIgniter\CodeIgniter->handleRequest(null, Object(Config\Cache), false)
 8 FCPATH/index.php(79): CodeIgniter\CodeIgniter->run()
 9 /Applications/Herd.app/Contents/Resources/valet/server.php(167): require('/Users/mac/Herd/cilspace/public/index.php')
WARNING - 2025-02-20 22:55:17 --> [DEPRECATED] Creation of dynamic property CodeIgniter\View\View::$db is deprecated in APPPATH/Views/layout/template.php on line 6.
 1 SYSTEMPATH/View/View.php(226): include('/Users/mac/Herd/cilspace/app/Views/layout/template.php')
 2 SYSTEMPATH/View/View.php(229): CodeIgniter\View\View->CodeIgniter\View\{closure}()
 3 SYSTEMPATH/View/View.php(242): CodeIgniter\View\View->render('layout/template', [], true)
 4 SYSTEMPATH/Common.php(1188): CodeIgniter\View\View->render('Modul\\Dashboard\\Views\\viewDashboard', [], true)
 5 ROOTPATH/modul/Dashboard/Controllers/Dashboard.php(62): view('Modul\\Dashboard\\Views\\viewDashboard', [...])
 6 SYSTEMPATH/CodeIgniter.php(919): Modul\Dashboard\Controllers\Dashboard->index()
 7 SYSTEMPATH/CodeIgniter.php(494): CodeIgniter\CodeIgniter->runController(Object(Modul\Dashboard\Controllers\Dashboard))
 8 SYSTEMPATH/CodeIgniter.php(353): CodeIgniter\CodeIgniter->handleRequest(null, Object(Config\Cache), false)
 9 FCPATH/index.php(79): CodeIgniter\CodeIgniter->run()
10 /Applications/Herd.app/Contents/Resources/valet/server.php(167): require('/Users/mac/Herd/cilspace/public/index.php')
WARNING - 2025-02-20 22:55:27 --> [DEPRECATED] Creation of dynamic property App\Filters\Auth::$db is deprecated in APPPATH/Filters/Auth.php on line 15.
 1 SYSTEMPATH/Filters/Filters.php(180): App\Filters\Auth->before(Object(CodeIgniter\HTTP\IncomingRequest), null)
 2 SYSTEMPATH/CodeIgniter.php(466): CodeIgniter\Filters\Filters->run('bestseller', 'before')
 3 SYSTEMPATH/CodeIgniter.php(353): CodeIgniter\CodeIgniter->handleRequest(null, Object(Config\Cache), false)
 4 FCPATH/index.php(79): CodeIgniter\CodeIgniter->run()
 5 /Applications/Herd.app/Contents/Resources/valet/server.php(167): require('/Users/mac/Herd/cilspace/public/index.php')
INFO - 2025-02-20 22:55:27 --> Session: Class initialized using 'CodeIgniter\Session\Handlers\FileHandler' driver.
WARNING - 2025-02-20 22:55:27 --> [DEPRECATED] Creation of dynamic property Modul\Bestseller\Controllers\Bestseller::$session is deprecated in APPPATH/Controllers/BaseController.php on line 59.
 1 SYSTEMPATH/CodeIgniter.php(892): App\Controllers\BaseController->initController(Object(CodeIgniter\HTTP\IncomingRequest), Object(CodeIgniter\HTTP\Response), Object(CodeIgniter\Log\Logger))
 2 SYSTEMPATH/CodeIgniter.php(485): CodeIgniter\CodeIgniter->createController()
 3 SYSTEMPATH/CodeIgniter.php(353): CodeIgniter\CodeIgniter->handleRequest(null, Object(Config\Cache), false)
 4 FCPATH/index.php(79): CodeIgniter\CodeIgniter->run()
 5 /Applications/Herd.app/Contents/Resources/valet/server.php(167): require('/Users/mac/Herd/cilspace/public/index.php')
WARNING - 2025-02-20 22:55:27 --> [DEPRECATED] Creation of dynamic property Modul\Bestseller\Controllers\Bestseller::$validation is deprecated in APPPATH/Controllers/BaseController.php on line 60.
 1 SYSTEMPATH/CodeIgniter.php(892): App\Controllers\BaseController->initController(Object(CodeIgniter\HTTP\IncomingRequest), Object(CodeIgniter\HTTP\Response), Object(CodeIgniter\Log\Logger))
 2 SYSTEMPATH/CodeIgniter.php(485): CodeIgniter\CodeIgniter->createController()
 3 SYSTEMPATH/CodeIgniter.php(353): CodeIgniter\CodeIgniter->handleRequest(null, Object(Config\Cache), false)
 4 FCPATH/index.php(79): CodeIgniter\CodeIgniter->run()
 5 /Applications/Herd.app/Contents/Resources/valet/server.php(167): require('/Users/mac/Herd/cilspace/public/index.php')
WARNING - 2025-02-20 22:55:27 --> [DEPRECATED] Creation of dynamic property Modul\Bestseller\Controllers\Bestseller::$db is deprecated in APPPATH/Controllers/BaseController.php on line 62.
 1 SYSTEMPATH/CodeIgniter.php(892): App\Controllers\BaseController->initController(Object(CodeIgniter\HTTP\IncomingRequest), Object(CodeIgniter\HTTP\Response), Object(CodeIgniter\Log\Logger))
 2 SYSTEMPATH/CodeIgniter.php(485): CodeIgniter\CodeIgniter->createController()
 3 SYSTEMPATH/CodeIgniter.php(353): CodeIgniter\CodeIgniter->handleRequest(null, Object(Config\Cache), false)
 4 FCPATH/index.php(79): CodeIgniter\CodeIgniter->run()
 5 /Applications/Herd.app/Contents/Resources/valet/server.php(167): require('/Users/mac/Herd/cilspace/public/index.php')
WARNING - 2025-02-20 22:55:27 --> [DEPRECATED] Creation of dynamic property Modul\Bestseller\Controllers\Bestseller::$uri is deprecated in APPPATH/Controllers/BaseController.php on line 63.
 1 SYSTEMPATH/CodeIgniter.php(892): App\Controllers\BaseController->initController(Object(CodeIgniter\HTTP\IncomingRequest), Object(CodeIgniter\HTTP\Response), Object(CodeIgniter\Log\Logger))
 2 SYSTEMPATH/CodeIgniter.php(485): CodeIgniter\CodeIgniter->createController()
 3 SYSTEMPATH/CodeIgniter.php(353): CodeIgniter\CodeIgniter->handleRequest(null, Object(Config\Cache), false)
 4 FCPATH/index.php(79): CodeIgniter\CodeIgniter->run()
 5 /Applications/Herd.app/Contents/Resources/valet/server.php(167): require('/Users/mac/Herd/cilspace/public/index.php')
WARNING - 2025-02-20 22:55:27 --> [DEPRECATED] Creation of dynamic property Modul\Bestseller\Controllers\Bestseller::$pager is deprecated in APPPATH/Controllers/BaseController.php on line 64.
 1 SYSTEMPATH/CodeIgniter.php(892): App\Controllers\BaseController->initController(Object(CodeIgniter\HTTP\IncomingRequest), Object(CodeIgniter\HTTP\Response), Object(CodeIgniter\Log\Logger))
 2 SYSTEMPATH/CodeIgniter.php(485): CodeIgniter\CodeIgniter->createController()
 3 SYSTEMPATH/CodeIgniter.php(353): CodeIgniter\CodeIgniter->handleRequest(null, Object(Config\Cache), false)
 4 FCPATH/index.php(79): CodeIgniter\CodeIgniter->run()
 5 /Applications/Herd.app/Contents/Resources/valet/server.php(167): require('/Users/mac/Herd/cilspace/public/index.php')
WARNING - 2025-02-20 22:55:27 --> [DEPRECATED] Creation of dynamic property CodeIgniter\View\View::$session is deprecated in ROOTPATH/modul/Bestseller/Views/viewBestseller.php on line 5.
 1 SYSTEMPATH/View/View.php(226): include('/Users/mac/Herd/cilspace/modul/Bestseller/Views/viewBestseller.php')
 2 SYSTEMPATH/View/View.php(229): CodeIgniter\View\View->CodeIgniter\View\{closure}()
 3 SYSTEMPATH/Common.php(1188): CodeIgniter\View\View->render('Modul\\Bestseller\\Views\\viewBestseller', [], true)
 4 ROOTPATH/modul/Bestseller/Controllers/Bestseller.php(28): view('Modul\\Bestseller\\Views\\viewBestseller', [...])
 5 SYSTEMPATH/CodeIgniter.php(919): Modul\Bestseller\Controllers\Bestseller->index()
 6 SYSTEMPATH/CodeIgniter.php(494): CodeIgniter\CodeIgniter->runController(Object(Modul\Bestseller\Controllers\Bestseller))
 7 SYSTEMPATH/CodeIgniter.php(353): CodeIgniter\CodeIgniter->handleRequest(null, Object(Config\Cache), false)
 8 FCPATH/index.php(79): CodeIgniter\CodeIgniter->run()
 9 /Applications/Herd.app/Contents/Resources/valet/server.php(167): require('/Users/mac/Herd/cilspace/public/index.php')
WARNING - 2025-02-20 22:55:27 --> [DEPRECATED] Creation of dynamic property CodeIgniter\View\View::$db is deprecated in APPPATH/Views/layout/template.php on line 6.
 1 SYSTEMPATH/View/View.php(226): include('/Users/mac/Herd/cilspace/app/Views/layout/template.php')
 2 SYSTEMPATH/View/View.php(229): CodeIgniter\View\View->CodeIgniter\View\{closure}()
 3 SYSTEMPATH/View/View.php(242): CodeIgniter\View\View->render('layout/template', [], true)
 4 SYSTEMPATH/Common.php(1188): CodeIgniter\View\View->render('Modul\\Bestseller\\Views\\viewBestseller', [], true)
 5 ROOTPATH/modul/Bestseller/Controllers/Bestseller.php(28): view('Modul\\Bestseller\\Views\\viewBestseller', [...])
 6 SYSTEMPATH/CodeIgniter.php(919): Modul\Bestseller\Controllers\Bestseller->index()
 7 SYSTEMPATH/CodeIgniter.php(494): CodeIgniter\CodeIgniter->runController(Object(Modul\Bestseller\Controllers\Bestseller))
 8 SYSTEMPATH/CodeIgniter.php(353): CodeIgniter\CodeIgniter->handleRequest(null, Object(Config\Cache), false)
 9 FCPATH/index.php(79): CodeIgniter\CodeIgniter->run()
10 /Applications/Herd.app/Contents/Resources/valet/server.php(167): require('/Users/mac/Herd/cilspace/public/index.php')
WARNING - 2025-02-20 22:55:31 --> [DEPRECATED] Creation of dynamic property App\Filters\Auth::$db is deprecated in APPPATH/Filters/Auth.php on line 15.
 1 SYSTEMPATH/Filters/Filters.php(180): App\Filters\Auth->before(Object(CodeIgniter\HTTP\IncomingRequest), null)
 2 SYSTEMPATH/CodeIgniter.php(466): CodeIgniter\Filters\Filters->run('penjualan', 'before')
 3 SYSTEMPATH/CodeIgniter.php(353): CodeIgniter\CodeIgniter->handleRequest(null, Object(Config\Cache), false)
 4 FCPATH/index.php(79): CodeIgniter\CodeIgniter->run()
 5 /Applications/Herd.app/Contents/Resources/valet/server.php(167): require('/Users/mac/Herd/cilspace/public/index.php')
INFO - 2025-02-20 22:55:31 --> Session: Class initialized using 'CodeIgniter\Session\Handlers\FileHandler' driver.
WARNING - 2025-02-20 22:55:31 --> [DEPRECATED] Creation of dynamic property Modul\Penjualan\Controllers\Penjualan::$penjualan is deprecated in ROOTPATH/modul/Penjualan/Controllers/Penjualan.php on line 20.
 1 SYSTEMPATH/CodeIgniter.php(891): Modul\Penjualan\Controllers\Penjualan->__construct()
 2 SYSTEMPATH/CodeIgniter.php(485): CodeIgniter\CodeIgniter->createController()
 3 SYSTEMPATH/CodeIgniter.php(353): CodeIgniter\CodeIgniter->handleRequest(null, Object(Config\Cache), false)
 4 FCPATH/index.php(79): CodeIgniter\CodeIgniter->run()
 5 /Applications/Herd.app/Contents/Resources/valet/server.php(167): require('/Users/mac/Herd/cilspace/public/index.php')
WARNING - 2025-02-20 22:55:31 --> [DEPRECATED] Creation of dynamic property Modul\Penjualan\Controllers\Penjualan::$session is deprecated in APPPATH/Controllers/BaseController.php on line 59.
 1 SYSTEMPATH/CodeIgniter.php(892): App\Controllers\BaseController->initController(Object(CodeIgniter\HTTP\IncomingRequest), Object(CodeIgniter\HTTP\Response), Object(CodeIgniter\Log\Logger))
 2 SYSTEMPATH/CodeIgniter.php(485): CodeIgniter\CodeIgniter->createController()
 3 SYSTEMPATH/CodeIgniter.php(353): CodeIgniter\CodeIgniter->handleRequest(null, Object(Config\Cache), false)
 4 FCPATH/index.php(79): CodeIgniter\CodeIgniter->run()
 5 /Applications/Herd.app/Contents/Resources/valet/server.php(167): require('/Users/mac/Herd/cilspace/public/index.php')
WARNING - 2025-02-20 22:55:31 --> [DEPRECATED] Creation of dynamic property Modul\Penjualan\Controllers\Penjualan::$validation is deprecated in APPPATH/Controllers/BaseController.php on line 60.
 1 SYSTEMPATH/CodeIgniter.php(892): App\Controllers\BaseController->initController(Object(CodeIgniter\HTTP\IncomingRequest), Object(CodeIgniter\HTTP\Response), Object(CodeIgniter\Log\Logger))
 2 SYSTEMPATH/CodeIgniter.php(485): CodeIgniter\CodeIgniter->createController()
 3 SYSTEMPATH/CodeIgniter.php(353): CodeIgniter\CodeIgniter->handleRequest(null, Object(Config\Cache), false)
 4 FCPATH/index.php(79): CodeIgniter\CodeIgniter->run()
 5 /Applications/Herd.app/Contents/Resources/valet/server.php(167): require('/Users/mac/Herd/cilspace/public/index.php')
WARNING - 2025-02-20 22:55:31 --> [DEPRECATED] Creation of dynamic property Modul\Penjualan\Controllers\Penjualan::$db is deprecated in APPPATH/Controllers/BaseController.php on line 62.
 1 SYSTEMPATH/CodeIgniter.php(892): App\Controllers\BaseController->initController(Object(CodeIgniter\HTTP\IncomingRequest), Object(CodeIgniter\HTTP\Response), Object(CodeIgniter\Log\Logger))
 2 SYSTEMPATH/CodeIgniter.php(485): CodeIgniter\CodeIgniter->createController()
 3 SYSTEMPATH/CodeIgniter.php(353): CodeIgniter\CodeIgniter->handleRequest(null, Object(Config\Cache), false)
 4 FCPATH/index.php(79): CodeIgniter\CodeIgniter->run()
 5 /Applications/Herd.app/Contents/Resources/valet/server.php(167): require('/Users/mac/Herd/cilspace/public/index.php')
WARNING - 2025-02-20 22:55:31 --> [DEPRECATED] Creation of dynamic property Modul\Penjualan\Controllers\Penjualan::$uri is deprecated in APPPATH/Controllers/BaseController.php on line 63.
 1 SYSTEMPATH/CodeIgniter.php(892): App\Controllers\BaseController->initController(Object(CodeIgniter\HTTP\IncomingRequest), Object(CodeIgniter\HTTP\Response), Object(CodeIgniter\Log\Logger))
 2 SYSTEMPATH/CodeIgniter.php(485): CodeIgniter\CodeIgniter->createController()
 3 SYSTEMPATH/CodeIgniter.php(353): CodeIgniter\CodeIgniter->handleRequest(null, Object(Config\Cache), false)
 4 FCPATH/index.php(79): CodeIgniter\CodeIgniter->run()
 5 /Applications/Herd.app/Contents/Resources/valet/server.php(167): require('/Users/mac/Herd/cilspace/public/index.php')
WARNING - 2025-02-20 22:55:31 --> [DEPRECATED] Creation of dynamic property Modul\Penjualan\Controllers\Penjualan::$pager is deprecated in APPPATH/Controllers/BaseController.php on line 64.
 1 SYSTEMPATH/CodeIgniter.php(892): App\Controllers\BaseController->initController(Object(CodeIgniter\HTTP\IncomingRequest), Object(CodeIgniter\HTTP\Response), Object(CodeIgniter\Log\Logger))
 2 SYSTEMPATH/CodeIgniter.php(485): CodeIgniter\CodeIgniter->createController()
 3 SYSTEMPATH/CodeIgniter.php(353): CodeIgniter\CodeIgniter->handleRequest(null, Object(Config\Cache), false)
 4 FCPATH/index.php(79): CodeIgniter\CodeIgniter->run()
 5 /Applications/Herd.app/Contents/Resources/valet/server.php(167): require('/Users/mac/Herd/cilspace/public/index.php')
WARNING - 2025-02-20 22:55:31 --> [DEPRECATED] Creation of dynamic property CodeIgniter\View\View::$db is deprecated in APPPATH/Views/layout/template.php on line 6.
 1 SYSTEMPATH/View/View.php(226): include('/Users/mac/Herd/cilspace/app/Views/layout/template.php')
 2 SYSTEMPATH/View/View.php(229): CodeIgniter\View\View->CodeIgniter\View\{closure}()
 3 SYSTEMPATH/View/View.php(242): CodeIgniter\View\View->render('layout/template', [], true)
 4 SYSTEMPATH/Common.php(1188): CodeIgniter\View\View->render('Modul\\Penjualan\\Views\\viewPenjualan', [], true)
 5 ROOTPATH/modul/Penjualan/Controllers/Penjualan.php(38): view('Modul\\Penjualan\\Views\\viewPenjualan', [...])
 6 SYSTEMPATH/CodeIgniter.php(919): Modul\Penjualan\Controllers\Penjualan->index()
 7 SYSTEMPATH/CodeIgniter.php(494): CodeIgniter\CodeIgniter->runController(Object(Modul\Penjualan\Controllers\Penjualan))
 8 SYSTEMPATH/CodeIgniter.php(353): CodeIgniter\CodeIgniter->handleRequest(null, Object(Config\Cache), false)
 9 FCPATH/index.php(79): CodeIgniter\CodeIgniter->run()
10 /Applications/Herd.app/Contents/Resources/valet/server.php(167): require('/Users/mac/Herd/cilspace/public/index.php')
WARNING - 2025-02-20 22:55:31 --> [DEPRECATED] Creation of dynamic property CodeIgniter\View\View::$session is deprecated in APPPATH/Views/layout/template.php on line 7.
 1 SYSTEMPATH/View/View.php(226): include('/Users/mac/Herd/cilspace/app/Views/layout/template.php')
 2 SYSTEMPATH/View/View.php(229): CodeIgniter\View\View->CodeIgniter\View\{closure}()
 3 SYSTEMPATH/View/View.php(242): CodeIgniter\View\View->render('layout/template', [], true)
 4 SYSTEMPATH/Common.php(1188): CodeIgniter\View\View->render('Modul\\Penjualan\\Views\\viewPenjualan', [], true)
 5 ROOTPATH/modul/Penjualan/Controllers/Penjualan.php(38): view('Modul\\Penjualan\\Views\\viewPenjualan', [...])
 6 SYSTEMPATH/CodeIgniter.php(919): Modul\Penjualan\Controllers\Penjualan->index()
 7 SYSTEMPATH/CodeIgniter.php(494): CodeIgniter\CodeIgniter->runController(Object(Modul\Penjualan\Controllers\Penjualan))
 8 SYSTEMPATH/CodeIgniter.php(353): CodeIgniter\CodeIgniter->handleRequest(null, Object(Config\Cache), false)
 9 FCPATH/index.php(79): CodeIgniter\CodeIgniter->run()
10 /Applications/Herd.app/Contents/Resources/valet/server.php(167): require('/Users/mac/Herd/cilspace/public/index.php')
WARNING - 2025-02-20 22:55:32 --> [DEPRECATED] Creation of dynamic property App\Filters\Auth::$db is deprecated in APPPATH/Filters/Auth.php on line 15.
 1 SYSTEMPATH/Filters/Filters.php(180): App\Filters\Auth->before(Object(CodeIgniter\HTTP\IncomingRequest), null)
 2 SYSTEMPATH/CodeIgniter.php(466): CodeIgniter\Filters\Filters->run('penjualan/datatable', 'before')
 3 SYSTEMPATH/CodeIgniter.php(353): CodeIgniter\CodeIgniter->handleRequest(null, Object(Config\Cache), false)
 4 FCPATH/index.php(79): CodeIgniter\CodeIgniter->run()
 5 /Applications/Herd.app/Contents/Resources/valet/server.php(167): require('/Users/mac/Herd/cilspace/public/index.php')
INFO - 2025-02-20 22:55:32 --> Session: Class initialized using 'CodeIgniter\Session\Handlers\FileHandler' driver.
WARNING - 2025-02-20 22:55:32 --> [DEPRECATED] Creation of dynamic property Modul\Penjualan\Controllers\Penjualan::$penjualan is deprecated in ROOTPATH/modul/Penjualan/Controllers/Penjualan.php on line 20.
 1 SYSTEMPATH/CodeIgniter.php(891): Modul\Penjualan\Controllers\Penjualan->__construct()
 2 SYSTEMPATH/CodeIgniter.php(485): CodeIgniter\CodeIgniter->createController()
 3 SYSTEMPATH/CodeIgniter.php(353): CodeIgniter\CodeIgniter->handleRequest(null, Object(Config\Cache), false)
 4 FCPATH/index.php(79): CodeIgniter\CodeIgniter->run()
 5 /Applications/Herd.app/Contents/Resources/valet/server.php(167): require('/Users/mac/Herd/cilspace/public/index.php')
WARNING - 2025-02-20 22:55:32 --> [DEPRECATED] Creation of dynamic property Modul\Penjualan\Controllers\Penjualan::$session is deprecated in APPPATH/Controllers/BaseController.php on line 59.
 1 SYSTEMPATH/CodeIgniter.php(892): App\Controllers\BaseController->initController(Object(CodeIgniter\HTTP\IncomingRequest), Object(CodeIgniter\HTTP\Response), Object(CodeIgniter\Log\Logger))
 2 SYSTEMPATH/CodeIgniter.php(485): CodeIgniter\CodeIgniter->createController()
 3 SYSTEMPATH/CodeIgniter.php(353): CodeIgniter\CodeIgniter->handleRequest(null, Object(Config\Cache), false)
 4 FCPATH/index.php(79): CodeIgniter\CodeIgniter->run()
 5 /Applications/Herd.app/Contents/Resources/valet/server.php(167): require('/Users/mac/Herd/cilspace/public/index.php')
WARNING - 2025-02-20 22:55:32 --> [DEPRECATED] Creation of dynamic property Modul\Penjualan\Controllers\Penjualan::$validation is deprecated in APPPATH/Controllers/BaseController.php on line 60.
 1 SYSTEMPATH/CodeIgniter.php(892): App\Controllers\BaseController->initController(Object(CodeIgniter\HTTP\IncomingRequest), Object(CodeIgniter\HTTP\Response), Object(CodeIgniter\Log\Logger))
 2 SYSTEMPATH/CodeIgniter.php(485): CodeIgniter\CodeIgniter->createController()
 3 SYSTEMPATH/CodeIgniter.php(353): CodeIgniter\CodeIgniter->handleRequest(null, Object(Config\Cache), false)
 4 FCPATH/index.php(79): CodeIgniter\CodeIgniter->run()
 5 /Applications/Herd.app/Contents/Resources/valet/server.php(167): require('/Users/mac/Herd/cilspace/public/index.php')
WARNING - 2025-02-20 22:55:32 --> [DEPRECATED] Creation of dynamic property Modul\Penjualan\Controllers\Penjualan::$db is deprecated in APPPATH/Controllers/BaseController.php on line 62.
 1 SYSTEMPATH/CodeIgniter.php(892): App\Controllers\BaseController->initController(Object(CodeIgniter\HTTP\IncomingRequest), Object(CodeIgniter\HTTP\Response), Object(CodeIgniter\Log\Logger))
 2 SYSTEMPATH/CodeIgniter.php(485): CodeIgniter\CodeIgniter->createController()
 3 SYSTEMPATH/CodeIgniter.php(353): CodeIgniter\CodeIgniter->handleRequest(null, Object(Config\Cache), false)
 4 FCPATH/index.php(79): CodeIgniter\CodeIgniter->run()
 5 /Applications/Herd.app/Contents/Resources/valet/server.php(167): require('/Users/mac/Herd/cilspace/public/index.php')
WARNING - 2025-02-20 22:55:32 --> [DEPRECATED] Creation of dynamic property Modul\Penjualan\Controllers\Penjualan::$uri is deprecated in APPPATH/Controllers/BaseController.php on line 63.
 1 SYSTEMPATH/CodeIgniter.php(892): App\Controllers\BaseController->initController(Object(CodeIgniter\HTTP\IncomingRequest), Object(CodeIgniter\HTTP\Response), Object(CodeIgniter\Log\Logger))
 2 SYSTEMPATH/CodeIgniter.php(485): CodeIgniter\CodeIgniter->createController()
 3 SYSTEMPATH/CodeIgniter.php(353): CodeIgniter\CodeIgniter->handleRequest(null, Object(Config\Cache), false)
 4 FCPATH/index.php(79): CodeIgniter\CodeIgniter->run()
 5 /Applications/Herd.app/Contents/Resources/valet/server.php(167): require('/Users/mac/Herd/cilspace/public/index.php')
WARNING - 2025-02-20 22:55:32 --> [DEPRECATED] Creation of dynamic property Modul\Penjualan\Controllers\Penjualan::$pager is deprecated in APPPATH/Controllers/BaseController.php on line 64.
 1 SYSTEMPATH/CodeIgniter.php(892): App\Controllers\BaseController->initController(Object(CodeIgniter\HTTP\IncomingRequest), Object(CodeIgniter\HTTP\Response), Object(CodeIgniter\Log\Logger))
 2 SYSTEMPATH/CodeIgniter.php(485): CodeIgniter\CodeIgniter->createController()
 3 SYSTEMPATH/CodeIgniter.php(353): CodeIgniter\CodeIgniter->handleRequest(null, Object(Config\Cache), false)
 4 FCPATH/index.php(79): CodeIgniter\CodeIgniter->run()
 5 /Applications/Herd.app/Contents/Resources/valet/server.php(167): require('/Users/mac/Herd/cilspace/public/index.php')
WARNING - 2025-02-20 22:55:35 --> [DEPRECATED] Creation of dynamic property Modul\Kasir\Controllers\Kasir::$penjualan is deprecated in ROOTPATH/modul/Kasir/Controllers/Kasir.php on line 25.
 1 SYSTEMPATH/CodeIgniter.php(891): Modul\Kasir\Controllers\Kasir->__construct()
 2 SYSTEMPATH/CodeIgniter.php(485): CodeIgniter\CodeIgniter->createController()
 3 SYSTEMPATH/CodeIgniter.php(353): CodeIgniter\CodeIgniter->handleRequest(null, Object(Config\Cache), false)
 4 FCPATH/index.php(79): CodeIgniter\CodeIgniter->run()
 5 /Applications/Herd.app/Contents/Resources/valet/server.php(167): require('/Users/mac/Herd/cilspace/public/index.php')
WARNING - 2025-02-20 22:55:35 --> [DEPRECATED] Creation of dynamic property Modul\Kasir\Controllers\Kasir::$user is deprecated in ROOTPATH/modul/Kasir/Controllers/Kasir.php on line 26.
 1 SYSTEMPATH/CodeIgniter.php(891): Modul\Kasir\Controllers\Kasir->__construct()
 2 SYSTEMPATH/CodeIgniter.php(485): CodeIgniter\CodeIgniter->createController()
 3 SYSTEMPATH/CodeIgniter.php(353): CodeIgniter\CodeIgniter->handleRequest(null, Object(Config\Cache), false)
 4 FCPATH/index.php(79): CodeIgniter\CodeIgniter->run()
 5 /Applications/Herd.app/Contents/Resources/valet/server.php(167): require('/Users/mac/Herd/cilspace/public/index.php')
WARNING - 2025-02-20 22:55:35 --> [DEPRECATED] Creation of dynamic property Modul\Kasir\Controllers\Kasir::$detail is deprecated in ROOTPATH/modul/Kasir/Controllers/Kasir.php on line 27.
 1 SYSTEMPATH/CodeIgniter.php(891): Modul\Kasir\Controllers\Kasir->__construct()
 2 SYSTEMPATH/CodeIgniter.php(485): CodeIgniter\CodeIgniter->createController()
 3 SYSTEMPATH/CodeIgniter.php(353): CodeIgniter\CodeIgniter->handleRequest(null, Object(Config\Cache), false)
 4 FCPATH/index.php(79): CodeIgniter\CodeIgniter->run()
 5 /Applications/Herd.app/Contents/Resources/valet/server.php(167): require('/Users/mac/Herd/cilspace/public/index.php')
INFO - 2025-02-20 22:55:35 --> Session: Class initialized using 'CodeIgniter\Session\Handlers\FileHandler' driver.
WARNING - 2025-02-20 22:55:35 --> [DEPRECATED] Creation of dynamic property Modul\Kasir\Controllers\Kasir::$session is deprecated in ROOTPATH/modul/Kasir/Controllers/Kasir.php on line 30.
 1 SYSTEMPATH/CodeIgniter.php(891): Modul\Kasir\Controllers\Kasir->__construct()
 2 SYSTEMPATH/CodeIgniter.php(485): CodeIgniter\CodeIgniter->createController()
 3 SYSTEMPATH/CodeIgniter.php(353): CodeIgniter\CodeIgniter->handleRequest(null, Object(Config\Cache), false)
 4 FCPATH/index.php(79): CodeIgniter\CodeIgniter->run()
 5 /Applications/Herd.app/Contents/Resources/valet/server.php(167): require('/Users/mac/Herd/cilspace/public/index.php')
WARNING - 2025-02-20 22:55:35 --> [DEPRECATED] Creation of dynamic property Modul\Kasir\Controllers\Kasir::$db is deprecated in ROOTPATH/modul/Kasir/Controllers/Kasir.php on line 31.
 1 SYSTEMPATH/CodeIgniter.php(891): Modul\Kasir\Controllers\Kasir->__construct()
 2 SYSTEMPATH/CodeIgniter.php(485): CodeIgniter\CodeIgniter->createController()
 3 SYSTEMPATH/CodeIgniter.php(353): CodeIgniter\CodeIgniter->handleRequest(null, Object(Config\Cache), false)
 4 FCPATH/index.php(79): CodeIgniter\CodeIgniter->run()
 5 /Applications/Herd.app/Contents/Resources/valet/server.php(167): require('/Users/mac/Herd/cilspace/public/index.php')
WARNING - 2025-02-20 22:55:35 --> [DEPRECATED] Creation of dynamic property Modul\Kasir\Controllers\Kasir::$validation is deprecated in APPPATH/Controllers/BaseController.php on line 60.
 1 SYSTEMPATH/CodeIgniter.php(892): App\Controllers\BaseController->initController(Object(CodeIgniter\HTTP\IncomingRequest), Object(CodeIgniter\HTTP\Response), Object(CodeIgniter\Log\Logger))
 2 SYSTEMPATH/CodeIgniter.php(485): CodeIgniter\CodeIgniter->createController()
 3 SYSTEMPATH/CodeIgniter.php(353): CodeIgniter\CodeIgniter->handleRequest(null, Object(Config\Cache), false)
 4 FCPATH/index.php(79): CodeIgniter\CodeIgniter->run()
 5 /Applications/Herd.app/Contents/Resources/valet/server.php(167): require('/Users/mac/Herd/cilspace/public/index.php')
WARNING - 2025-02-20 22:55:35 --> [DEPRECATED] Creation of dynamic property Modul\Kasir\Controllers\Kasir::$uri is deprecated in APPPATH/Controllers/BaseController.php on line 63.
 1 SYSTEMPATH/CodeIgniter.php(892): App\Controllers\BaseController->initController(Object(CodeIgniter\HTTP\IncomingRequest), Object(CodeIgniter\HTTP\Response), Object(CodeIgniter\Log\Logger))
 2 SYSTEMPATH/CodeIgniter.php(485): CodeIgniter\CodeIgniter->createController()
 3 SYSTEMPATH/CodeIgniter.php(353): CodeIgniter\CodeIgniter->handleRequest(null, Object(Config\Cache), false)
 4 FCPATH/index.php(79): CodeIgniter\CodeIgniter->run()
 5 /Applications/Herd.app/Contents/Resources/valet/server.php(167): require('/Users/mac/Herd/cilspace/public/index.php')
WARNING - 2025-02-20 22:55:35 --> [DEPRECATED] Creation of dynamic property Modul\Kasir\Controllers\Kasir::$pager is deprecated in APPPATH/Controllers/BaseController.php on line 64.
 1 SYSTEMPATH/CodeIgniter.php(892): App\Controllers\BaseController->initController(Object(CodeIgniter\HTTP\IncomingRequest), Object(CodeIgniter\HTTP\Response), Object(CodeIgniter\Log\Logger))
 2 SYSTEMPATH/CodeIgniter.php(485): CodeIgniter\CodeIgniter->createController()
 3 SYSTEMPATH/CodeIgniter.php(353): CodeIgniter\CodeIgniter->handleRequest(null, Object(Config\Cache), false)
 4 FCPATH/index.php(79): CodeIgniter\CodeIgniter->run()
 5 /Applications/Herd.app/Contents/Resources/valet/server.php(167): require('/Users/mac/Herd/cilspace/public/index.php')
WARNING - 2025-02-20 22:55:35 --> [DEPRECATED] Creation of dynamic property CodeIgniter\View\View::$session is deprecated in ROOTPATH/modul/Kasir/Views/viewStruk.php on line 7.
 1 SYSTEMPATH/View/View.php(226): include('/Users/mac/Herd/cilspace/modul/Kasir/Views/viewStruk.php')
 2 SYSTEMPATH/View/View.php(229): CodeIgniter\View\View->CodeIgniter\View\{closure}()
 3 SYSTEMPATH/Common.php(1188): CodeIgniter\View\View->render('Modul\\Kasir\\Views\\viewStruk', [], true)
 4 ROOTPATH/modul/Kasir/Controllers/Kasir.php(568): view('Modul\\Kasir\\Views\\viewStruk', [...])
 5 SYSTEMPATH/CodeIgniter.php(919): Modul\Kasir\Controllers\Kasir->struk('7')
 6 SYSTEMPATH/CodeIgniter.php(494): CodeIgniter\CodeIgniter->runController(Object(Modul\Kasir\Controllers\Kasir))
 7 SYSTEMPATH/CodeIgniter.php(353): CodeIgniter\CodeIgniter->handleRequest(null, Object(Config\Cache), false)
 8 FCPATH/index.php(79): CodeIgniter\CodeIgniter->run()
 9 /Applications/Herd.app/Contents/Resources/valet/server.php(167): require('/Users/mac/Herd/cilspace/public/index.php')
WARNING - 2025-02-20 22:55:35 --> [DEPRECATED] number_format(): Passing null to parameter #1 ($num) of type float is deprecated in ROOTPATH/modul/Kasir/Views/viewStruk.php on line 93.
 1 ROOTPATH/modul/Kasir/Views/viewStruk.php(93): number_format(null)
 2 SYSTEMPATH/View/View.php(226): include('/Users/mac/Herd/cilspace/modul/Kasir/Views/viewStruk.php')
 3 SYSTEMPATH/View/View.php(229): CodeIgniter\View\View->CodeIgniter\View\{closure}()
 4 SYSTEMPATH/Common.php(1188): CodeIgniter\View\View->render('Modul\\Kasir\\Views\\viewStruk', [], true)
 5 ROOTPATH/modul/Kasir/Controllers/Kasir.php(568): view('Modul\\Kasir\\Views\\viewStruk', [...])
 6 SYSTEMPATH/CodeIgniter.php(919): Modul\Kasir\Controllers\Kasir->struk('7')
 7 SYSTEMPATH/CodeIgniter.php(494): CodeIgniter\CodeIgniter->runController(Object(Modul\Kasir\Controllers\Kasir))
 8 SYSTEMPATH/CodeIgniter.php(353): CodeIgniter\CodeIgniter->handleRequest(null, Object(Config\Cache), false)
 9 FCPATH/index.php(79): CodeIgniter\CodeIgniter->run()
10 /Applications/Herd.app/Contents/Resources/valet/server.php(167): require('/Users/mac/Herd/cilspace/public/index.php')
