INFO - 2025-01-06 13:26:30 --> Session: Class initialized using 'CodeIgniter\Session\Handlers\FileHandler' driver.
WARNING - 2025-01-06 13:26:30 --> [DEPRECATED] Creation of dynamic property Modul\Login\Controllers\Login::$session is deprecated in APPPATH/Controllers/BaseController.php on line 59.
 1 SYSTEMPATH/CodeIgniter.php(892): App\Controllers\BaseController->initController(Object(CodeIgniter\HTTP\IncomingRequest), Object(CodeIgniter\HTTP\Response), Object(CodeIgniter\Log\Logger))
 2 SYSTEMPATH/CodeIgniter.php(485): CodeIgniter\CodeIgniter->createController()
 3 SYSTEMPATH/CodeIgniter.php(353): CodeIgniter\CodeIgniter->handleRequest(null, Object(Config\Cache), false)
 4 FCPATH/index.php(79): CodeIgniter\CodeIgniter->run()
 5 /Applications/Herd.app/Contents/Resources/valet/server.php(167): require('/Users/mac/Herd/cilspace/public/index.php')
WARNING - 2025-01-06 13:26:30 --> [DEPRECATED] Creation of dynamic property Modul\Login\Controllers\Login::$validation is deprecated in APPPATH/Controllers/BaseController.php on line 60.
 1 SYSTEMPATH/CodeIgniter.php(892): App\Controllers\BaseController->initController(Object(CodeIgniter\HTTP\IncomingRequest), Object(CodeIgniter\HTTP\Response), Object(CodeIgniter\Log\Logger))
 2 SYSTEMPATH/CodeIgniter.php(485): CodeIgniter\CodeIgniter->createController()
 3 SYSTEMPATH/CodeIgniter.php(353): CodeIgniter\CodeIgniter->handleRequest(null, Object(Config\Cache), false)
 4 FCPATH/index.php(79): CodeIgniter\CodeIgniter->run()
 5 /Applications/Herd.app/Contents/Resources/valet/server.php(167): require('/Users/mac/Herd/cilspace/public/index.php')
WARNING - 2025-01-06 13:26:30 --> [DEPRECATED] Creation of dynamic property Modul\Login\Controllers\Login::$db is deprecated in APPPATH/Controllers/BaseController.php on line 62.
 1 SYSTEMPATH/CodeIgniter.php(892): App\Controllers\BaseController->initController(Object(CodeIgniter\HTTP\IncomingRequest), Object(CodeIgniter\HTTP\Response), Object(CodeIgniter\Log\Logger))
 2 SYSTEMPATH/CodeIgniter.php(485): CodeIgniter\CodeIgniter->createController()
 3 SYSTEMPATH/CodeIgniter.php(353): CodeIgniter\CodeIgniter->handleRequest(null, Object(Config\Cache), false)
 4 FCPATH/index.php(79): CodeIgniter\CodeIgniter->run()
 5 /Applications/Herd.app/Contents/Resources/valet/server.php(167): require('/Users/mac/Herd/cilspace/public/index.php')
WARNING - 2025-01-06 13:26:30 --> [DEPRECATED] Creation of dynamic property Modul\Login\Controllers\Login::$uri is deprecated in APPPATH/Controllers/BaseController.php on line 63.
 1 SYSTEMPATH/CodeIgniter.php(892): App\Controllers\BaseController->initController(Object(CodeIgniter\HTTP\IncomingRequest), Object(CodeIgniter\HTTP\Response), Object(CodeIgniter\Log\Logger))
 2 SYSTEMPATH/CodeIgniter.php(485): CodeIgniter\CodeIgniter->createController()
 3 SYSTEMPATH/CodeIgniter.php(353): CodeIgniter\CodeIgniter->handleRequest(null, Object(Config\Cache), false)
 4 FCPATH/index.php(79): CodeIgniter\CodeIgniter->run()
 5 /Applications/Herd.app/Contents/Resources/valet/server.php(167): require('/Users/mac/Herd/cilspace/public/index.php')
WARNING - 2025-01-06 13:26:30 --> [DEPRECATED] Creation of dynamic property Modul\Login\Controllers\Login::$pager is deprecated in APPPATH/Controllers/BaseController.php on line 64.
 1 SYSTEMPATH/CodeIgniter.php(892): App\Controllers\BaseController->initController(Object(CodeIgniter\HTTP\IncomingRequest), Object(CodeIgniter\HTTP\Response), Object(CodeIgniter\Log\Logger))
 2 SYSTEMPATH/CodeIgniter.php(485): CodeIgniter\CodeIgniter->createController()
 3 SYSTEMPATH/CodeIgniter.php(353): CodeIgniter\CodeIgniter->handleRequest(null, Object(Config\Cache), false)
 4 FCPATH/index.php(79): CodeIgniter\CodeIgniter->run()
 5 /Applications/Herd.app/Contents/Resources/valet/server.php(167): require('/Users/mac/Herd/cilspace/public/index.php')
INFO - 2025-01-06 13:32:22 --> Session: Class initialized using 'CodeIgniter\Session\Handlers\FileHandler' driver.
WARNING - 2025-01-06 13:32:22 --> [DEPRECATED] Creation of dynamic property Modul\Login\Controllers\Login::$session is deprecated in APPPATH/Controllers/BaseController.php on line 59.
 1 SYSTEMPATH/CodeIgniter.php(892): App\Controllers\BaseController->initController(Object(CodeIgniter\HTTP\IncomingRequest), Object(CodeIgniter\HTTP\Response), Object(CodeIgniter\Log\Logger))
 2 SYSTEMPATH/CodeIgniter.php(485): CodeIgniter\CodeIgniter->createController()
 3 SYSTEMPATH/CodeIgniter.php(353): CodeIgniter\CodeIgniter->handleRequest(null, Object(Config\Cache), false)
 4 FCPATH/index.php(79): CodeIgniter\CodeIgniter->run()
 5 /Applications/Herd.app/Contents/Resources/valet/server.php(167): require('/Users/mac/Herd/cilspace/public/index.php')
WARNING - 2025-01-06 13:32:22 --> [DEPRECATED] Creation of dynamic property Modul\Login\Controllers\Login::$validation is deprecated in APPPATH/Controllers/BaseController.php on line 60.
 1 SYSTEMPATH/CodeIgniter.php(892): App\Controllers\BaseController->initController(Object(CodeIgniter\HTTP\IncomingRequest), Object(CodeIgniter\HTTP\Response), Object(CodeIgniter\Log\Logger))
 2 SYSTEMPATH/CodeIgniter.php(485): CodeIgniter\CodeIgniter->createController()
 3 SYSTEMPATH/CodeIgniter.php(353): CodeIgniter\CodeIgniter->handleRequest(null, Object(Config\Cache), false)
 4 FCPATH/index.php(79): CodeIgniter\CodeIgniter->run()
 5 /Applications/Herd.app/Contents/Resources/valet/server.php(167): require('/Users/mac/Herd/cilspace/public/index.php')
WARNING - 2025-01-06 13:32:22 --> [DEPRECATED] Creation of dynamic property Modul\Login\Controllers\Login::$db is deprecated in APPPATH/Controllers/BaseController.php on line 62.
 1 SYSTEMPATH/CodeIgniter.php(892): App\Controllers\BaseController->initController(Object(CodeIgniter\HTTP\IncomingRequest), Object(CodeIgniter\HTTP\Response), Object(CodeIgniter\Log\Logger))
 2 SYSTEMPATH/CodeIgniter.php(485): CodeIgniter\CodeIgniter->createController()
 3 SYSTEMPATH/CodeIgniter.php(353): CodeIgniter\CodeIgniter->handleRequest(null, Object(Config\Cache), false)
 4 FCPATH/index.php(79): CodeIgniter\CodeIgniter->run()
 5 /Applications/Herd.app/Contents/Resources/valet/server.php(167): require('/Users/mac/Herd/cilspace/public/index.php')
WARNING - 2025-01-06 13:32:22 --> [DEPRECATED] Creation of dynamic property Modul\Login\Controllers\Login::$uri is deprecated in APPPATH/Controllers/BaseController.php on line 63.
 1 SYSTEMPATH/CodeIgniter.php(892): App\Controllers\BaseController->initController(Object(CodeIgniter\HTTP\IncomingRequest), Object(CodeIgniter\HTTP\Response), Object(CodeIgniter\Log\Logger))
 2 SYSTEMPATH/CodeIgniter.php(485): CodeIgniter\CodeIgniter->createController()
 3 SYSTEMPATH/CodeIgniter.php(353): CodeIgniter\CodeIgniter->handleRequest(null, Object(Config\Cache), false)
 4 FCPATH/index.php(79): CodeIgniter\CodeIgniter->run()
 5 /Applications/Herd.app/Contents/Resources/valet/server.php(167): require('/Users/mac/Herd/cilspace/public/index.php')
WARNING - 2025-01-06 13:32:22 --> [DEPRECATED] Creation of dynamic property Modul\Login\Controllers\Login::$pager is deprecated in APPPATH/Controllers/BaseController.php on line 64.
 1 SYSTEMPATH/CodeIgniter.php(892): App\Controllers\BaseController->initController(Object(CodeIgniter\HTTP\IncomingRequest), Object(CodeIgniter\HTTP\Response), Object(CodeIgniter\Log\Logger))
 2 SYSTEMPATH/CodeIgniter.php(485): CodeIgniter\CodeIgniter->createController()
 3 SYSTEMPATH/CodeIgniter.php(353): CodeIgniter\CodeIgniter->handleRequest(null, Object(Config\Cache), false)
 4 FCPATH/index.php(79): CodeIgniter\CodeIgniter->run()
 5 /Applications/Herd.app/Contents/Resources/valet/server.php(167): require('/Users/mac/Herd/cilspace/public/index.php')
INFO - 2025-01-06 13:35:33 --> Session: Class initialized using 'CodeIgniter\Session\Handlers\FileHandler' driver.
WARNING - 2025-01-06 13:35:33 --> [DEPRECATED] Creation of dynamic property Modul\Login\Controllers\Login::$session is deprecated in APPPATH/Controllers/BaseController.php on line 59.
 1 SYSTEMPATH/CodeIgniter.php(892): App\Controllers\BaseController->initController(Object(CodeIgniter\HTTP\IncomingRequest), Object(CodeIgniter\HTTP\Response), Object(CodeIgniter\Log\Logger))
 2 SYSTEMPATH/CodeIgniter.php(485): CodeIgniter\CodeIgniter->createController()
 3 SYSTEMPATH/CodeIgniter.php(353): CodeIgniter\CodeIgniter->handleRequest(null, Object(Config\Cache), false)
 4 FCPATH/index.php(79): CodeIgniter\CodeIgniter->run()
 5 /Applications/Herd.app/Contents/Resources/valet/server.php(167): require('/Users/mac/Herd/cilspace/public/index.php')
WARNING - 2025-01-06 13:35:33 --> [DEPRECATED] Creation of dynamic property Modul\Login\Controllers\Login::$validation is deprecated in APPPATH/Controllers/BaseController.php on line 60.
 1 SYSTEMPATH/CodeIgniter.php(892): App\Controllers\BaseController->initController(Object(CodeIgniter\HTTP\IncomingRequest), Object(CodeIgniter\HTTP\Response), Object(CodeIgniter\Log\Logger))
 2 SYSTEMPATH/CodeIgniter.php(485): CodeIgniter\CodeIgniter->createController()
 3 SYSTEMPATH/CodeIgniter.php(353): CodeIgniter\CodeIgniter->handleRequest(null, Object(Config\Cache), false)
 4 FCPATH/index.php(79): CodeIgniter\CodeIgniter->run()
 5 /Applications/Herd.app/Contents/Resources/valet/server.php(167): require('/Users/mac/Herd/cilspace/public/index.php')
WARNING - 2025-01-06 13:35:33 --> [DEPRECATED] Creation of dynamic property Modul\Login\Controllers\Login::$db is deprecated in APPPATH/Controllers/BaseController.php on line 62.
 1 SYSTEMPATH/CodeIgniter.php(892): App\Controllers\BaseController->initController(Object(CodeIgniter\HTTP\IncomingRequest), Object(CodeIgniter\HTTP\Response), Object(CodeIgniter\Log\Logger))
 2 SYSTEMPATH/CodeIgniter.php(485): CodeIgniter\CodeIgniter->createController()
 3 SYSTEMPATH/CodeIgniter.php(353): CodeIgniter\CodeIgniter->handleRequest(null, Object(Config\Cache), false)
 4 FCPATH/index.php(79): CodeIgniter\CodeIgniter->run()
 5 /Applications/Herd.app/Contents/Resources/valet/server.php(167): require('/Users/mac/Herd/cilspace/public/index.php')
WARNING - 2025-01-06 13:35:33 --> [DEPRECATED] Creation of dynamic property Modul\Login\Controllers\Login::$uri is deprecated in APPPATH/Controllers/BaseController.php on line 63.
 1 SYSTEMPATH/CodeIgniter.php(892): App\Controllers\BaseController->initController(Object(CodeIgniter\HTTP\IncomingRequest), Object(CodeIgniter\HTTP\Response), Object(CodeIgniter\Log\Logger))
 2 SYSTEMPATH/CodeIgniter.php(485): CodeIgniter\CodeIgniter->createController()
 3 SYSTEMPATH/CodeIgniter.php(353): CodeIgniter\CodeIgniter->handleRequest(null, Object(Config\Cache), false)
 4 FCPATH/index.php(79): CodeIgniter\CodeIgniter->run()
 5 /Applications/Herd.app/Contents/Resources/valet/server.php(167): require('/Users/mac/Herd/cilspace/public/index.php')
WARNING - 2025-01-06 13:35:33 --> [DEPRECATED] Creation of dynamic property Modul\Login\Controllers\Login::$pager is deprecated in APPPATH/Controllers/BaseController.php on line 64.
 1 SYSTEMPATH/CodeIgniter.php(892): App\Controllers\BaseController->initController(Object(CodeIgniter\HTTP\IncomingRequest), Object(CodeIgniter\HTTP\Response), Object(CodeIgniter\Log\Logger))
 2 SYSTEMPATH/CodeIgniter.php(485): CodeIgniter\CodeIgniter->createController()
 3 SYSTEMPATH/CodeIgniter.php(353): CodeIgniter\CodeIgniter->handleRequest(null, Object(Config\Cache), false)
 4 FCPATH/index.php(79): CodeIgniter\CodeIgniter->run()
 5 /Applications/Herd.app/Contents/Resources/valet/server.php(167): require('/Users/mac/Herd/cilspace/public/index.php')
INFO - 2025-01-06 20:27:35 --> Session: Class initialized using 'CodeIgniter\Session\Handlers\FileHandler' driver.
WARNING - 2025-01-06 20:27:35 --> [DEPRECATED] Creation of dynamic property Modul\Login\Controllers\Login::$session is deprecated in APPPATH/Controllers/BaseController.php on line 59.
 1 SYSTEMPATH/CodeIgniter.php(892): App\Controllers\BaseController->initController(Object(CodeIgniter\HTTP\IncomingRequest), Object(CodeIgniter\HTTP\Response), Object(CodeIgniter\Log\Logger))
 2 SYSTEMPATH/CodeIgniter.php(485): CodeIgniter\CodeIgniter->createController()
 3 SYSTEMPATH/CodeIgniter.php(353): CodeIgniter\CodeIgniter->handleRequest(null, Object(Config\Cache), false)
 4 FCPATH/index.php(79): CodeIgniter\CodeIgniter->run()
 5 /Applications/Herd.app/Contents/Resources/valet/server.php(167): require('/Users/mac/Herd/cilspace/public/index.php')
WARNING - 2025-01-06 20:27:36 --> [DEPRECATED] Creation of dynamic property Modul\Login\Controllers\Login::$validation is deprecated in APPPATH/Controllers/BaseController.php on line 60.
 1 SYSTEMPATH/CodeIgniter.php(892): App\Controllers\BaseController->initController(Object(CodeIgniter\HTTP\IncomingRequest), Object(CodeIgniter\HTTP\Response), Object(CodeIgniter\Log\Logger))
 2 SYSTEMPATH/CodeIgniter.php(485): CodeIgniter\CodeIgniter->createController()
 3 SYSTEMPATH/CodeIgniter.php(353): CodeIgniter\CodeIgniter->handleRequest(null, Object(Config\Cache), false)
 4 FCPATH/index.php(79): CodeIgniter\CodeIgniter->run()
 5 /Applications/Herd.app/Contents/Resources/valet/server.php(167): require('/Users/mac/Herd/cilspace/public/index.php')
WARNING - 2025-01-06 20:27:36 --> [DEPRECATED] Creation of dynamic property Modul\Login\Controllers\Login::$db is deprecated in APPPATH/Controllers/BaseController.php on line 62.
 1 SYSTEMPATH/CodeIgniter.php(892): App\Controllers\BaseController->initController(Object(CodeIgniter\HTTP\IncomingRequest), Object(CodeIgniter\HTTP\Response), Object(CodeIgniter\Log\Logger))
 2 SYSTEMPATH/CodeIgniter.php(485): CodeIgniter\CodeIgniter->createController()
 3 SYSTEMPATH/CodeIgniter.php(353): CodeIgniter\CodeIgniter->handleRequest(null, Object(Config\Cache), false)
 4 FCPATH/index.php(79): CodeIgniter\CodeIgniter->run()
 5 /Applications/Herd.app/Contents/Resources/valet/server.php(167): require('/Users/mac/Herd/cilspace/public/index.php')
WARNING - 2025-01-06 20:27:36 --> [DEPRECATED] Creation of dynamic property Modul\Login\Controllers\Login::$uri is deprecated in APPPATH/Controllers/BaseController.php on line 63.
 1 SYSTEMPATH/CodeIgniter.php(892): App\Controllers\BaseController->initController(Object(CodeIgniter\HTTP\IncomingRequest), Object(CodeIgniter\HTTP\Response), Object(CodeIgniter\Log\Logger))
 2 SYSTEMPATH/CodeIgniter.php(485): CodeIgniter\CodeIgniter->createController()
 3 SYSTEMPATH/CodeIgniter.php(353): CodeIgniter\CodeIgniter->handleRequest(null, Object(Config\Cache), false)
 4 FCPATH/index.php(79): CodeIgniter\CodeIgniter->run()
 5 /Applications/Herd.app/Contents/Resources/valet/server.php(167): require('/Users/mac/Herd/cilspace/public/index.php')
WARNING - 2025-01-06 20:27:36 --> [DEPRECATED] Creation of dynamic property Modul\Login\Controllers\Login::$pager is deprecated in APPPATH/Controllers/BaseController.php on line 64.
 1 SYSTEMPATH/CodeIgniter.php(892): App\Controllers\BaseController->initController(Object(CodeIgniter\HTTP\IncomingRequest), Object(CodeIgniter\HTTP\Response), Object(CodeIgniter\Log\Logger))
 2 SYSTEMPATH/CodeIgniter.php(485): CodeIgniter\CodeIgniter->createController()
 3 SYSTEMPATH/CodeIgniter.php(353): CodeIgniter\CodeIgniter->handleRequest(null, Object(Config\Cache), false)
 4 FCPATH/index.php(79): CodeIgniter\CodeIgniter->run()
 5 /Applications/Herd.app/Contents/Resources/valet/server.php(167): require('/Users/mac/Herd/cilspace/public/index.php')
